2025-05-07 09:20:57,991 [INFO] WebApp:190 - Connection lost
2025-05-07 09:21:09,589 [INFO] WebApp:187 - Connection restablished
2025-05-07 09:37:48,718 [INFO] Gpio:277 - dependency for GPIO [I2C1]
2025-05-07 09:39:43,223 [INFO] Gpio:277 - dependency for GPIO [I2C1]
2025-05-07 09:40:00,097 [INFO] UtilMem:75 - End SaveConfig() Used Memory: 704621584 Bytes (1073741824)
2025-05-07 09:40:33,906 [INFO] UtilMem:75 - End SaveConfig() Used Memory: 864055296 Bytes (1073741824)
2025-05-07 09:40:35,051 [INFO] BlockDiagram:2766 - set Specific Code input for plugin: NVIC
2025-05-07 09:40:35,052 [INFO] BlockDiagram:2766 - set Specific Code input for plugin: SYS
2025-05-07 09:40:35,053 [INFO] BlockDiagram:2766 - set Specific Code input for plugin: GPIO
2025-05-07 09:40:35,053 [INFO] BlockDiagram:2766 - set Specific Code input for plugin: RCC
2025-05-07 09:40:35,053 [INFO] BlockDiagram:2766 - set Specific Code input for plugin: I2C
2025-05-07 09:40:35,055 [INFO] CodeGenerator:896 - code generatio: config db path: C:\ST\STM32CubeIDE_1.17.0\STM32CubeIDE\plugins\com.st.stm32cube.common.mx_6.13.0.202411220809\\db\
2025-05-07 09:40:35,438 [INFO] CodeEngine:255 - oldGeneratedFile, C:\Users\Assar\Documents\GitHub\Exjobb\STM32L431\I2C-com\MXTmpFiles\license.tmp_save
2025-05-07 09:40:36,142 [INFO] CodeEngine:279 - Generated code: C:\Users\Assar\Documents\GitHub\Exjobb\STM32L431\I2C-com\MXTmpFiles\license.tmp
2025-05-07 09:40:36,326 [INFO] CodeEngine:255 - oldGeneratedFile, C:\Users\Assar\Documents\GitHub\Exjobb\STM32L431\I2C-com\MXTmpFiles\gpio.tmp_save
2025-05-07 09:40:36,766 [INFO] CodeEngine:279 - Generated code: C:\Users\Assar\Documents\GitHub\Exjobb\STM32L431\I2C-com\MXTmpFiles\gpio.tmp
2025-05-07 09:40:37,257 [INFO] CodeEngine:255 - oldGeneratedFile, C:\Users\Assar\Documents\GitHub\Exjobb\STM32L431\I2C-com\Core\Src\stm32l4xx_it.c_save
2025-05-07 09:40:37,899 [INFO] CodeEngine:279 - Generated code: C:\Users\Assar\Documents\GitHub\Exjobb\STM32L431\I2C-com\Core\Src\stm32l4xx_it.c
2025-05-07 09:40:37,944 [INFO] CodeEngine:255 - oldGeneratedFile, C:\Users\Assar\Documents\GitHub\Exjobb\STM32L431\I2C-com\Core\Inc\stm32l4xx_it.h_save
2025-05-07 09:40:38,130 [INFO] CodeEngine:279 - Generated code: C:\Users\Assar\Documents\GitHub\Exjobb\STM32L431\I2C-com\Core\Inc\stm32l4xx_it.h
2025-05-07 09:40:38,206 [INFO] CodeEngine:255 - oldGeneratedFile, C:\Users\Assar\Documents\GitHub\Exjobb\STM32L431\I2C-com\Core\Src\stm32l4xx_hal_msp.c_save
2025-05-07 09:40:38,516 [INFO] CodeEngine:279 - Generated code: C:\Users\Assar\Documents\GitHub\Exjobb\STM32L431\I2C-com\Core\Src\stm32l4xx_hal_msp.c
2025-05-07 09:40:38,549 [INFO] CodeEngine:255 - oldGeneratedFile, C:\Users\Assar\Documents\GitHub\Exjobb\STM32L431\I2C-com\MXTmpFiles\system.tmp_save
2025-05-07 09:40:38,684 [INFO] CodeEngine:279 - Generated code: C:\Users\Assar\Documents\GitHub\Exjobb\STM32L431\I2C-com\MXTmpFiles\system.tmp
2025-05-07 09:40:38,761 [INFO] CodeEngine:311 - oldGeneratedFile, C:\Users\Assar\Documents\GitHub\Exjobb\STM32L431\I2C-com\Core\Inc\stm32l4xx_hal_conf.h_save
2025-05-07 09:40:38,987 [INFO] CodeEngine:335 - Generated code: C:\Users\Assar\Documents\GitHub\Exjobb\STM32L431\I2C-com\Core\Inc\stm32l4xx_hal_conf.h
2025-05-07 09:40:39,159 [INFO] CodeEngine:255 - oldGeneratedFile, C:\Users\Assar\Documents\GitHub\Exjobb\STM32L431\I2C-com\Core\Inc\main.h_save
2025-05-07 09:40:39,465 [INFO] CodeEngine:279 - Generated code: C:\Users\Assar\Documents\GitHub\Exjobb\STM32L431\I2C-com\Core\Inc\main.h
2025-05-07 09:40:39,516 [INFO] CodeEngine:255 - oldGeneratedFile, C:\Users\Assar\Documents\GitHub\Exjobb\STM32L431\I2C-com\Core\Src\main.c_save
2025-05-07 09:40:39,774 [INFO] CodeEngine:279 - Generated code: C:\Users\Assar\Documents\GitHub\Exjobb\STM32L431\I2C-com\Core\Src\main.c
2025-05-07 09:40:40,534 [INFO] ProjectBuilder:3289 - Time for Copy HAL[1] : 410mS.
2025-05-07 09:40:40,542 [INFO] ProjectBuilder:4876 - Project Generator version: 4.5.0-RC5
2025-05-07 09:40:40,740 [INFO] ConfigFileManager:1579 - The Die is : DIE435
2025-05-07 09:40:44,393 [INFO] ProjectBuilder:5154 - Time for Generating toolchain IDE Files: 3849mS.
2025-05-07 09:40:44,395 [INFO] ProjectBuilder:3146 - Time for Copy CMSIS : 0mS.
2025-05-07 09:40:44,399 [INFO] ProjectBuilder:3146 - Time for Copy CMSIS : 0mS.
2025-05-07 10:17:14,667 [INFO] MainUpdater:2872 - connection check result : 10
2025-05-07 10:17:15,096 [INFO] McuFinderGlobals:76 - Set McuFinderConnectedMode to true
2025-05-07 10:17:15,124 [INFO] MultiScanPanel:200 - Auto-refresh data requested => check proxy status ongoing
2025-05-07 10:17:15,142 [INFO] FinderPluginLoader:95 - Searching for filters in installed packs
2025-05-07 10:17:19,174 [INFO] LoadUrlFilesThread:185 - End of LoadServerUrlFiles without Thread
2025-05-07 10:17:19,306 [INFO] DetailPanel:341 - Set advertising image to C:/Users/Assar/STM32Cube/Repository/\en.prom-stm32u3-mcu-finder.jpg
2025-05-07 10:49:52,403 [INFO] WebApp:190 - Connection lost
2025-05-07 10:50:03,042 [INFO] WebApp:187 - Connection restablished
2025-05-07 11:12:12,878 [INFO] MainUpdater:2872 - connection check result : 10
2025-05-07 11:12:12,879 [INFO] MainUpdater:2872 - connection check result : 10
2025-05-07 11:12:13,257 [INFO] I2cTimingTraitement:330 - 0x00100D14
2025-05-07 11:12:13,304 [INFO] MicroXplorer:468 - Change Database Path : 
2025-05-07 11:12:13,304 [INFO] MicroXplorer:498 - Change Database Version : DB.6.0.130
2025-05-07 11:12:13,398 [ERROR] ProjectManagerView:394 - 
java.lang.NullPointerException: Cannot invoke "javax.swing.JTextField.getText()" because the return value of "java.util.List.get(int)" is null
	at com.st.microxplorer.plugins.projectmanager.gui.ProjectChoiceTab$9.caretUpdate(ProjectChoiceTab.java:2616) ~[filemanager.jar:?]
	at javax.swing.text.JTextComponent.fireCaretUpdate(JTextComponent.java:408) ~[?:?]
	at javax.swing.text.JTextComponent$MutableCaretEvent.fire(JTextComponent.java:4484) ~[?:?]
	at javax.swing.text.JTextComponent$MutableCaretEvent.stateChanged(JTextComponent.java:4506) ~[?:?]
	at javax.swing.text.DefaultCaret.fireStateChanged(DefaultCaret.java:857) ~[?:?]
	at javax.swing.text.DefaultCaret.changeCaretPosition(DefaultCaret.java:1343) ~[?:?]
	at javax.swing.text.DefaultCaret.handleSetDot(DefaultCaret.java:1242) ~[?:?]
	at javax.swing.text.DefaultCaret.setDot(DefaultCaret.java:1223) ~[?:?]
	at javax.swing.text.DefaultCaret$Handler.insertUpdate(DefaultCaret.java:1819) ~[?:?]
	at javax.swing.text.AbstractDocument.fireInsertUpdate(AbstractDocument.java:227) ~[?:?]
	at javax.swing.text.AbstractDocument.handleInsertString(AbstractDocument.java:781) ~[?:?]
	at javax.swing.text.AbstractDocument.insertString(AbstractDocument.java:740) ~[?:?]
	at javax.swing.text.PlainDocument.insertString(PlainDocument.java:131) ~[?:?]
	at javax.swing.text.AbstractDocument.replace(AbstractDocument.java:699) ~[?:?]
	at javax.swing.text.JTextComponent.setText(JTextComponent.java:1725) ~[?:?]
	at com.st.microxplorer.plugins.projectmanager.gui.ProjectChoiceTab.createHeapStackFields(ProjectChoiceTab.java:975) ~[filemanager.jar:?]
	at com.st.microxplorer.plugins.projectmanager.gui.ProjectChoiceTab.buildLinkSettingsPanel(ProjectChoiceTab.java:3666) ~[filemanager.jar:?]
	at com.st.microxplorer.plugins.projectmanager.gui.ProjectChoiceTab.defineWindowsFields(ProjectChoiceTab.java:1934) ~[filemanager.jar:?]
	at com.st.microxplorer.plugins.projectmanager.gui.ProjectChoiceTab.updateSettings(ProjectChoiceTab.java:553) ~[filemanager.jar:?]
	at com.st.microxplorer.plugins.projectmanager.gui.ProjectSettingsPanel.UpdateDialog(ProjectSettingsPanel.java:245) ~[filemanager.jar:?]
	at com.st.microxplorer.plugins.projectmanager.ProjectManagerView.propertyChange(ProjectManagerView.java:391) ~[filemanager.jar:?]
	at java.beans.PropertyChangeSupport.fire(PropertyChangeSupport.java:343) ~[?:?]
	at java.beans.PropertyChangeSupport.firePropertyChange(PropertyChangeSupport.java:335) ~[?:?]
	at java.beans.PropertyChangeSupport.firePropertyChange(PropertyChangeSupport.java:268) ~[?:?]
	at com.st.microxplorer.util.MXPropertyChangeSupport.firePropertyChange(MXPropertyChangeSupport.java:54) ~[STM32CubeMX.jar:?]
	at com.st.microxplorer.mxsystem.MxSystem.closeConfig(MxSystem.java:899) ~[STM32CubeMX.jar:?]
	at com.st.microxplorer.maingui.MainPanel.closeConfig(MainPanel.java:789) ~[STM32CubeMX.jar:?]
	at com.st.microxplorer.plugins.filemanager.engine.OpenFileManager.loadConfigurationFile(OpenFileManager.java:265) ~[filemanager.jar:?]
	at com.st.microxplorer.plugins.filemanager.engine.MainFileManager.userLoadConfig(MainFileManager.java:340) ~[filemanager.jar:?]
	at com.st.microxplorer.plugins.filemanager.engine.MainFileManager.userLoadConfig(MainFileManager.java:318) ~[filemanager.jar:?]
	at com.st.microxplorer.plugins.filemanager.FileManagerView.getSpecificTask(FileManagerView.java:246) ~[filemanager.jar:?]
	at com.st.stm32cube.common.mx.editor.CubeMxEditor.getMxTabbedPaneInstance(CubeMxEditor.java:1198) ~[com.st.stm32cube.common.mx_6.13.0.202411220809/:?]
	at com.st.stm32cube.common.mx.editor.CubeMxEditor$12$1.createSwingComponent(CubeMxEditor.java:1068) ~[com.st.stm32cube.common.mx_6.13.0.202411220809/:?]
	at com.st.stm32cube.common.mx.oss.core.awtswtbridge.EmbeddedSwingComposite.doComponentCreation(EmbeddedSwingComposite.java:492) ~[com.st.stm32cube.common.mx.oss_6.13.0.202411220809/:?]
	at com.st.stm32cube.common.mx.oss.core.awtswtbridge.EmbeddedSwingComposite$4.run(EmbeddedSwingComposite.java:291) ~[com.st.stm32cube.common.mx.oss_6.13.0.202411220809/:?]
	at com.st.stm32cube.common.mx.oss.core.awtswtbridge.AwtEnvironment$2.run(AwtEnvironment.java:166) ~[com.st.stm32cube.common.mx.oss_6.13.0.202411220809/:?]
	at java.awt.event.InvocationEvent.dispatch(InvocationEvent.java:318) ~[?:?]
	at java.awt.EventQueue.dispatchEventImpl(EventQueue.java:773) ~[?:?]
	at java.awt.EventQueue$4.run(EventQueue.java:720) ~[?:?]
	at java.awt.EventQueue$4.run(EventQueue.java:714) ~[?:?]
	at java.security.AccessController.doPrivileged(AccessController.java:400) ~[?:?]
	at java.security.ProtectionDomain$JavaSecurityAccessImpl.doIntersectionPrivilege(ProtectionDomain.java:87) ~[?:?]
	at java.awt.EventQueue.dispatchEvent(EventQueue.java:742) ~[?:?]
	at java.awt.EventDispatchThread.pumpOneEventForFilters(EventDispatchThread.java:203) ~[?:?]
	at java.awt.EventDispatchThread.pumpEventsForFilter(EventDispatchThread.java:124) ~[?:?]
	at java.awt.EventDispatchThread.pumpEventsForHierarchy(EventDispatchThread.java:113) ~[?:?]
	at java.awt.EventDispatchThread.pumpEvents(EventDispatchThread.java:109) ~[?:?]
	at java.awt.EventDispatchThread.pumpEvents(EventDispatchThread.java:101) ~[?:?]
	at java.awt.EventDispatchThread.run(EventDispatchThread.java:90) ~[?:?]
2025-05-07 11:12:13,416 [WARN] ThirdParty:871 - waiting for thirdparty lock release [close project]
2025-05-07 11:12:13,416 [INFO] ThirdParty:873 - entering critical section [close project]
2025-05-07 11:12:13,417 [INFO] ThirdParty:883 - exiting critical section [close project]
2025-05-07 11:12:13,422 [INFO] PinOutPanel:1589 - setPackage(No Configuration,No Configuration)
2025-05-07 11:12:13,440 [INFO] UtilMem:75 - Begin LoadConfig() Used Memory: 970103552 Bytes (1073741824)
2025-05-07 11:12:13,441 [INFO] MicroXplorer:468 - Change Database Path : 
2025-05-07 11:12:13,442 [INFO] MicroXplorer:498 - Change Database Version : DB.6.0.130
2025-05-07 11:12:13,442 [INFO] OpenFileManager:332 - Change cursor
2025-05-07 11:12:13,620 [INFO] RulesReader:64 - Compatibility file has been processed (297 Rules)
2025-05-07 11:12:13,698 [INFO] Mcu:2035 - Initializing MCU STM32L431CCUx STM32L431CCUx STM32L431CCU6
2025-05-07 11:12:17,898 [INFO] Context:748 - Trying to add GPIOservice into a context  which must be forbidden
2025-05-07 11:12:19,499 [INFO] ImportTextPane:218 - (OptionalMessage_ERROR) Unable to find key (Mcu.ThirdPartyNb) in loaded IOC file
2025-05-07 11:12:19,499 [INFO] ImportTextPane:218 - (OptionalMessage_ERROR) Unable to find key (Mcu.PinsNb) in loaded IOC file
2025-05-07 11:12:19,500 [INFO] ImportTextPane:218 - (OptionalMessage_ERROR) Unable to find key (Mcu.IPNb) in loaded IOC file
2025-05-07 11:12:20,296 [INFO] RtosManager:555 - Registered RTOS mode: class=CMSIS, group=RTOS, mode=CMSIS_V1, owner=FREERTOS
2025-05-07 11:12:20,297 [INFO] RtosManager:555 - Registered RTOS mode: class=CMSIS, group=RTOS2, mode=CMSIS_V2, owner=FREERTOS
2025-05-07 11:12:20,297 [INFO] RtosManager:555 - Registered RTOS mode: class=RTOS, group=Core, mode=CMSIS_V1, owner=FREERTOS
2025-05-07 11:12:20,297 [INFO] RtosManager:555 - Registered RTOS mode: class=RTOS, group=Core, mode=CMSIS_V2, owner=FREERTOS
2025-05-07 11:12:20,298 [WARN] ModelIntegratedComponent:184 - Missing modes for component STMicroelectronics:FreeRTOS:0.0.1:STMicroelectronics:RTOS:FreeRTOS:Core:::10.2.0:
2025-05-07 11:12:20,372 [WARN] ModelIntegratedComponent:63 - No mode defined for component null
2025-05-07 11:12:20,372 [WARN] ModelIntegratedComponent:63 - No mode defined for component null
2025-05-07 11:12:20,372 [WARN] ModelIntegratedComponent:63 - No mode defined for component null
2025-05-07 11:12:20,373 [WARN] ModelIntegratedComponent:63 - No mode defined for component null
2025-05-07 11:12:20,373 [WARN] ModelIntegratedComponent:63 - No mode defined for component null
2025-05-07 11:12:20,373 [WARN] ModelIntegratedComponent:63 - No mode defined for component null
2025-05-07 11:12:20,376 [WARN] ModelIntegratedComponent:63 - No mode defined for component null
2025-05-07 11:12:20,377 [WARN] ModelIntegratedComponent:63 - No mode defined for component null
2025-05-07 11:12:20,378 [WARN] ModelIntegratedComponent:63 - No mode defined for component null
2025-05-07 11:12:20,378 [WARN] ModelIntegratedComponent:63 - No mode defined for component null
2025-05-07 11:12:20,378 [WARN] ModelIntegratedComponent:63 - No mode defined for component null
2025-05-07 11:12:20,378 [WARN] ModelIntegratedComponent:63 - No mode defined for component null
2025-05-07 11:12:20,379 [WARN] ModelIntegratedComponent:63 - No mode defined for component null
2025-05-07 11:12:20,379 [WARN] ModelIntegratedComponent:63 - No mode defined for component null
2025-05-07 11:12:20,379 [WARN] ModelIntegratedComponent:63 - No mode defined for component null
2025-05-07 11:12:20,379 [WARN] ModelIntegratedComponent:63 - No mode defined for component null
2025-05-07 11:12:20,379 [WARN] ModelIntegratedComponent:63 - No mode defined for component null
2025-05-07 11:12:20,379 [WARN] ModelIntegratedComponent:63 - No mode defined for component null
2025-05-07 11:12:20,379 [WARN] ModelIntegratedComponent:63 - No mode defined for component null
2025-05-07 11:12:20,380 [WARN] ModelIntegratedComponent:63 - No mode defined for component null
2025-05-07 11:12:20,380 [WARN] ModelIntegratedComponent:63 - No mode defined for component null
2025-05-07 11:12:20,380 [WARN] ModelIntegratedComponent:63 - No mode defined for component null
2025-05-07 11:12:20,380 [WARN] ModelIntegratedComponent:63 - No mode defined for component null
2025-05-07 11:12:20,380 [WARN] ModelIntegratedComponent:63 - No mode defined for component null
2025-05-07 11:12:20,381 [WARN] ModelIntegratedComponent:63 - No mode defined for component null
2025-05-07 11:12:20,381 [WARN] ModelIntegratedComponent:63 - No mode defined for component null
2025-05-07 11:12:20,381 [WARN] ModelIntegratedComponent:63 - No mode defined for component null
2025-05-07 11:12:20,381 [WARN] ModelIntegratedComponent:63 - No mode defined for component null
2025-05-07 11:12:20,382 [WARN] ModelIntegratedComponent:63 - No mode defined for component null
2025-05-07 11:12:20,382 [WARN] ModelIntegratedComponent:63 - No mode defined for component null
2025-05-07 11:12:20,382 [WARN] ModelIntegratedComponent:63 - No mode defined for component null
2025-05-07 11:12:20,382 [WARN] ModelIntegratedComponent:63 - No mode defined for component null
2025-05-07 11:12:20,383 [WARN] ModelIntegratedComponent:63 - No mode defined for component null
2025-05-07 11:12:20,383 [WARN] ModelIntegratedComponent:63 - No mode defined for component null
2025-05-07 11:12:20,383 [WARN] ModelIntegratedComponent:63 - No mode defined for component null
2025-05-07 11:12:20,384 [WARN] ModelPack:524 - Component already loaded: STMicroelectronics:HAL Drivers:0.0.0:STMicroelectronics:Device:STMicro_Driver:XSPI:HAL::0.0.1:HAL_XSPI
2025-05-07 11:12:20,651 [INFO] ThirdPartyModel:298 - Start build external matchings
2025-05-07 11:12:22,273 [INFO] ThirdPartyModel:316 - End build external matchings
2025-05-07 11:12:22,897 [INFO] UtilMem:75 - End LoadConfig() Used Memory: 950316872 Bytes (1073741824)
2025-05-07 11:12:22,933 [WARN] ThirdParty:833 - waiting for thirdparty lock release [change project]
2025-05-07 11:12:22,935 [INFO] ThirdParty:835 - entering critical section [change project]
2025-05-07 11:12:22,937 [INFO] ThirdParty:1030 - CMSIS Pack Vendor :STMicroelectronics USBPD 4.1
2025-05-07 11:12:22,937 [INFO] ThirdParty:1030 - CMSIS Pack Vendor :STMicroelectronics X-CUBE-AZRTOS-H7 3.3.0
2025-05-07 11:12:22,937 [INFO] ThirdParty:1030 - CMSIS Pack Vendor :STMicroelectronics X-CUBE-NFC9 1.0.0
2025-05-07 11:12:22,937 [INFO] ThirdParty:1030 - CMSIS Pack Vendor :STMicroelectronics USB_HOST 2.0.0
2025-05-07 11:12:22,938 [INFO] ThirdParty:1030 - CMSIS Pack Vendor :STMicroelectronics FP-SNS-MOTENVWB1 1.4.0
2025-05-07 11:12:22,939 [INFO] ThirdParty:1030 - CMSIS Pack Vendor :STMicroelectronics X-CUBE-AZRTOS-F4 1.1.0
2025-05-07 11:12:22,939 [INFO] ThirdParty:1030 - CMSIS Pack Vendor :STMicroelectronics LIBJPEG 8.0.0
2025-05-07 11:12:22,939 [INFO] ThirdParty:1030 - CMSIS Pack Vendor :STMicroelectronics FP-ATR-ASTRA1 2.0.2
2025-05-07 11:12:22,939 [INFO] ThirdParty:1030 - CMSIS Pack Vendor :STMicroelectronics X-CUBE-BLE1 7.1.0
2025-05-07 11:12:22,939 [INFO] ThirdParty:1030 - CMSIS Pack Vendor :Avnet-IotConnect X-CUBE-IoTC-DA16k-PMOD 1.0.0
2025-05-07 11:12:22,940 [INFO] ThirdParty:1030 - CMSIS Pack Vendor :STMicroelectronics X-CUBE-SMBUS 2.1.0
2025-05-07 11:12:22,940 [INFO] ThirdParty:1030 - CMSIS Pack Vendor :STMicroelectronics X-CUBE-WB05N 1.1.0
2025-05-07 11:12:22,940 [INFO] ThirdParty:1030 - CMSIS Pack Vendor :wolfSSL I-CUBE-wolfMQTT 1.19.2
2025-05-07 11:12:22,940 [INFO] ThirdParty:1030 - CMSIS Pack Vendor :STMicroelectronics USB_DEVICE 3.0.0
2025-05-07 11:12:22,940 [INFO] ThirdParty:1030 - CMSIS Pack Vendor :STMicroelectronics X-CUBE-ISPU 2.1.0
2025-05-07 11:12:22,941 [INFO] ThirdParty:1030 - CMSIS Pack Vendor :STMicroelectronics X-CUBE-AZRTOS-WB 2.0.0
2025-05-07 11:12:22,946 [INFO] ThirdParty:1030 - CMSIS Pack Vendor :STMicroelectronics X-CUBE-GNSS1 7.0.1
2025-05-07 11:12:22,949 [INFO] ThirdParty:1030 - CMSIS Pack Vendor :STMicroelectronics X-CUBE-AZRTOS-F7 1.1.0
2025-05-07 11:12:22,950 [INFO] ThirdParty:1030 - CMSIS Pack Vendor :STMicroelectronics X-CUBE-AZRTOS-L5 2.0.0
2025-05-07 11:12:22,950 [INFO] ThirdParty:1030 - CMSIS Pack Vendor :STMicroelectronics X-CUBE-TOUCHGFX 4.25.0
2025-05-07 11:12:22,950 [INFO] ThirdParty:1030 - CMSIS Pack Vendor :STMicroelectronics USB_DEVICE 2.0.0
2025-05-07 11:12:22,950 [INFO] ThirdParty:1030 - CMSIS Pack Vendor :STMicroelectronics X-CUBE-NFC6 3.1.0
2025-05-07 11:12:22,950 [INFO] ThirdParty:1030 - CMSIS Pack Vendor :STMicroelectronics FP-SNS-STBOX1 2.0.0
2025-05-07 11:12:22,950 [INFO] ThirdParty:1030 - CMSIS Pack Vendor :STMicroelectronics X-CUBE-MEMS1 11.2.0
2025-05-07 11:12:22,951 [INFO] ThirdParty:1030 - CMSIS Pack Vendor :STMicroelectronics FreeRTOS 0.0.1
2025-05-07 11:12:22,951 [INFO] ThirdParty:1030 - CMSIS Pack Vendor :STMicroelectronics X-CUBE-AZRTOS-G0 1.1.0
2025-05-07 11:12:22,951 [INFO] ThirdParty:1030 - CMSIS Pack Vendor :STMicroelectronics X-CUBE-SAFEA1 1.2.2
2025-05-07 11:12:22,951 [INFO] ThirdParty:1030 - CMSIS Pack Vendor :STMicroelectronics X-CUBE-NFC4 3.0.0
2025-05-07 11:12:22,951 [INFO] ThirdParty:1030 - CMSIS Pack Vendor :STMicroelectronics X-CUBE-DPower 1.2.0
2025-05-07 11:12:22,951 [INFO] ThirdParty:1030 - CMSIS Pack Vendor :STMicroelectronics X-CUBE-SUBG2 5.0.0
2025-05-07 11:12:22,951 [INFO] ThirdParty:1030 - CMSIS Pack Vendor :STMicroelectronics X-CUBE-AZRTOS-H7RS 1.1.0
2025-05-07 11:12:22,951 [INFO] ThirdParty:1030 - CMSIS Pack Vendor :STMicroelectronics STM32_WPAN 1.0.0
2025-05-07 11:12:22,951 [INFO] ThirdParty:1030 - CMSIS Pack Vendor :EmbeddedOffice I-CUBE-FS-RTOS 1.0.1
2025-05-07 11:12:22,951 [INFO] ThirdParty:1030 - CMSIS Pack Vendor :STMicroelectronics lwIP 2.0.3
2025-05-07 11:12:22,952 [INFO] ThirdParty:1030 - CMSIS Pack Vendor :STMicroelectronics FP-SNS-FLIGHT1 5.0.2
2025-05-07 11:12:22,952 [INFO] ThirdParty:1030 - CMSIS Pack Vendor :Cesanta I-CUBE-Mongoose 7.13.0
2025-05-07 11:12:22,952 [INFO] ThirdParty:1030 - CMSIS Pack Vendor :STMicroelectronics USB_HOST 1.0.0
2025-05-07 11:12:22,953 [INFO] ThirdParty:1030 - CMSIS Pack Vendor :Infineon AIROC-Wi-Fi-Bluetooth-STM32 1.7.0
2025-05-07 11:12:22,953 [INFO] ThirdParty:1030 - CMSIS Pack Vendor :STMicroelectronics X-CUBE-AZRTOS-G4 2.0.0
2025-05-07 11:12:22,953 [INFO] ThirdParty:1030 - CMSIS Pack Vendor :STMicroelectronics X-CUBE-WB05N 2.0.0
2025-05-07 11:12:22,953 [INFO] ThirdParty:1030 - CMSIS Pack Vendor :STMicroelectronics PDM2PCM 3.1.0
2025-05-07 11:12:22,953 [INFO] ThirdParty:1030 - CMSIS Pack Vendor :STMicroelectronics PDM2PCM 3.3.0
2025-05-07 11:12:22,953 [INFO] ThirdParty:1030 - CMSIS Pack Vendor :wolfSSL I-CUBE-wolfTPM 3.8.0
2025-05-07 11:12:22,953 [INFO] ThirdParty:1030 - CMSIS Pack Vendor :STMicroelectronics X-CUBE-DISPLAY 3.0.0
2025-05-07 11:12:22,953 [INFO] ThirdParty:1030 - CMSIS Pack Vendor :wolfSSL I-CUBE-wolfSSH 1.4.20
2025-05-07 11:12:22,953 [INFO] ThirdParty:1030 - CMSIS Pack Vendor :STMicroelectronics X-CUBE-NFC7 2.0.0
2025-05-07 11:12:22,954 [INFO] ThirdParty:1030 - CMSIS Pack Vendor :STMicroelectronics X-CUBE-TCPP 4.2.0
2025-05-07 11:12:22,954 [INFO] ThirdParty:1030 - CMSIS Pack Vendor :RealThread X-CUBE-RT-Thread_Nano 4.1.1
2025-05-07 11:12:22,954 [INFO] ThirdParty:1030 - CMSIS Pack Vendor :STMicroelectronics X-CUBE-BLE1 7.0.0
2025-05-07 11:12:22,954 [INFO] ThirdParty:1030 - CMSIS Pack Vendor :STMicroelectronics FP-ATR-SIGFOX1 3.2.0
2025-05-07 11:12:22,954 [INFO] ThirdParty:1030 - CMSIS Pack Vendor :STMicroelectronics X-CUBE-NFC10 1.0.0
2025-05-07 11:12:22,955 [INFO] ThirdParty:1030 - CMSIS Pack Vendor :quantropi X-CUBE-qispace-sdk-base 1.9.3
2025-05-07 11:12:22,955 [INFO] ThirdParty:1030 - CMSIS Pack Vendor :STMicroelectronics X-CUBE-BLEMGR 4.0.0
2025-05-07 11:12:22,955 [INFO] ThirdParty:1030 - CMSIS Pack Vendor :STMicroelectronics X-CUBE-EEPRMA1 5.1.0
2025-05-07 11:12:22,955 [INFO] ThirdParty:1030 - CMSIS Pack Vendor :STMicroelectronics HAL Drivers 0.0.0
2025-05-07 11:12:22,955 [INFO] ThirdParty:1030 - CMSIS Pack Vendor :STMicroelectronics MBEDTLS 2.16.2
2025-05-07 11:12:22,956 [INFO] ThirdParty:1030 - CMSIS Pack Vendor :STMicroelectronics X-CUBE-IPS 3.1.0
2025-05-07 11:12:22,956 [INFO] ThirdParty:1030 - CMSIS Pack Vendor :STMicroelectronics X-CUBE-ALS 1.0.2
2025-05-07 11:12:22,956 [INFO] ThirdParty:1030 - CMSIS Pack Vendor :emotas I-CUBE-CANOPEN 1.3.0
2025-05-07 11:12:22,956 [INFO] ThirdParty:1030 - CMSIS Pack Vendor :STMicroelectronics X-CUBE-FREERTOS 1.3.0
2025-05-07 11:12:22,956 [INFO] ThirdParty:1030 - CMSIS Pack Vendor :STMicroelectronics X-CUBE-NFC7 1.0.1
2025-05-07 11:12:22,956 [INFO] ThirdParty:1030 - CMSIS Pack Vendor :STMicroelectronics MBEDTLS 2.14.1
2025-05-07 11:12:22,956 [INFO] ThirdParty:1030 - CMSIS Pack Vendor :wolfSSL I-CUBE-wolfSSL 5.7.6
2025-05-07 11:12:22,957 [INFO] ThirdParty:1030 - CMSIS Pack Vendor :ITTIA_DB I-CUBE-ITTIADB 8.9.0
2025-05-07 11:12:22,957 [INFO] ThirdParty:1030 - CMSIS Pack Vendor :STMicroelectronics X-CUBE-TOUCHGFX 4.24.2
2025-05-07 11:12:22,957 [INFO] ThirdParty:1030 - CMSIS Pack Vendor :portGmbH I-Cube-SoM-uGOAL 1.1.0
2025-05-07 11:12:22,957 [INFO] ThirdParty:1030 - CMSIS Pack Vendor :STMicroelectronics X-CUBE-AI 10.0.0
2025-05-07 11:12:22,962 [INFO] ThirdParty:1030 - CMSIS Pack Vendor :STMicroelectronics ThreadX 1.0.0
2025-05-07 11:12:22,965 [INFO] ThirdParty:1030 - CMSIS Pack Vendor :STMicroelectronics FP-SNS-SMARTAG2 1.2.0
2025-05-07 11:12:22,973 [INFO] ThirdParty:1030 - CMSIS Pack Vendor :STMicroelectronics FP-SNS-FLIGHT1 5.1.0
2025-05-07 11:12:23,012 [INFO] ThirdParty:1030 - CMSIS Pack Vendor :STMicroelectronics X-CUBE-MEMS1 11.1.0
2025-05-07 11:12:23,013 [INFO] ThirdParty:1030 - CMSIS Pack Vendor :STMicroelectronics X-CUBE-AZRTOS-WL 2.0.0
2025-05-07 11:12:23,014 [INFO] ThirdParty:1030 - CMSIS Pack Vendor :SEGGER I-CUBE-embOS 1.3.1
2025-05-07 11:12:23,014 [INFO] ThirdParty:1030 - CMSIS Pack Vendor :STMicroelectronics X-CUBE-ALGOBUILD 1.4.0
2025-05-07 11:12:23,014 [INFO] ThirdParty:1030 - CMSIS Pack Vendor :STMicroelectronics X-CUBE-DPower 1.3.0
2025-05-07 11:12:23,014 [INFO] ThirdParty:1030 - CMSIS Pack Vendor :STMicroelectronics FP-SNS-MOTENV1 5.0.0
2025-05-07 11:12:23,014 [INFO] ThirdParty:1030 - CMSIS Pack Vendor :STMicroelectronics USB_DEVICE 1.0.0
2025-05-07 11:12:23,014 [INFO] ThirdParty:1030 - CMSIS Pack Vendor :STMicroelectronics X-CUBE-AZRTOS-H7RS 1.0.0
2025-05-07 11:12:23,014 [INFO] ThirdParty:1030 - CMSIS Pack Vendor :STMicroelectronics X-CUBE-AZRTOS-L4 2.0.0
2025-05-07 11:12:23,014 [INFO] ThirdParty:1030 - CMSIS Pack Vendor :STMicroelectronics ThreadX 0.0.2
2025-05-07 11:12:23,014 [INFO] ThirdParty:1030 - CMSIS Pack Vendor :WES I-CUBE-Cesium 1.3.0
2025-05-07 11:12:23,014 [INFO] ThirdParty:1030 - CMSIS Pack Vendor :STMicroelectronics lwIP 2.1.2
2025-05-07 11:12:23,014 [INFO] ThirdParty:1030 - CMSIS Pack Vendor :STMicroelectronics X-CUBE-SFXS2LP1 4.0.0
2025-05-07 11:12:23,014 [INFO] ThirdParty:1030 - CMSIS Pack Vendor :STMicroelectronics X-CUBE-BLE2 3.3.0
2025-05-07 11:12:23,014 [INFO] ThirdParty:1030 - CMSIS Pack Vendor :STMicroelectronics X-CUBE-TOF1 3.4.2
2025-05-07 11:12:23,014 [INFO] ThirdParty:1030 - CMSIS Pack Vendor :STMicroelectronics X-CUBE-TOF1 3.4.3
2025-05-07 11:12:23,014 [INFO] ThirdParty:1030 - CMSIS Pack Vendor :STMicroelectronics PDM2PCM 3.2.0
2025-05-07 11:12:23,014 [INFO] ThirdParty:841 - exiting critical section [change project]
2025-05-07 11:12:23,820 [INFO] PinOutPanel:1589 - setPackage(No Configuration,No Configuration)
2025-05-07 11:12:23,821 [INFO] PinOutPanel:1589 - setPackage(STM32L431CCUx,UFQFPN48)
2025-05-07 11:12:24,961 [INFO] UtilMem:75 - Before build in PCC Used Memory: 815570128 Bytes (1073741824)
2025-05-07 11:12:25,983 [INFO] UtilMem:75 - After build in PCC Used Memory: 910990544 Bytes (1073741824)
2025-05-07 11:12:26,021 [INFO] IPUIPlugin:80 - create IPUIPlugin
2025-05-07 11:12:26,022 [INFO] IPUIPlugin:80 - create IPUIPlugin
2025-05-07 11:12:26,022 [INFO] IPUIPlugin:80 - create IPUIPlugin
2025-05-07 11:12:26,022 [INFO] IPUIPlugin:80 - create IPUIPlugin
2025-05-07 11:12:26,023 [INFO] IPUIPlugin:80 - create IPUIPlugin
2025-05-07 11:12:26,023 [INFO] IPUIPlugin:80 - create IPUIPlugin
2025-05-07 11:12:26,023 [INFO] IPUIPlugin:80 - create IPUIPlugin
2025-05-07 11:12:26,023 [INFO] IPUIPlugin:80 - create IPUIPlugin
2025-05-07 11:12:26,024 [INFO] IPUIPlugin:80 - create IPUIPlugin
2025-05-07 11:12:26,024 [INFO] IPUIPlugin:80 - create IPUIPlugin
2025-05-07 11:12:26,024 [INFO] IPUIPlugin:80 - create IPUIPlugin
2025-05-07 11:12:26,024 [INFO] IPUIPlugin:80 - create IPUIPlugin
2025-05-07 11:12:26,024 [INFO] IPUIPlugin:80 - create IPUIPlugin
2025-05-07 11:12:26,025 [INFO] IPUIPlugin:80 - create IPUIPlugin
2025-05-07 11:12:26,025 [INFO] IPUIPlugin:80 - create IPUIPlugin
2025-05-07 11:12:26,025 [INFO] IPUIPlugin:80 - create IPUIPlugin
2025-05-07 11:12:26,026 [INFO] IPUIPlugin:80 - create IPUIPlugin
2025-05-07 11:12:26,026 [INFO] IPUIPlugin:80 - create IPUIPlugin
2025-05-07 11:12:26,031 [INFO] IPUIPlugin:80 - create IPUIPlugin
2025-05-07 11:12:26,031 [INFO] IPUIPlugin:80 - create IPUIPlugin
2025-05-07 11:12:26,032 [INFO] IPUIPlugin:80 - create IPUIPlugin
2025-05-07 11:12:26,032 [INFO] IPUIPlugin:80 - create IPUIPlugin
2025-05-07 11:12:26,033 [INFO] IPUIPlugin:80 - create IPUIPlugin
2025-05-07 11:12:26,033 [INFO] IPUIPlugin:80 - create IPUIPlugin
2025-05-07 11:12:26,033 [INFO] IPUIPlugin:80 - create IPUIPlugin
2025-05-07 11:12:26,034 [INFO] IPUIPlugin:80 - create IPUIPlugin
2025-05-07 11:12:26,034 [INFO] IPUIPlugin:80 - create IPUIPlugin
2025-05-07 11:12:26,034 [INFO] IPUIPlugin:80 - create IPUIPlugin
2025-05-07 11:12:26,035 [INFO] IPUIPlugin:80 - create IPUIPlugin
2025-05-07 11:12:26,035 [INFO] IPUIPlugin:80 - create IPUIPlugin
2025-05-07 11:12:26,036 [INFO] IPUIPlugin:80 - create IPUIPlugin
2025-05-07 11:12:26,036 [INFO] IPUIPlugin:80 - create IPUIPlugin
2025-05-07 11:12:26,036 [INFO] IPUIPlugin:80 - create IPUIPlugin
2025-05-07 11:12:26,037 [INFO] IPUIPlugin:80 - create IPUIPlugin
2025-05-07 11:12:26,037 [INFO] IPUIPlugin:80 - create IPUIPlugin
2025-05-07 11:12:26,037 [INFO] IPUIPlugin:80 - create IPUIPlugin
2025-05-07 11:12:26,038 [INFO] IPUIPlugin:80 - create IPUIPlugin
2025-05-07 11:12:26,039 [INFO] IPUIPlugin:80 - create IPUIPlugin
2025-05-07 11:12:26,039 [INFO] IPUIPlugin:80 - create IPUIPlugin
2025-05-07 11:12:26,040 [INFO] IPUIPlugin:80 - create IPUIPlugin
2025-05-07 11:12:26,040 [INFO] IPUIPlugin:80 - create IPUIPlugin
2025-05-07 11:12:26,041 [INFO] IPUIPlugin:80 - create IPUIPlugin
2025-05-07 11:12:26,103 [INFO] CADModel:165 - CPN selected for project levelSTM32L431CCU6
2025-05-07 11:12:26,103 [INFO] CADModel:114 - Register for checkConnection events
2025-05-07 11:12:26,148 [INFO] OpenFileManager:363 - Restore cursor
2025-05-07 11:12:27,035 [INFO] UtilMem:75 - End SaveConfig() Used Memory: 983517792 Bytes (1073741824)
2025-05-07 11:12:27,291 [INFO] UtilMem:75 - End SaveConfig() Used Memory: 754072184 Bytes (1073741824)
2025-05-07 11:12:27,758 [INFO] BlockDiagram:2766 - set Specific Code input for plugin: NVIC
2025-05-07 11:12:27,758 [INFO] BlockDiagram:2766 - set Specific Code input for plugin: RCC
2025-05-07 11:12:27,766 [INFO] CodeGenerator:896 - code generatio: config db path: C:\ST\STM32CubeIDE_1.17.0\STM32CubeIDE\plugins\com.st.stm32cube.common.mx_6.13.0.202411220809\\db\
2025-05-07 11:12:27,997 [INFO] CodeEngine:255 - oldGeneratedFile, C:\Users\Assar\Documents\GitHub\Exjobb\STM32L431\Display\MXTmpFiles\license.tmp_save
2025-05-07 11:12:28,535 [INFO] CodeEngine:279 - Generated code: C:\Users\Assar\Documents\GitHub\Exjobb\STM32L431\Display\MXTmpFiles\license.tmp
2025-05-07 11:12:28,605 [INFO] CodeEngine:255 - oldGeneratedFile, C:\Users\Assar\Documents\GitHub\Exjobb\STM32L431\Display\Core\Src\stm32l4xx_it.c_save
2025-05-07 11:12:29,305 [INFO] CodeEngine:279 - Generated code: C:\Users\Assar\Documents\GitHub\Exjobb\STM32L431\Display\Core\Src\stm32l4xx_it.c
2025-05-07 11:12:29,318 [INFO] CodeEngine:255 - oldGeneratedFile, C:\Users\Assar\Documents\GitHub\Exjobb\STM32L431\Display\Core\Inc\stm32l4xx_it.h_save
2025-05-07 11:12:29,575 [INFO] CodeEngine:279 - Generated code: C:\Users\Assar\Documents\GitHub\Exjobb\STM32L431\Display\Core\Inc\stm32l4xx_it.h
2025-05-07 11:12:29,720 [INFO] CodeEngine:255 - oldGeneratedFile, C:\Users\Assar\Documents\GitHub\Exjobb\STM32L431\Display\Core\Src\stm32l4xx_hal_msp.c_save
2025-05-07 11:12:30,110 [INFO] CodeEngine:279 - Generated code: C:\Users\Assar\Documents\GitHub\Exjobb\STM32L431\Display\Core\Src\stm32l4xx_hal_msp.c
2025-05-07 11:12:30,121 [INFO] CodeEngine:255 - oldGeneratedFile, C:\Users\Assar\Documents\GitHub\Exjobb\STM32L431\Display\MXTmpFiles\system.tmp_save
2025-05-07 11:12:30,287 [INFO] CodeEngine:279 - Generated code: C:\Users\Assar\Documents\GitHub\Exjobb\STM32L431\Display\MXTmpFiles\system.tmp
2025-05-07 11:12:30,371 [INFO] CodeEngine:311 - oldGeneratedFile, C:\Users\Assar\Documents\GitHub\Exjobb\STM32L431\Display\Core\Inc\stm32l4xx_hal_conf.h_save
2025-05-07 11:12:30,591 [INFO] CodeEngine:335 - Generated code: C:\Users\Assar\Documents\GitHub\Exjobb\STM32L431\Display\Core\Inc\stm32l4xx_hal_conf.h
2025-05-07 11:12:30,685 [INFO] ApiDbMcu:508 - Load IP Config File for RCC
2025-05-07 11:12:30,767 [INFO] CodeEngine:255 - oldGeneratedFile, C:\Users\Assar\Documents\GitHub\Exjobb\STM32L431\Display\Core\Inc\main.h_save
2025-05-07 11:12:31,002 [INFO] CodeEngine:279 - Generated code: C:\Users\Assar\Documents\GitHub\Exjobb\STM32L431\Display\Core\Inc\main.h
2025-05-07 11:12:31,010 [INFO] CodeEngine:255 - oldGeneratedFile, C:\Users\Assar\Documents\GitHub\Exjobb\STM32L431\Display\Core\Src\main.c_save
2025-05-07 11:12:31,305 [INFO] CodeEngine:279 - Generated code: C:\Users\Assar\Documents\GitHub\Exjobb\STM32L431\Display\Core\Src\main.c
2025-05-07 11:12:32,658 [INFO] ProjectBuilder:3289 - Time for Copy HAL[1] : 297mS.
2025-05-07 11:12:32,668 [INFO] ProjectBuilder:4876 - Project Generator version: 4.5.0-RC5
2025-05-07 11:12:32,841 [INFO] ConfigFileManager:1579 - The Die is : DIE435
2025-05-07 11:12:32,868 [INFO] ApiDbMcu:508 - Load IP Config File for FATFS
2025-05-07 11:12:32,905 [INFO] ApiDbMcu:508 - Load IP Config File for FREERTOS
2025-05-07 11:12:32,960 [INFO] ApiDbMcu:508 - Load IP Config File for TOUCHSENSING
2025-05-07 11:12:38,661 [INFO] ProjectBuilder:5154 - Time for Generating toolchain IDE Files: 5993mS.
2025-05-07 11:12:38,669 [INFO] ProjectBuilder:3146 - Time for Copy CMSIS : 7mS.
2025-05-07 11:12:38,682 [INFO] ProjectBuilder:3146 - Time for Copy CMSIS : 0mS.
2025-05-07 11:12:41,455 [INFO] McuFinderGlobals:76 - Set McuFinderConnectedMode to true
2025-05-07 11:12:41,464 [INFO] ApiDb:448 - Save user favorites file C:\Users\Assar/.stm32cubeide/favorites.mcus.txt: 1 item(s)
2025-05-07 11:12:41,465 [INFO] ApiDb:452 - User favorites MCUs=[STM32L431CCU6]
2025-05-07 11:15:30,586 [INFO] NvicIntPanel:101 - NVIC parent = com.st.microxplorer.plugins.ip.nvic.MultiNvicIntPanel[,0,0,0x0,invalid,layout=javax.swing.BoxLayout,alignmentX=0.0,alignmentY=0.0,border=,flags=9,maximumSize=,minimumSize=,preferredSize=]
2025-05-07 11:15:55,716 [INFO] UtilMem:75 - End SaveConfig() Used Memory: 962828432 Bytes (1073741824)
2025-05-07 11:15:59,448 [INFO] UtilMem:75 - End SaveConfig() Used Memory: 791673000 Bytes (1073741824)
2025-05-07 11:15:59,926 [INFO] BlockDiagram:2766 - set Specific Code input for plugin: SPI
2025-05-07 11:15:59,926 [INFO] BlockDiagram:2766 - set Specific Code input for plugin: NVIC
2025-05-07 11:15:59,927 [INFO] BlockDiagram:2766 - set Specific Code input for plugin: SYS
2025-05-07 11:15:59,929 [INFO] BlockDiagram:2766 - set Specific Code input for plugin: GPIO
2025-05-07 11:15:59,929 [INFO] BlockDiagram:2766 - set Specific Code input for plugin: RCC
2025-05-07 11:15:59,933 [INFO] CodeGenerator:896 - code generatio: config db path: C:\ST\STM32CubeIDE_1.17.0\STM32CubeIDE\plugins\com.st.stm32cube.common.mx_6.13.0.202411220809\\db\
2025-05-07 11:16:00,625 [INFO] CodeEngine:255 - oldGeneratedFile, C:\Users\Assar\Documents\GitHub\Exjobb\STM32L431\Display\MXTmpFiles\license.tmp_save
2025-05-07 11:16:01,192 [INFO] CodeEngine:279 - Generated code: C:\Users\Assar\Documents\GitHub\Exjobb\STM32L431\Display\MXTmpFiles\license.tmp
2025-05-07 11:16:01,391 [INFO] CodeEngine:255 - oldGeneratedFile, C:\Users\Assar\Documents\GitHub\Exjobb\STM32L431\Display\MXTmpFiles\gpio.tmp_save
2025-05-07 11:16:01,732 [INFO] CodeEngine:279 - Generated code: C:\Users\Assar\Documents\GitHub\Exjobb\STM32L431\Display\MXTmpFiles\gpio.tmp
2025-05-07 11:16:01,977 [INFO] CodeEngine:255 - oldGeneratedFile, C:\Users\Assar\Documents\GitHub\Exjobb\STM32L431\Display\Core\Src\stm32l4xx_it.c_save
2025-05-07 11:16:02,226 [INFO] CodeEngine:279 - Generated code: C:\Users\Assar\Documents\GitHub\Exjobb\STM32L431\Display\Core\Src\stm32l4xx_it.c
2025-05-07 11:16:02,240 [INFO] CodeEngine:255 - oldGeneratedFile, C:\Users\Assar\Documents\GitHub\Exjobb\STM32L431\Display\Core\Inc\stm32l4xx_it.h_save
2025-05-07 11:16:02,420 [INFO] CodeEngine:279 - Generated code: C:\Users\Assar\Documents\GitHub\Exjobb\STM32L431\Display\Core\Inc\stm32l4xx_it.h
2025-05-07 11:16:02,461 [INFO] CodeEngine:255 - oldGeneratedFile, C:\Users\Assar\Documents\GitHub\Exjobb\STM32L431\Display\Core\Src\stm32l4xx_hal_msp.c_save
2025-05-07 11:16:02,776 [INFO] CodeEngine:279 - Generated code: C:\Users\Assar\Documents\GitHub\Exjobb\STM32L431\Display\Core\Src\stm32l4xx_hal_msp.c
2025-05-07 11:16:02,788 [INFO] CodeEngine:255 - oldGeneratedFile, C:\Users\Assar\Documents\GitHub\Exjobb\STM32L431\Display\MXTmpFiles\system.tmp_save
2025-05-07 11:16:02,908 [INFO] CodeEngine:279 - Generated code: C:\Users\Assar\Documents\GitHub\Exjobb\STM32L431\Display\MXTmpFiles\system.tmp
2025-05-07 11:16:02,948 [INFO] CodeEngine:311 - oldGeneratedFile, C:\Users\Assar\Documents\GitHub\Exjobb\STM32L431\Display\Core\Inc\stm32l4xx_hal_conf.h_save
2025-05-07 11:16:03,199 [INFO] CodeEngine:335 - Generated code: C:\Users\Assar\Documents\GitHub\Exjobb\STM32L431\Display\Core\Inc\stm32l4xx_hal_conf.h
2025-05-07 11:16:03,288 [INFO] ApiDbMcu:508 - Load IP Config File for SPI1
2025-05-07 11:16:03,327 [INFO] CodeEngine:255 - oldGeneratedFile, C:\Users\Assar\Documents\GitHub\Exjobb\STM32L431\Display\Core\Inc\main.h_save
2025-05-07 11:16:03,604 [INFO] CodeEngine:279 - Generated code: C:\Users\Assar\Documents\GitHub\Exjobb\STM32L431\Display\Core\Inc\main.h
2025-05-07 11:16:03,632 [INFO] CodeEngine:255 - oldGeneratedFile, C:\Users\Assar\Documents\GitHub\Exjobb\STM32L431\Display\Core\Src\main.c_save
2025-05-07 11:16:03,952 [INFO] CodeEngine:279 - Generated code: C:\Users\Assar\Documents\GitHub\Exjobb\STM32L431\Display\Core\Src\main.c
2025-05-07 11:16:04,590 [INFO] ProjectBuilder:3289 - Time for Copy HAL[1] : 341mS.
2025-05-07 11:16:04,598 [INFO] ProjectBuilder:4876 - Project Generator version: 4.5.0-RC5
2025-05-07 11:16:04,792 [INFO] ConfigFileManager:1579 - The Die is : DIE435
2025-05-07 11:16:08,464 [INFO] ProjectBuilder:5154 - Time for Generating toolchain IDE Files: 3866mS.
2025-05-07 11:16:08,465 [INFO] ProjectBuilder:3146 - Time for Copy CMSIS : 0mS.
2025-05-07 11:16:08,469 [INFO] ProjectBuilder:3146 - Time for Copy CMSIS : 0mS.
2025-05-07 11:17:05,540 [INFO] UtilMem:75 - End SaveConfig() Used Memory: 778852760 Bytes (1073741824)
2025-05-07 11:17:05,913 [INFO] BlockDiagram:2766 - set Specific Code input for plugin: SPI
2025-05-07 11:17:05,915 [INFO] BlockDiagram:2766 - set Specific Code input for plugin: NVIC
2025-05-07 11:17:05,917 [INFO] BlockDiagram:2766 - set Specific Code input for plugin: SYS
2025-05-07 11:17:05,918 [INFO] BlockDiagram:2766 - set Specific Code input for plugin: GPIO
2025-05-07 11:17:05,920 [INFO] BlockDiagram:2766 - set Specific Code input for plugin: RCC
2025-05-07 11:17:05,924 [INFO] CodeGenerator:896 - code generatio: config db path: C:\ST\STM32CubeIDE_1.17.0\STM32CubeIDE\plugins\com.st.stm32cube.common.mx_6.13.0.202411220809\\db\
2025-05-07 11:17:06,232 [INFO] CodeEngine:255 - oldGeneratedFile, C:\Users\Assar\Documents\GitHub\Exjobb\STM32L431\Display\MXTmpFiles\license.tmp_save
2025-05-07 11:17:06,483 [INFO] CodeEngine:279 - Generated code: C:\Users\Assar\Documents\GitHub\Exjobb\STM32L431\Display\MXTmpFiles\license.tmp
2025-05-07 11:17:06,571 [INFO] CodeEngine:255 - oldGeneratedFile, C:\Users\Assar\Documents\GitHub\Exjobb\STM32L431\Display\MXTmpFiles\gpio.tmp_save
2025-05-07 11:17:06,733 [INFO] CodeEngine:279 - Generated code: C:\Users\Assar\Documents\GitHub\Exjobb\STM32L431\Display\MXTmpFiles\gpio.tmp
2025-05-07 11:17:06,871 [INFO] CodeEngine:255 - oldGeneratedFile, C:\Users\Assar\Documents\GitHub\Exjobb\STM32L431\Display\Core\Src\stm32l4xx_it.c_save
2025-05-07 11:17:07,007 [INFO] CodeEngine:279 - Generated code: C:\Users\Assar\Documents\GitHub\Exjobb\STM32L431\Display\Core\Src\stm32l4xx_it.c
2025-05-07 11:17:07,019 [INFO] CodeEngine:255 - oldGeneratedFile, C:\Users\Assar\Documents\GitHub\Exjobb\STM32L431\Display\Core\Inc\stm32l4xx_it.h_save
2025-05-07 11:17:07,125 [INFO] CodeEngine:279 - Generated code: C:\Users\Assar\Documents\GitHub\Exjobb\STM32L431\Display\Core\Inc\stm32l4xx_it.h
2025-05-07 11:17:07,184 [INFO] CodeEngine:255 - oldGeneratedFile, C:\Users\Assar\Documents\GitHub\Exjobb\STM32L431\Display\Core\Src\stm32l4xx_hal_msp.c_save
2025-05-07 11:17:07,325 [INFO] CodeEngine:279 - Generated code: C:\Users\Assar\Documents\GitHub\Exjobb\STM32L431\Display\Core\Src\stm32l4xx_hal_msp.c
2025-05-07 11:17:07,332 [INFO] CodeEngine:255 - oldGeneratedFile, C:\Users\Assar\Documents\GitHub\Exjobb\STM32L431\Display\MXTmpFiles\system.tmp_save
2025-05-07 11:17:07,411 [INFO] CodeEngine:279 - Generated code: C:\Users\Assar\Documents\GitHub\Exjobb\STM32L431\Display\MXTmpFiles\system.tmp
2025-05-07 11:17:07,446 [INFO] CodeEngine:311 - oldGeneratedFile, C:\Users\Assar\Documents\GitHub\Exjobb\STM32L431\Display\Core\Inc\stm32l4xx_hal_conf.h_save
2025-05-07 11:17:07,617 [INFO] CodeEngine:335 - Generated code: C:\Users\Assar\Documents\GitHub\Exjobb\STM32L431\Display\Core\Inc\stm32l4xx_hal_conf.h
2025-05-07 11:17:07,697 [INFO] CodeEngine:255 - oldGeneratedFile, C:\Users\Assar\Documents\GitHub\Exjobb\STM32L431\Display\Core\Inc\main.h_save
2025-05-07 11:17:07,826 [INFO] CodeEngine:279 - Generated code: C:\Users\Assar\Documents\GitHub\Exjobb\STM32L431\Display\Core\Inc\main.h
2025-05-07 11:17:07,850 [INFO] CodeEngine:255 - oldGeneratedFile, C:\Users\Assar\Documents\GitHub\Exjobb\STM32L431\Display\Core\Src\main.c_save
2025-05-07 11:17:08,040 [INFO] CodeEngine:279 - Generated code: C:\Users\Assar\Documents\GitHub\Exjobb\STM32L431\Display\Core\Src\main.c
2025-05-07 11:17:08,736 [INFO] ProjectBuilder:3289 - Time for Copy HAL[1] : 297mS.
2025-05-07 11:17:08,742 [INFO] ProjectBuilder:4876 - Project Generator version: 4.5.0-RC5
2025-05-07 11:17:08,935 [INFO] ConfigFileManager:1579 - The Die is : DIE435
2025-05-07 11:17:11,944 [INFO] ProjectBuilder:5154 - Time for Generating toolchain IDE Files: 3202mS.
2025-05-07 11:17:11,946 [INFO] ProjectBuilder:3146 - Time for Copy CMSIS : 1mS.
2025-05-07 11:17:11,985 [INFO] ProjectBuilder:3146 - Time for Copy CMSIS : 0mS.
2025-05-07 11:18:57,496 [INFO] MainUpdater:2872 - connection check result : 10
2025-05-07 11:18:57,690 [INFO] McuFinderGlobals:76 - Set McuFinderConnectedMode to true
2025-05-07 11:18:57,695 [INFO] MultiScanPanel:200 - Auto-refresh data requested => check proxy status ongoing
2025-05-07 11:18:57,696 [INFO] FinderPluginLoader:95 - Searching for filters in installed packs
2025-05-07 11:18:59,634 [INFO] LoadUrlFilesThread:185 - End of LoadServerUrlFiles without Thread
2025-05-07 11:18:59,634 [INFO] DetailPanel:341 - Set advertising image to C:/Users/Assar/STM32Cube/Repository/\en.prom-stm32u3-mcu-finder.jpg
2025-05-07 13:22:18,167 [INFO] WebApp:190 - Connection lost
2025-05-07 13:22:33,628 [INFO] WebApp:187 - Connection restablished
2025-05-07 13:32:02,912 [INFO] WebApp:190 - Connection lost
2025-05-07 13:32:03,082 [INFO] WebApp:187 - Connection restablished
2025-05-07 13:33:07,958 [INFO] WebApp:190 - Connection lost
2025-05-07 13:33:08,135 [INFO] WebApp:187 - Connection restablished
2025-05-07 13:33:46,592 [INFO] McuFinderGlobals:76 - Set McuFinderConnectedMode to true
2025-05-07 13:33:46,944 [INFO] ApiDb:448 - Save user favorites file C:\Users\Assar/.stm32cubeide/favorites.mcus.txt: 1 item(s)
2025-05-07 13:33:46,945 [INFO] ApiDb:452 - User favorites MCUs=[STM32L431CCU6]
2025-05-07 13:59:09,053 [INFO] MainUpdater:2872 - connection check result : 10
2025-05-07 13:59:09,189 [INFO] McuFinderGlobals:76 - Set McuFinderConnectedMode to true
2025-05-07 13:59:09,191 [INFO] MultiScanPanel:200 - Auto-refresh data requested => check proxy status ongoing
2025-05-07 13:59:09,192 [INFO] FinderPluginLoader:95 - Searching for filters in installed packs
2025-05-07 13:59:12,336 [INFO] LoadUrlFilesThread:185 - End of LoadServerUrlFiles without Thread
2025-05-07 13:59:12,337 [INFO] DetailPanel:341 - Set advertising image to C:/Users/Assar/STM32Cube/Repository/\en.prom-stm32u3-mcu-finder.jpg
2025-05-07 13:59:30,691 [INFO] MainUpdater:2872 - connection check result : 10
2025-05-07 13:59:30,692 [INFO] MainUpdater:2872 - connection check result : 10
2025-05-07 13:59:31,174 [INFO] MicroXplorer:468 - Change Database Path : 
2025-05-07 13:59:31,174 [INFO] MicroXplorer:498 - Change Database Version : DB.6.0.130
2025-05-07 13:59:31,208 [ERROR] ProjectManagerView:394 - 
java.lang.NullPointerException: Cannot invoke "javax.swing.JTextField.getText()" because the return value of "java.util.List.get(int)" is null
	at com.st.microxplorer.plugins.projectmanager.gui.ProjectChoiceTab$9.caretUpdate(ProjectChoiceTab.java:2616) ~[filemanager.jar:?]
	at javax.swing.text.JTextComponent.fireCaretUpdate(JTextComponent.java:408) ~[?:?]
	at javax.swing.text.JTextComponent$MutableCaretEvent.fire(JTextComponent.java:4484) ~[?:?]
	at javax.swing.text.JTextComponent$MutableCaretEvent.stateChanged(JTextComponent.java:4506) ~[?:?]
	at javax.swing.text.DefaultCaret.fireStateChanged(DefaultCaret.java:857) ~[?:?]
	at javax.swing.text.DefaultCaret.changeCaretPosition(DefaultCaret.java:1343) ~[?:?]
	at javax.swing.text.DefaultCaret.handleSetDot(DefaultCaret.java:1242) ~[?:?]
	at javax.swing.text.DefaultCaret.setDot(DefaultCaret.java:1223) ~[?:?]
	at javax.swing.text.DefaultCaret$Handler.insertUpdate(DefaultCaret.java:1819) ~[?:?]
	at javax.swing.text.AbstractDocument.fireInsertUpdate(AbstractDocument.java:227) ~[?:?]
	at javax.swing.text.AbstractDocument.handleInsertString(AbstractDocument.java:781) ~[?:?]
	at javax.swing.text.AbstractDocument.insertString(AbstractDocument.java:740) ~[?:?]
	at javax.swing.text.PlainDocument.insertString(PlainDocument.java:131) ~[?:?]
	at javax.swing.text.AbstractDocument.replace(AbstractDocument.java:699) ~[?:?]
	at javax.swing.text.JTextComponent.setText(JTextComponent.java:1725) ~[?:?]
	at com.st.microxplorer.plugins.projectmanager.gui.ProjectChoiceTab.createHeapStackFields(ProjectChoiceTab.java:975) ~[filemanager.jar:?]
	at com.st.microxplorer.plugins.projectmanager.gui.ProjectChoiceTab.buildLinkSettingsPanel(ProjectChoiceTab.java:3666) ~[filemanager.jar:?]
	at com.st.microxplorer.plugins.projectmanager.gui.ProjectChoiceTab.defineWindowsFields(ProjectChoiceTab.java:1934) ~[filemanager.jar:?]
	at com.st.microxplorer.plugins.projectmanager.gui.ProjectChoiceTab.updateSettings(ProjectChoiceTab.java:553) ~[filemanager.jar:?]
	at com.st.microxplorer.plugins.projectmanager.gui.ProjectSettingsPanel.UpdateDialog(ProjectSettingsPanel.java:245) ~[filemanager.jar:?]
	at com.st.microxplorer.plugins.projectmanager.ProjectManagerView.propertyChange(ProjectManagerView.java:391) ~[filemanager.jar:?]
	at java.beans.PropertyChangeSupport.fire(PropertyChangeSupport.java:343) ~[?:?]
	at java.beans.PropertyChangeSupport.firePropertyChange(PropertyChangeSupport.java:335) ~[?:?]
	at java.beans.PropertyChangeSupport.firePropertyChange(PropertyChangeSupport.java:268) ~[?:?]
	at com.st.microxplorer.util.MXPropertyChangeSupport.firePropertyChange(MXPropertyChangeSupport.java:54) ~[STM32CubeMX.jar:?]
	at com.st.microxplorer.mxsystem.MxSystem.closeConfig(MxSystem.java:899) ~[STM32CubeMX.jar:?]
	at com.st.microxplorer.maingui.MainPanel.closeConfig(MainPanel.java:789) ~[STM32CubeMX.jar:?]
	at com.st.microxplorer.plugins.filemanager.engine.OpenFileManager.loadConfigurationFile(OpenFileManager.java:265) ~[filemanager.jar:?]
	at com.st.microxplorer.plugins.filemanager.engine.MainFileManager.userLoadConfig(MainFileManager.java:340) ~[filemanager.jar:?]
	at com.st.microxplorer.plugins.filemanager.engine.MainFileManager.userLoadConfig(MainFileManager.java:318) ~[filemanager.jar:?]
	at com.st.microxplorer.plugins.filemanager.FileManagerView.getSpecificTask(FileManagerView.java:246) ~[filemanager.jar:?]
	at com.st.stm32cube.common.mx.editor.CubeMxEditor.getMxTabbedPaneInstance(CubeMxEditor.java:1198) ~[com.st.stm32cube.common.mx_6.13.0.202411220809/:?]
	at com.st.stm32cube.common.mx.editor.CubeMxEditor$12$1.createSwingComponent(CubeMxEditor.java:1068) ~[com.st.stm32cube.common.mx_6.13.0.202411220809/:?]
	at com.st.stm32cube.common.mx.oss.core.awtswtbridge.EmbeddedSwingComposite.doComponentCreation(EmbeddedSwingComposite.java:492) ~[com.st.stm32cube.common.mx.oss_6.13.0.202411220809/:?]
	at com.st.stm32cube.common.mx.oss.core.awtswtbridge.EmbeddedSwingComposite$4.run(EmbeddedSwingComposite.java:291) ~[com.st.stm32cube.common.mx.oss_6.13.0.202411220809/:?]
	at com.st.stm32cube.common.mx.oss.core.awtswtbridge.AwtEnvironment$2.run(AwtEnvironment.java:166) ~[com.st.stm32cube.common.mx.oss_6.13.0.202411220809/:?]
	at java.awt.event.InvocationEvent.dispatch(InvocationEvent.java:318) ~[?:?]
	at java.awt.EventQueue.dispatchEventImpl(EventQueue.java:773) ~[?:?]
	at java.awt.EventQueue$4.run(EventQueue.java:720) ~[?:?]
	at java.awt.EventQueue$4.run(EventQueue.java:714) ~[?:?]
	at java.security.AccessController.doPrivileged(AccessController.java:400) ~[?:?]
	at java.security.ProtectionDomain$JavaSecurityAccessImpl.doIntersectionPrivilege(ProtectionDomain.java:87) ~[?:?]
	at java.awt.EventQueue.dispatchEvent(EventQueue.java:742) ~[?:?]
	at java.awt.EventDispatchThread.pumpOneEventForFilters(EventDispatchThread.java:203) ~[?:?]
	at java.awt.EventDispatchThread.pumpEventsForFilter(EventDispatchThread.java:124) ~[?:?]
	at java.awt.EventDispatchThread.pumpEventsForHierarchy(EventDispatchThread.java:113) ~[?:?]
	at java.awt.EventDispatchThread.pumpEvents(EventDispatchThread.java:109) ~[?:?]
	at java.awt.EventDispatchThread.pumpEvents(EventDispatchThread.java:101) ~[?:?]
	at java.awt.EventDispatchThread.run(EventDispatchThread.java:90) ~[?:?]
2025-05-07 13:59:31,210 [WARN] ThirdParty:871 - waiting for thirdparty lock release [close project]
2025-05-07 13:59:31,210 [INFO] ThirdParty:873 - entering critical section [close project]
2025-05-07 13:59:31,210 [INFO] ThirdParty:883 - exiting critical section [close project]
2025-05-07 13:59:31,213 [INFO] PinOutPanel:1589 - setPackage(No Configuration,No Configuration)
2025-05-07 13:59:31,222 [INFO] UtilMem:75 - Begin LoadConfig() Used Memory: 895727080 Bytes (1073741824)
2025-05-07 13:59:31,222 [INFO] MicroXplorer:468 - Change Database Path : 
2025-05-07 13:59:31,223 [INFO] MicroXplorer:498 - Change Database Version : DB.6.0.130
2025-05-07 13:59:31,223 [INFO] OpenFileManager:332 - Change cursor
2025-05-07 13:59:31,393 [INFO] RulesReader:64 - Compatibility file has been processed (297 Rules)
2025-05-07 13:59:31,430 [INFO] Mcu:2035 - Initializing MCU STM32L431CCUx STM32L431CCUx STM32L431CCU6
2025-05-07 13:59:34,121 [INFO] Context:748 - Trying to add GPIOservice into a context  which must be forbidden
2025-05-07 13:59:35,414 [INFO] ImportTextPane:218 - (OptionalMessage_ERROR) Unable to find key (Mcu.ThirdPartyNb) in loaded IOC file
2025-05-07 13:59:35,414 [INFO] ImportTextPane:218 - (OptionalMessage_ERROR) Unable to find key (Mcu.PinsNb) in loaded IOC file
2025-05-07 13:59:35,415 [INFO] ImportTextPane:218 - (OptionalMessage_ERROR) Unable to find key (Mcu.IPNb) in loaded IOC file
2025-05-07 13:59:36,531 [INFO] RtosManager:555 - Registered RTOS mode: class=CMSIS, group=RTOS, mode=CMSIS_V1, owner=FREERTOS
2025-05-07 13:59:36,532 [INFO] RtosManager:555 - Registered RTOS mode: class=CMSIS, group=RTOS2, mode=CMSIS_V2, owner=FREERTOS
2025-05-07 13:59:36,532 [INFO] RtosManager:555 - Registered RTOS mode: class=RTOS, group=Core, mode=CMSIS_V1, owner=FREERTOS
2025-05-07 13:59:36,532 [INFO] RtosManager:555 - Registered RTOS mode: class=RTOS, group=Core, mode=CMSIS_V2, owner=FREERTOS
2025-05-07 13:59:36,533 [WARN] ModelIntegratedComponent:184 - Missing modes for component STMicroelectronics:FreeRTOS:0.0.1:STMicroelectronics:RTOS:FreeRTOS:Core:::10.2.0:
2025-05-07 13:59:36,567 [WARN] ModelIntegratedComponent:63 - No mode defined for component null
2025-05-07 13:59:36,567 [WARN] ModelIntegratedComponent:63 - No mode defined for component null
2025-05-07 13:59:36,567 [WARN] ModelIntegratedComponent:63 - No mode defined for component null
2025-05-07 13:59:36,567 [WARN] ModelIntegratedComponent:63 - No mode defined for component null
2025-05-07 13:59:36,568 [WARN] ModelIntegratedComponent:63 - No mode defined for component null
2025-05-07 13:59:36,568 [WARN] ModelIntegratedComponent:63 - No mode defined for component null
2025-05-07 13:59:36,568 [WARN] ModelIntegratedComponent:63 - No mode defined for component null
2025-05-07 13:59:36,570 [WARN] ModelIntegratedComponent:63 - No mode defined for component null
2025-05-07 13:59:36,571 [WARN] ModelIntegratedComponent:63 - No mode defined for component null
2025-05-07 13:59:36,572 [WARN] ModelIntegratedComponent:63 - No mode defined for component null
2025-05-07 13:59:36,572 [WARN] ModelIntegratedComponent:63 - No mode defined for component null
2025-05-07 13:59:36,573 [WARN] ModelIntegratedComponent:63 - No mode defined for component null
2025-05-07 13:59:36,575 [WARN] ModelIntegratedComponent:63 - No mode defined for component null
2025-05-07 13:59:36,575 [WARN] ModelIntegratedComponent:63 - No mode defined for component null
2025-05-07 13:59:36,578 [WARN] ModelIntegratedComponent:63 - No mode defined for component null
2025-05-07 13:59:36,578 [WARN] ModelIntegratedComponent:63 - No mode defined for component null
2025-05-07 13:59:36,579 [WARN] ModelIntegratedComponent:63 - No mode defined for component null
2025-05-07 13:59:36,579 [WARN] ModelIntegratedComponent:63 - No mode defined for component null
2025-05-07 13:59:36,579 [WARN] ModelIntegratedComponent:63 - No mode defined for component null
2025-05-07 13:59:36,579 [WARN] ModelIntegratedComponent:63 - No mode defined for component null
2025-05-07 13:59:36,579 [WARN] ModelIntegratedComponent:63 - No mode defined for component null
2025-05-07 13:59:36,580 [WARN] ModelIntegratedComponent:63 - No mode defined for component null
2025-05-07 13:59:36,580 [WARN] ModelIntegratedComponent:63 - No mode defined for component null
2025-05-07 13:59:36,580 [WARN] ModelIntegratedComponent:63 - No mode defined for component null
2025-05-07 13:59:36,580 [WARN] ModelIntegratedComponent:63 - No mode defined for component null
2025-05-07 13:59:36,580 [WARN] ModelIntegratedComponent:63 - No mode defined for component null
2025-05-07 13:59:36,580 [WARN] ModelIntegratedComponent:63 - No mode defined for component null
2025-05-07 13:59:36,580 [WARN] ModelIntegratedComponent:63 - No mode defined for component null
2025-05-07 13:59:36,580 [WARN] ModelIntegratedComponent:63 - No mode defined for component null
2025-05-07 13:59:36,581 [WARN] ModelIntegratedComponent:63 - No mode defined for component null
2025-05-07 13:59:36,581 [WARN] ModelIntegratedComponent:63 - No mode defined for component null
2025-05-07 13:59:36,581 [WARN] ModelIntegratedComponent:63 - No mode defined for component null
2025-05-07 13:59:36,581 [WARN] ModelIntegratedComponent:63 - No mode defined for component null
2025-05-07 13:59:36,581 [WARN] ModelIntegratedComponent:63 - No mode defined for component null
2025-05-07 13:59:36,581 [WARN] ModelIntegratedComponent:63 - No mode defined for component null
2025-05-07 13:59:36,581 [WARN] ModelPack:524 - Component already loaded: STMicroelectronics:HAL Drivers:0.0.0:STMicroelectronics:Device:STMicro_Driver:XSPI:HAL::0.0.1:HAL_XSPI
2025-05-07 13:59:36,950 [INFO] ThirdPartyModel:298 - Start build external matchings
2025-05-07 13:59:39,276 [INFO] ThirdPartyModel:316 - End build external matchings
2025-05-07 13:59:39,992 [INFO] UtilMem:75 - End LoadConfig() Used Memory: 829177160 Bytes (1073741824)
2025-05-07 13:59:40,063 [WARN] ThirdParty:833 - waiting for thirdparty lock release [change project]
2025-05-07 13:59:40,063 [INFO] ThirdParty:835 - entering critical section [change project]
2025-05-07 13:59:40,064 [INFO] ThirdParty:1030 - CMSIS Pack Vendor :STMicroelectronics USBPD 4.1
2025-05-07 13:59:40,064 [INFO] ThirdParty:1030 - CMSIS Pack Vendor :STMicroelectronics X-CUBE-AZRTOS-H7 3.3.0
2025-05-07 13:59:40,064 [INFO] ThirdParty:1030 - CMSIS Pack Vendor :STMicroelectronics X-CUBE-NFC9 1.0.0
2025-05-07 13:59:40,064 [INFO] ThirdParty:1030 - CMSIS Pack Vendor :STMicroelectronics USB_HOST 2.0.0
2025-05-07 13:59:40,090 [INFO] ThirdParty:1030 - CMSIS Pack Vendor :STMicroelectronics FP-SNS-MOTENVWB1 1.4.0
2025-05-07 13:59:40,090 [INFO] ThirdParty:1030 - CMSIS Pack Vendor :STMicroelectronics X-CUBE-AZRTOS-F4 1.1.0
2025-05-07 13:59:40,090 [INFO] ThirdParty:1030 - CMSIS Pack Vendor :STMicroelectronics LIBJPEG 8.0.0
2025-05-07 13:59:40,090 [INFO] ThirdParty:1030 - CMSIS Pack Vendor :STMicroelectronics FP-ATR-ASTRA1 2.0.2
2025-05-07 13:59:40,090 [INFO] ThirdParty:1030 - CMSIS Pack Vendor :STMicroelectronics X-CUBE-BLE1 7.1.0
2025-05-07 13:59:40,091 [INFO] ThirdParty:1030 - CMSIS Pack Vendor :Avnet-IotConnect X-CUBE-IoTC-DA16k-PMOD 1.0.0
2025-05-07 13:59:40,091 [INFO] ThirdParty:1030 - CMSIS Pack Vendor :STMicroelectronics X-CUBE-SMBUS 2.1.0
2025-05-07 13:59:40,095 [INFO] ThirdParty:1030 - CMSIS Pack Vendor :STMicroelectronics X-CUBE-WB05N 1.1.0
2025-05-07 13:59:40,095 [INFO] ThirdParty:1030 - CMSIS Pack Vendor :wolfSSL I-CUBE-wolfMQTT 1.19.2
2025-05-07 13:59:40,095 [INFO] ThirdParty:1030 - CMSIS Pack Vendor :STMicroelectronics USB_DEVICE 3.0.0
2025-05-07 13:59:40,095 [INFO] ThirdParty:1030 - CMSIS Pack Vendor :STMicroelectronics X-CUBE-ISPU 2.1.0
2025-05-07 13:59:40,095 [INFO] ThirdParty:1030 - CMSIS Pack Vendor :STMicroelectronics X-CUBE-AZRTOS-WB 2.0.0
2025-05-07 13:59:40,095 [INFO] ThirdParty:1030 - CMSIS Pack Vendor :STMicroelectronics X-CUBE-GNSS1 7.0.1
2025-05-07 13:59:40,095 [INFO] ThirdParty:1030 - CMSIS Pack Vendor :STMicroelectronics X-CUBE-AZRTOS-F7 1.1.0
2025-05-07 13:59:40,095 [INFO] ThirdParty:1030 - CMSIS Pack Vendor :STMicroelectronics X-CUBE-AZRTOS-L5 2.0.0
2025-05-07 13:59:40,096 [INFO] ThirdParty:1030 - CMSIS Pack Vendor :STMicroelectronics X-CUBE-TOUCHGFX 4.25.0
2025-05-07 13:59:40,096 [INFO] ThirdParty:1030 - CMSIS Pack Vendor :STMicroelectronics USB_DEVICE 2.0.0
2025-05-07 13:59:40,096 [INFO] ThirdParty:1030 - CMSIS Pack Vendor :STMicroelectronics X-CUBE-NFC6 3.1.0
2025-05-07 13:59:40,096 [INFO] ThirdParty:1030 - CMSIS Pack Vendor :STMicroelectronics FP-SNS-STBOX1 2.0.0
2025-05-07 13:59:40,096 [INFO] ThirdParty:1030 - CMSIS Pack Vendor :STMicroelectronics X-CUBE-MEMS1 11.2.0
2025-05-07 13:59:40,096 [INFO] ThirdParty:1030 - CMSIS Pack Vendor :STMicroelectronics FreeRTOS 0.0.1
2025-05-07 13:59:40,096 [INFO] ThirdParty:1030 - CMSIS Pack Vendor :STMicroelectronics X-CUBE-AZRTOS-G0 1.1.0
2025-05-07 13:59:40,096 [INFO] ThirdParty:1030 - CMSIS Pack Vendor :STMicroelectronics X-CUBE-SAFEA1 1.2.2
2025-05-07 13:59:40,097 [INFO] ThirdParty:1030 - CMSIS Pack Vendor :STMicroelectronics X-CUBE-NFC4 3.0.0
2025-05-07 13:59:40,097 [INFO] ThirdParty:1030 - CMSIS Pack Vendor :STMicroelectronics X-CUBE-DPower 1.2.0
2025-05-07 13:59:40,098 [INFO] ThirdParty:1030 - CMSIS Pack Vendor :STMicroelectronics X-CUBE-SUBG2 5.0.0
2025-05-07 13:59:40,101 [INFO] ThirdParty:1030 - CMSIS Pack Vendor :STMicroelectronics X-CUBE-AZRTOS-H7RS 1.1.0
2025-05-07 13:59:40,101 [INFO] ThirdParty:1030 - CMSIS Pack Vendor :STMicroelectronics STM32_WPAN 1.0.0
2025-05-07 13:59:40,101 [INFO] ThirdParty:1030 - CMSIS Pack Vendor :EmbeddedOffice I-CUBE-FS-RTOS 1.0.1
2025-05-07 13:59:40,101 [INFO] ThirdParty:1030 - CMSIS Pack Vendor :STMicroelectronics lwIP 2.0.3
2025-05-07 13:59:40,101 [INFO] ThirdParty:1030 - CMSIS Pack Vendor :STMicroelectronics FP-SNS-FLIGHT1 5.0.2
2025-05-07 13:59:40,101 [INFO] ThirdParty:1030 - CMSIS Pack Vendor :Cesanta I-CUBE-Mongoose 7.13.0
2025-05-07 13:59:40,101 [INFO] ThirdParty:1030 - CMSIS Pack Vendor :STMicroelectronics USB_HOST 1.0.0
2025-05-07 13:59:40,101 [INFO] ThirdParty:1030 - CMSIS Pack Vendor :Infineon AIROC-Wi-Fi-Bluetooth-STM32 1.7.0
2025-05-07 13:59:40,102 [INFO] ThirdParty:1030 - CMSIS Pack Vendor :STMicroelectronics X-CUBE-AZRTOS-G4 2.0.0
2025-05-07 13:59:40,102 [INFO] ThirdParty:1030 - CMSIS Pack Vendor :STMicroelectronics X-CUBE-WB05N 2.0.0
2025-05-07 13:59:40,102 [INFO] ThirdParty:1030 - CMSIS Pack Vendor :STMicroelectronics PDM2PCM 3.1.0
2025-05-07 13:59:40,103 [INFO] ThirdParty:1030 - CMSIS Pack Vendor :STMicroelectronics PDM2PCM 3.3.0
2025-05-07 13:59:40,103 [INFO] ThirdParty:1030 - CMSIS Pack Vendor :wolfSSL I-CUBE-wolfTPM 3.8.0
2025-05-07 13:59:40,103 [INFO] ThirdParty:1030 - CMSIS Pack Vendor :STMicroelectronics X-CUBE-DISPLAY 3.0.0
2025-05-07 13:59:40,103 [INFO] ThirdParty:1030 - CMSIS Pack Vendor :wolfSSL I-CUBE-wolfSSH 1.4.20
2025-05-07 13:59:40,103 [INFO] ThirdParty:1030 - CMSIS Pack Vendor :STMicroelectronics X-CUBE-NFC7 2.0.0
2025-05-07 13:59:40,103 [INFO] ThirdParty:1030 - CMSIS Pack Vendor :STMicroelectronics X-CUBE-TCPP 4.2.0
2025-05-07 13:59:40,103 [INFO] ThirdParty:1030 - CMSIS Pack Vendor :RealThread X-CUBE-RT-Thread_Nano 4.1.1
2025-05-07 13:59:40,103 [INFO] ThirdParty:1030 - CMSIS Pack Vendor :STMicroelectronics X-CUBE-BLE1 7.0.0
2025-05-07 13:59:40,104 [INFO] ThirdParty:1030 - CMSIS Pack Vendor :STMicroelectronics FP-ATR-SIGFOX1 3.2.0
2025-05-07 13:59:40,104 [INFO] ThirdParty:1030 - CMSIS Pack Vendor :STMicroelectronics X-CUBE-NFC10 1.0.0
2025-05-07 13:59:40,104 [INFO] ThirdParty:1030 - CMSIS Pack Vendor :quantropi X-CUBE-qispace-sdk-base 1.9.3
2025-05-07 13:59:40,104 [INFO] ThirdParty:1030 - CMSIS Pack Vendor :STMicroelectronics X-CUBE-BLEMGR 4.0.0
2025-05-07 13:59:40,104 [INFO] ThirdParty:1030 - CMSIS Pack Vendor :STMicroelectronics X-CUBE-EEPRMA1 5.1.0
2025-05-07 13:59:40,104 [INFO] ThirdParty:1030 - CMSIS Pack Vendor :STMicroelectronics HAL Drivers 0.0.0
2025-05-07 13:59:40,104 [INFO] ThirdParty:1030 - CMSIS Pack Vendor :STMicroelectronics MBEDTLS 2.16.2
2025-05-07 13:59:40,116 [INFO] ThirdParty:1030 - CMSIS Pack Vendor :STMicroelectronics X-CUBE-IPS 3.1.0
2025-05-07 13:59:40,123 [INFO] ThirdParty:1030 - CMSIS Pack Vendor :STMicroelectronics X-CUBE-ALS 1.0.2
2025-05-07 13:59:40,123 [INFO] ThirdParty:1030 - CMSIS Pack Vendor :emotas I-CUBE-CANOPEN 1.3.0
2025-05-07 13:59:40,124 [INFO] ThirdParty:1030 - CMSIS Pack Vendor :STMicroelectronics X-CUBE-FREERTOS 1.3.0
2025-05-07 13:59:40,124 [INFO] ThirdParty:1030 - CMSIS Pack Vendor :STMicroelectronics X-CUBE-NFC7 1.0.1
2025-05-07 13:59:40,124 [INFO] ThirdParty:1030 - CMSIS Pack Vendor :STMicroelectronics MBEDTLS 2.14.1
2025-05-07 13:59:40,124 [INFO] ThirdParty:1030 - CMSIS Pack Vendor :wolfSSL I-CUBE-wolfSSL 5.7.6
2025-05-07 13:59:40,124 [INFO] ThirdParty:1030 - CMSIS Pack Vendor :ITTIA_DB I-CUBE-ITTIADB 8.9.0
2025-05-07 13:59:40,124 [INFO] ThirdParty:1030 - CMSIS Pack Vendor :STMicroelectronics X-CUBE-TOUCHGFX 4.24.2
2025-05-07 13:59:40,124 [INFO] ThirdParty:1030 - CMSIS Pack Vendor :portGmbH I-Cube-SoM-uGOAL 1.1.0
2025-05-07 13:59:40,124 [INFO] ThirdParty:1030 - CMSIS Pack Vendor :STMicroelectronics X-CUBE-AI 10.0.0
2025-05-07 13:59:40,124 [INFO] ThirdParty:1030 - CMSIS Pack Vendor :STMicroelectronics ThreadX 1.0.0
2025-05-07 13:59:40,124 [INFO] ThirdParty:1030 - CMSIS Pack Vendor :STMicroelectronics FP-SNS-SMARTAG2 1.2.0
2025-05-07 13:59:40,124 [INFO] ThirdParty:1030 - CMSIS Pack Vendor :STMicroelectronics FP-SNS-FLIGHT1 5.1.0
2025-05-07 13:59:40,124 [INFO] ThirdParty:1030 - CMSIS Pack Vendor :STMicroelectronics X-CUBE-MEMS1 11.1.0
2025-05-07 13:59:40,129 [INFO] ThirdParty:1030 - CMSIS Pack Vendor :STMicroelectronics X-CUBE-AZRTOS-WL 2.0.0
2025-05-07 13:59:40,130 [INFO] ThirdParty:1030 - CMSIS Pack Vendor :SEGGER I-CUBE-embOS 1.3.1
2025-05-07 13:59:40,130 [INFO] ThirdParty:1030 - CMSIS Pack Vendor :STMicroelectronics X-CUBE-ALGOBUILD 1.4.0
2025-05-07 13:59:40,130 [INFO] ThirdParty:1030 - CMSIS Pack Vendor :STMicroelectronics X-CUBE-DPower 1.3.0
2025-05-07 13:59:40,130 [INFO] ThirdParty:1030 - CMSIS Pack Vendor :STMicroelectronics FP-SNS-MOTENV1 5.0.0
2025-05-07 13:59:40,130 [INFO] ThirdParty:1030 - CMSIS Pack Vendor :STMicroelectronics USB_DEVICE 1.0.0
2025-05-07 13:59:40,130 [INFO] ThirdParty:1030 - CMSIS Pack Vendor :STMicroelectronics X-CUBE-AZRTOS-H7RS 1.0.0
2025-05-07 13:59:40,130 [INFO] ThirdParty:1030 - CMSIS Pack Vendor :STMicroelectronics X-CUBE-AZRTOS-L4 2.0.0
2025-05-07 13:59:40,130 [INFO] ThirdParty:1030 - CMSIS Pack Vendor :STMicroelectronics ThreadX 0.0.2
2025-05-07 13:59:40,130 [INFO] ThirdParty:1030 - CMSIS Pack Vendor :WES I-CUBE-Cesium 1.3.0
2025-05-07 13:59:40,130 [INFO] ThirdParty:1030 - CMSIS Pack Vendor :STMicroelectronics lwIP 2.1.2
2025-05-07 13:59:40,130 [INFO] ThirdParty:1030 - CMSIS Pack Vendor :STMicroelectronics X-CUBE-SFXS2LP1 4.0.0
2025-05-07 13:59:40,130 [INFO] ThirdParty:1030 - CMSIS Pack Vendor :STMicroelectronics X-CUBE-BLE2 3.3.0
2025-05-07 13:59:40,130 [INFO] ThirdParty:1030 - CMSIS Pack Vendor :STMicroelectronics X-CUBE-TOF1 3.4.2
2025-05-07 13:59:40,130 [INFO] ThirdParty:1030 - CMSIS Pack Vendor :STMicroelectronics X-CUBE-TOF1 3.4.3
2025-05-07 13:59:40,130 [INFO] ThirdParty:1030 - CMSIS Pack Vendor :STMicroelectronics PDM2PCM 3.2.0
2025-05-07 13:59:40,131 [INFO] ThirdParty:841 - exiting critical section [change project]
2025-05-07 13:59:40,721 [INFO] PinOutPanel:1589 - setPackage(No Configuration,No Configuration)
2025-05-07 13:59:40,723 [INFO] PinOutPanel:1589 - setPackage(STM32L431CCUx,UFQFPN48)
2025-05-07 13:59:41,730 [INFO] UtilMem:75 - Before build in PCC Used Memory: 957272944 Bytes (1073741824)
2025-05-07 13:59:42,798 [INFO] UtilMem:75 - After build in PCC Used Memory: 828597968 Bytes (1073741824)
2025-05-07 13:59:42,834 [INFO] IPUIPlugin:80 - create IPUIPlugin
2025-05-07 13:59:42,834 [INFO] IPUIPlugin:80 - create IPUIPlugin
2025-05-07 13:59:42,835 [INFO] IPUIPlugin:80 - create IPUIPlugin
2025-05-07 13:59:42,835 [INFO] IPUIPlugin:80 - create IPUIPlugin
2025-05-07 13:59:42,835 [INFO] IPUIPlugin:80 - create IPUIPlugin
2025-05-07 13:59:42,835 [INFO] IPUIPlugin:80 - create IPUIPlugin
2025-05-07 13:59:42,835 [INFO] IPUIPlugin:80 - create IPUIPlugin
2025-05-07 13:59:42,835 [INFO] IPUIPlugin:80 - create IPUIPlugin
2025-05-07 13:59:42,836 [INFO] IPUIPlugin:80 - create IPUIPlugin
2025-05-07 13:59:42,836 [INFO] IPUIPlugin:80 - create IPUIPlugin
2025-05-07 13:59:42,836 [INFO] IPUIPlugin:80 - create IPUIPlugin
2025-05-07 13:59:42,836 [INFO] IPUIPlugin:80 - create IPUIPlugin
2025-05-07 13:59:42,836 [INFO] IPUIPlugin:80 - create IPUIPlugin
2025-05-07 13:59:42,837 [INFO] IPUIPlugin:80 - create IPUIPlugin
2025-05-07 13:59:42,837 [INFO] IPUIPlugin:80 - create IPUIPlugin
2025-05-07 13:59:42,837 [INFO] IPUIPlugin:80 - create IPUIPlugin
2025-05-07 13:59:42,837 [INFO] IPUIPlugin:80 - create IPUIPlugin
2025-05-07 13:59:42,838 [INFO] IPUIPlugin:80 - create IPUIPlugin
2025-05-07 13:59:42,838 [INFO] IPUIPlugin:80 - create IPUIPlugin
2025-05-07 13:59:42,838 [INFO] IPUIPlugin:80 - create IPUIPlugin
2025-05-07 13:59:42,839 [INFO] IPUIPlugin:80 - create IPUIPlugin
2025-05-07 13:59:42,839 [INFO] IPUIPlugin:80 - create IPUIPlugin
2025-05-07 13:59:42,840 [INFO] IPUIPlugin:80 - create IPUIPlugin
2025-05-07 13:59:42,840 [INFO] IPUIPlugin:80 - create IPUIPlugin
2025-05-07 13:59:42,841 [INFO] IPUIPlugin:80 - create IPUIPlugin
2025-05-07 13:59:42,841 [INFO] IPUIPlugin:80 - create IPUIPlugin
2025-05-07 13:59:42,841 [INFO] IPUIPlugin:80 - create IPUIPlugin
2025-05-07 13:59:42,842 [INFO] IPUIPlugin:80 - create IPUIPlugin
2025-05-07 13:59:42,842 [INFO] IPUIPlugin:80 - create IPUIPlugin
2025-05-07 13:59:42,842 [INFO] IPUIPlugin:80 - create IPUIPlugin
2025-05-07 13:59:42,843 [INFO] IPUIPlugin:80 - create IPUIPlugin
2025-05-07 13:59:42,844 [INFO] IPUIPlugin:80 - create IPUIPlugin
2025-05-07 13:59:42,844 [INFO] IPUIPlugin:80 - create IPUIPlugin
2025-05-07 13:59:42,845 [INFO] IPUIPlugin:80 - create IPUIPlugin
2025-05-07 13:59:42,845 [INFO] IPUIPlugin:80 - create IPUIPlugin
2025-05-07 13:59:42,846 [INFO] IPUIPlugin:80 - create IPUIPlugin
2025-05-07 13:59:42,846 [INFO] IPUIPlugin:80 - create IPUIPlugin
2025-05-07 13:59:42,847 [INFO] IPUIPlugin:80 - create IPUIPlugin
2025-05-07 13:59:42,847 [INFO] IPUIPlugin:80 - create IPUIPlugin
2025-05-07 13:59:42,848 [INFO] IPUIPlugin:80 - create IPUIPlugin
2025-05-07 13:59:42,848 [INFO] IPUIPlugin:80 - create IPUIPlugin
2025-05-07 13:59:42,848 [INFO] IPUIPlugin:80 - create IPUIPlugin
2025-05-07 13:59:42,954 [INFO] CADModel:165 - CPN selected for project levelSTM32L431CCU6
2025-05-07 13:59:42,954 [INFO] CADModel:114 - Register for checkConnection events
2025-05-07 13:59:43,020 [INFO] OpenFileManager:363 - Restore cursor
2025-05-07 13:59:43,617 [INFO] UtilMem:75 - End SaveConfig() Used Memory: 900697472 Bytes (1073741824)
2025-05-07 13:59:43,822 [INFO] UtilMem:75 - End SaveConfig() Used Memory: 915622736 Bytes (1073741824)
2025-05-07 13:59:44,387 [INFO] BlockDiagram:2766 - set Specific Code input for plugin: NVIC
2025-05-07 13:59:44,387 [INFO] BlockDiagram:2766 - set Specific Code input for plugin: RCC
2025-05-07 13:59:44,389 [INFO] CodeGenerator:896 - code generatio: config db path: C:\ST\STM32CubeIDE_1.17.0\STM32CubeIDE\plugins\com.st.stm32cube.common.mx_6.13.0.202411220809\\db\
2025-05-07 13:59:44,732 [INFO] CodeEngine:255 - oldGeneratedFile, C:\Users\Assar\Documents\GitHub\Exjobb\STM32L431\VREFINT\MXTmpFiles\license.tmp_save
2025-05-07 13:59:45,223 [INFO] CodeEngine:279 - Generated code: C:\Users\Assar\Documents\GitHub\Exjobb\STM32L431\VREFINT\MXTmpFiles\license.tmp
2025-05-07 13:59:45,263 [INFO] CodeEngine:255 - oldGeneratedFile, C:\Users\Assar\Documents\GitHub\Exjobb\STM32L431\VREFINT\Core\Src\stm32l4xx_it.c_save
2025-05-07 13:59:45,758 [INFO] CodeEngine:279 - Generated code: C:\Users\Assar\Documents\GitHub\Exjobb\STM32L431\VREFINT\Core\Src\stm32l4xx_it.c
2025-05-07 13:59:45,772 [INFO] CodeEngine:255 - oldGeneratedFile, C:\Users\Assar\Documents\GitHub\Exjobb\STM32L431\VREFINT\Core\Inc\stm32l4xx_it.h_save
2025-05-07 13:59:45,926 [INFO] CodeEngine:279 - Generated code: C:\Users\Assar\Documents\GitHub\Exjobb\STM32L431\VREFINT\Core\Inc\stm32l4xx_it.h
2025-05-07 13:59:46,079 [INFO] CodeEngine:255 - oldGeneratedFile, C:\Users\Assar\Documents\GitHub\Exjobb\STM32L431\VREFINT\Core\Src\stm32l4xx_hal_msp.c_save
2025-05-07 13:59:46,339 [INFO] CodeEngine:279 - Generated code: C:\Users\Assar\Documents\GitHub\Exjobb\STM32L431\VREFINT\Core\Src\stm32l4xx_hal_msp.c
2025-05-07 13:59:46,349 [INFO] CodeEngine:255 - oldGeneratedFile, C:\Users\Assar\Documents\GitHub\Exjobb\STM32L431\VREFINT\MXTmpFiles\system.tmp_save
2025-05-07 13:59:46,488 [INFO] CodeEngine:279 - Generated code: C:\Users\Assar\Documents\GitHub\Exjobb\STM32L431\VREFINT\MXTmpFiles\system.tmp
2025-05-07 13:59:46,540 [INFO] CodeEngine:311 - oldGeneratedFile, C:\Users\Assar\Documents\GitHub\Exjobb\STM32L431\VREFINT\Core\Inc\stm32l4xx_hal_conf.h_save
2025-05-07 13:59:46,799 [INFO] CodeEngine:335 - Generated code: C:\Users\Assar\Documents\GitHub\Exjobb\STM32L431\VREFINT\Core\Inc\stm32l4xx_hal_conf.h
2025-05-07 13:59:46,889 [INFO] ApiDbMcu:508 - Load IP Config File for RCC
2025-05-07 13:59:46,921 [INFO] CodeEngine:255 - oldGeneratedFile, C:\Users\Assar\Documents\GitHub\Exjobb\STM32L431\VREFINT\Core\Inc\main.h_save
2025-05-07 13:59:47,180 [INFO] CodeEngine:279 - Generated code: C:\Users\Assar\Documents\GitHub\Exjobb\STM32L431\VREFINT\Core\Inc\main.h
2025-05-07 13:59:47,207 [INFO] CodeEngine:255 - oldGeneratedFile, C:\Users\Assar\Documents\GitHub\Exjobb\STM32L431\VREFINT\Core\Src\main.c_save
2025-05-07 13:59:47,574 [INFO] CodeEngine:279 - Generated code: C:\Users\Assar\Documents\GitHub\Exjobb\STM32L431\VREFINT\Core\Src\main.c
2025-05-07 13:59:48,432 [INFO] ProjectBuilder:3289 - Time for Copy HAL[1] : 341mS.
2025-05-07 13:59:48,440 [INFO] ProjectBuilder:4876 - Project Generator version: 4.5.0-RC5
2025-05-07 13:59:48,709 [INFO] ConfigFileManager:1579 - The Die is : DIE435
2025-05-07 13:59:48,734 [INFO] ApiDbMcu:508 - Load IP Config File for FATFS
2025-05-07 13:59:48,769 [INFO] ApiDbMcu:508 - Load IP Config File for FREERTOS
2025-05-07 13:59:48,812 [INFO] ApiDbMcu:508 - Load IP Config File for TOUCHSENSING
2025-05-07 13:59:53,178 [INFO] ProjectBuilder:5154 - Time for Generating toolchain IDE Files: 4738mS.
2025-05-07 13:59:53,179 [INFO] ProjectBuilder:3146 - Time for Copy CMSIS : 1mS.
2025-05-07 13:59:53,183 [INFO] ProjectBuilder:3146 - Time for Copy CMSIS : 0mS.
2025-05-07 13:59:54,809 [INFO] McuFinderGlobals:76 - Set McuFinderConnectedMode to true
2025-05-07 13:59:54,811 [INFO] ApiDb:448 - Save user favorites file C:\Users\Assar/.stm32cubeide/favorites.mcus.txt: 1 item(s)
2025-05-07 13:59:54,812 [INFO] ApiDb:452 - User favorites MCUs=[STM32L431CCU6]
2025-05-07 14:00:18,183 [INFO] ADCParametersView:116 -                Rank 1 : false
2025-05-07 14:00:18,227 [INFO] ADCParametersView:116 -                Rank 1 : false
2025-05-07 14:00:18,228 [INFO] ADCParametersView:116 -                Rank 1 : false
2025-05-07 14:00:18,228 [INFO] ADCParametersView:116 -                Rank 1 : false
2025-05-07 14:00:18,228 [INFO] ADCParametersView:116 -                Rank 1 : false
2025-05-07 14:00:18,228 [INFO] ADCParametersView:116 -                Rank 1 : false
2025-05-07 14:00:18,229 [INFO] ADCParametersView:116 -                Rank 1 : false
2025-05-07 14:00:18,229 [INFO] ADCParametersView:116 -                Rank 1 : false
2025-05-07 14:00:18,229 [INFO] ADCParametersView:116 -                Rank 1 : false
2025-05-07 14:00:18,229 [INFO] ADCParametersView:116 -                Rank 1 : false
2025-05-07 14:00:18,229 [INFO] ADCParametersView:116 -                Rank 1 : false
2025-05-07 14:00:18,230 [INFO] ADCParametersView:116 -                Rank 1 : false
2025-05-07 14:00:18,230 [INFO] ADCParametersView:116 -                Rank 1 : false
2025-05-07 14:00:18,230 [INFO] ADCParametersView:116 -                Rank 1 : false
2025-05-07 14:00:18,230 [INFO] ADCParametersView:116 -                Rank 1 : false
2025-05-07 14:00:18,230 [INFO] ADCParametersView:116 -                Rank 1 : false
2025-05-07 14:00:18,230 [INFO] ADCParametersView:116 -                Rank 1 : false
2025-05-07 14:00:18,230 [INFO] ADCParametersView:116 -                Rank 1 : false
2025-05-07 14:00:18,230 [INFO] ADCParametersView:116 -                Rank 1 : false
2025-05-07 14:00:18,231 [INFO] ADCParametersView:116 -                Rank 1 : false
2025-05-07 14:00:18,251 [INFO] ADCParametersView:116 -                Rank 1 : false
2025-05-07 14:00:18,313 [INFO] NvicIntPanel:101 - NVIC parent = com.st.microxplorer.plugins.ip.nvic.MultiNvicIntPanel[,0,0,0x0,invalid,layout=javax.swing.BoxLayout,alignmentX=0.0,alignmentY=0.0,border=,flags=9,maximumSize=,minimumSize=,preferredSize=]
2025-05-07 14:00:18,563 [INFO] ADCParametersView:116 -                Rank 1 : false
2025-05-07 14:00:18,564 [INFO] ADCParametersView:116 -                Rank 1 : false
2025-05-07 14:00:18,564 [INFO] ADCParametersView:116 -                Rank 1 : false
2025-05-07 14:00:18,564 [INFO] ADCParametersView:116 -                Rank 1 : false
2025-05-07 14:00:18,564 [INFO] ADCParametersView:116 -                Rank 1 : false
2025-05-07 14:00:18,565 [INFO] ADCParametersView:116 -                Rank 1 : false
2025-05-07 14:00:18,565 [INFO] ADCParametersView:116 -                Rank 1 : false
2025-05-07 14:00:18,565 [INFO] ADCParametersView:116 -                Rank 1 : false
2025-05-07 14:00:18,565 [INFO] ADCParametersView:116 -                Rank 1 : false
2025-05-07 14:00:18,565 [INFO] ADCParametersView:116 -                Rank 1 : false
2025-05-07 14:00:18,566 [INFO] ADCParametersView:116 -                Rank 1 : false
2025-05-07 14:00:18,566 [INFO] ADCParametersView:116 -                Rank 1 : false
2025-05-07 14:00:18,566 [INFO] ADCParametersView:116 -                Rank 1 : false
2025-05-07 14:00:18,566 [INFO] ADCParametersView:116 -                Rank 1 : false
2025-05-07 14:00:18,566 [INFO] ADCParametersView:116 -                Rank 1 : false
2025-05-07 14:00:18,566 [INFO] ADCParametersView:116 -                Rank 1 : false
2025-05-07 14:00:18,566 [INFO] ADCParametersView:116 -                Rank 1 : false
2025-05-07 14:00:18,567 [INFO] ADCParametersView:116 -                Rank 1 : false
2025-05-07 14:00:18,567 [INFO] ADCParametersView:116 -                Rank 1 : false
2025-05-07 14:00:18,615 [INFO] ADCParametersView:116 -                Rank 1 : false
2025-05-07 14:00:18,677 [INFO] ADCParametersView:116 -                Rank 1 : false
2025-05-07 14:00:18,677 [INFO] ADCParametersView:116 -                Rank 1 : false
2025-05-07 14:00:18,678 [INFO] ADCParametersView:116 -                Rank 1 : false
2025-05-07 14:00:18,678 [INFO] ADCParametersView:116 -                Rank 1 : false
2025-05-07 14:00:18,678 [INFO] ADCParametersView:116 -                Rank 1 : false
2025-05-07 14:00:18,678 [INFO] ADCParametersView:116 -                Rank 1 : false
2025-05-07 14:00:18,678 [INFO] ADCParametersView:116 -                Rank 1 : false
2025-05-07 14:00:18,678 [INFO] ADCParametersView:116 -                Rank 1 : false
2025-05-07 14:00:18,678 [INFO] ADCParametersView:116 -                Rank 1 : false
2025-05-07 14:00:18,679 [INFO] ADCParametersView:116 -                Rank 1 : false
2025-05-07 14:00:18,679 [INFO] ADCParametersView:116 -                Rank 1 : false
2025-05-07 14:00:18,679 [INFO] ADCParametersView:116 -                Rank 1 : false
2025-05-07 14:00:18,679 [INFO] ADCParametersView:116 -                Rank 1 : false
2025-05-07 14:00:18,679 [INFO] ADCParametersView:116 -                Rank 1 : false
2025-05-07 14:00:18,679 [INFO] ADCParametersView:116 -                Rank 1 : false
2025-05-07 14:00:18,680 [INFO] ADCParametersView:116 -                Rank 1 : false
2025-05-07 14:00:18,680 [INFO] ADCParametersView:116 -                Rank 1 : false
2025-05-07 14:00:18,680 [INFO] ADCParametersView:116 -                Rank 1 : false
2025-05-07 14:00:18,680 [INFO] ADCParametersView:116 -                Rank 1 : false
2025-05-07 14:00:18,749 [INFO] ADCParametersView:116 -                Rank 1 : false
2025-05-07 14:00:38,272 [INFO] ADCParametersView:116 -                Rank 1 : false
2025-05-07 14:00:39,624 [INFO] ADCParametersView:116 -                Rank 1 : false
2025-05-07 14:00:41,096 [INFO] ADCParametersView:116 -                Rank 1 : false
2025-05-07 14:00:42,833 [INFO] ADCParametersView:116 -                Rank 1 : false
2025-05-07 14:00:46,520 [INFO] ADCParametersView:116 -                Rank 1 : false
2025-05-07 14:00:48,057 [INFO] ADCParametersView:116 -                Rank 1 : false
2025-05-07 14:00:58,152 [INFO] SpinnerEditorADC:65 - is string kkkk
2025-05-07 14:01:19,956 [INFO] ADCParametersView:116 -                Rank 1 : false
2025-05-07 14:01:19,958 [INFO] ADCParametersView:116 -                Rank 1 : false
2025-05-07 14:01:19,958 [INFO] ADCParametersView:116 -                Rank 1 : false
2025-05-07 14:01:19,958 [INFO] ADCParametersView:116 -                Rank 1 : false
2025-05-07 14:01:19,959 [INFO] ADCParametersView:116 -                Rank 1 : false
2025-05-07 14:01:19,959 [INFO] ADCParametersView:116 -                Rank 1 : false
2025-05-07 14:01:19,959 [INFO] ADCParametersView:116 -                Rank 1 : false
2025-05-07 14:01:19,959 [INFO] ADCParametersView:116 -                Rank 1 : false
2025-05-07 14:01:19,959 [INFO] ADCParametersView:116 -                Rank 1 : false
2025-05-07 14:01:19,959 [INFO] ADCParametersView:116 -                Rank 1 : false
2025-05-07 14:01:19,959 [INFO] ADCParametersView:116 -                Rank 1 : false
2025-05-07 14:01:19,960 [INFO] ADCParametersView:116 -                Rank 1 : false
2025-05-07 14:01:19,960 [INFO] ADCParametersView:116 -                Rank 1 : false
2025-05-07 14:01:19,960 [INFO] ADCParametersView:116 -                Rank 1 : false
2025-05-07 14:01:19,960 [INFO] ADCParametersView:116 -                Rank 1 : false
2025-05-07 14:01:19,960 [INFO] ADCParametersView:116 -                Rank 1 : false
2025-05-07 14:01:19,960 [INFO] ADCParametersView:116 -                Rank 1 : false
2025-05-07 14:01:19,960 [INFO] ADCParametersView:116 -                Rank 1 : false
2025-05-07 14:01:19,960 [INFO] ADCParametersView:116 -                Rank 1 : false
2025-05-07 14:01:19,980 [INFO] ADCParametersView:116 -                Rank 1 : false
2025-05-07 14:01:20,016 [INFO] ADCParametersView:116 -                Rank 1 : false
2025-05-07 14:01:20,019 [INFO] ADCParametersView:116 -                Rank 1 : false
2025-05-07 14:01:20,019 [INFO] ADCParametersView:116 -                Rank 1 : false
2025-05-07 14:01:20,019 [INFO] ADCParametersView:116 -                Rank 1 : false
2025-05-07 14:01:20,020 [INFO] ADCParametersView:116 -                Rank 1 : false
2025-05-07 14:01:20,020 [INFO] ADCParametersView:116 -                Rank 1 : false
2025-05-07 14:01:20,020 [INFO] ADCParametersView:116 -                Rank 1 : false
2025-05-07 14:01:20,020 [INFO] ADCParametersView:116 -                Rank 1 : false
2025-05-07 14:01:20,020 [INFO] ADCParametersView:116 -                Rank 1 : false
2025-05-07 14:01:20,020 [INFO] ADCParametersView:116 -                Rank 1 : false
2025-05-07 14:01:20,021 [INFO] ADCParametersView:116 -                Rank 1 : false
2025-05-07 14:01:20,021 [INFO] ADCParametersView:116 -                Rank 1 : false
2025-05-07 14:01:20,021 [INFO] ADCParametersView:116 -                Rank 1 : false
2025-05-07 14:01:20,021 [INFO] ADCParametersView:116 -                Rank 1 : false
2025-05-07 14:01:20,021 [INFO] ADCParametersView:116 -                Rank 1 : false
2025-05-07 14:01:20,021 [INFO] ADCParametersView:116 -                Rank 1 : false
2025-05-07 14:01:20,021 [INFO] ADCParametersView:116 -                Rank 1 : false
2025-05-07 14:01:20,021 [INFO] ADCParametersView:116 -                Rank 1 : false
2025-05-07 14:01:20,021 [INFO] ADCParametersView:116 -                Rank 1 : false
2025-05-07 14:01:20,044 [INFO] ADCParametersView:116 -                Rank 1 : false
2025-05-07 14:01:20,102 [INFO] ADCParametersView:116 -                Rank 1 : false
2025-05-07 14:01:20,104 [INFO] ADCParametersView:116 -                Rank 1 : false
2025-05-07 14:01:20,104 [INFO] ADCParametersView:116 -                Rank 1 : false
2025-05-07 14:01:20,104 [INFO] ADCParametersView:116 -                Rank 1 : false
2025-05-07 14:01:20,104 [INFO] ADCParametersView:116 -                Rank 1 : false
2025-05-07 14:01:20,105 [INFO] ADCParametersView:116 -                Rank 1 : false
2025-05-07 14:01:20,105 [INFO] ADCParametersView:116 -                Rank 1 : false
2025-05-07 14:01:20,105 [INFO] ADCParametersView:116 -                Rank 1 : false
2025-05-07 14:01:20,105 [INFO] ADCParametersView:116 -                Rank 1 : false
2025-05-07 14:01:20,105 [INFO] ADCParametersView:116 -                Rank 1 : false
2025-05-07 14:01:20,105 [INFO] ADCParametersView:116 -                Rank 1 : false
2025-05-07 14:01:20,105 [INFO] ADCParametersView:116 -                Rank 1 : false
2025-05-07 14:01:20,105 [INFO] ADCParametersView:116 -                Rank 1 : false
2025-05-07 14:01:20,106 [INFO] ADCParametersView:116 -                Rank 1 : false
2025-05-07 14:01:20,106 [INFO] ADCParametersView:116 -                Rank 1 : false
2025-05-07 14:01:20,106 [INFO] ADCParametersView:116 -                Rank 1 : false
2025-05-07 14:01:20,106 [INFO] ADCParametersView:116 -                Rank 1 : false
2025-05-07 14:01:20,106 [INFO] ADCParametersView:116 -                Rank 1 : false
2025-05-07 14:01:20,106 [INFO] ADCParametersView:116 -                Rank 1 : false
2025-05-07 14:01:20,178 [INFO] ADCParametersView:116 -                Rank 1 : false
