2025-06-18 10:17:33,497 [INFO] WebApp:190 - Connection lost
2025-06-18 10:17:34,946 [INFO] WebApp:187 - Connection restablished
2025-06-18 10:17:34,976 [INFO] WebApp:190 - Connection lost
2025-06-18 10:17:35,271 [INFO] WebApp:187 - Connection restablished
2025-06-18 12:29:12,527 [INFO] ParamManager:896 - [Generic UI] PropertyChangeEvent: TAB_STATUS_CHANGED , "dont care", "never mind"
2025-06-18 12:29:12,588 [INFO] ParamManager:896 - [Generic UI] PropertyChangeEvent: TAB_STATUS_CHANGED , "dont care", "never mind"
2025-06-18 12:29:12,617 [INFO] ADCParametersView:116 -                Rank 1 : false
2025-06-18 12:29:12,713 [INFO] ADCParametersView:116 -                Rank 1 : false
2025-06-18 12:29:12,714 [INFO] ADCParametersView:116 -                Rank 1 : false
2025-06-18 12:29:12,714 [INFO] ADCParametersView:116 -                Rank 1 : false
2025-06-18 12:29:12,715 [INFO] ADCParametersView:116 -                Rank 1 : false
2025-06-18 12:29:12,715 [INFO] ADCParametersView:116 -                Rank 1 : false
2025-06-18 12:29:12,716 [INFO] ADCParametersView:116 -                Rank 1 : false
2025-06-18 12:29:12,716 [INFO] ADCParametersView:116 -                Rank 1 : false
2025-06-18 12:29:12,717 [INFO] ADCParametersView:116 -                Rank 1 : false
2025-06-18 12:29:12,717 [INFO] ADCParametersView:116 -                Rank 1 : false
2025-06-18 12:29:12,718 [INFO] ADCParametersView:116 -                Rank 1 : false
2025-06-18 12:29:12,718 [INFO] ADCParametersView:116 -                Rank 1 : false
2025-06-18 12:29:12,718 [INFO] ADCParametersView:116 -                Rank 1 : false
2025-06-18 12:29:12,719 [INFO] ADCParametersView:116 -                Rank 1 : false
2025-06-18 12:29:12,719 [INFO] ADCParametersView:116 -                Rank 1 : false
2025-06-18 12:29:12,719 [INFO] ADCParametersView:116 -                Rank 1 : false
2025-06-18 12:29:12,719 [INFO] ADCParametersView:116 -                Rank 1 : false
2025-06-18 12:29:12,720 [INFO] ADCParametersView:116 -                Rank 1 : false
2025-06-18 12:29:12,723 [INFO] ADCParametersView:116 -                Rank 1 : false
2025-06-18 12:29:12,723 [INFO] ADCParametersView:116 -                Rank 1 : false
2025-06-18 12:29:12,753 [INFO] ADCParametersView:116 -                Rank 1 : false
2025-06-18 12:29:12,977 [INFO] NvicIntPanel:101 - NVIC parent = com.st.microxplorer.plugins.ip.nvic.MultiNvicIntPanel[,0,0,0x0,invalid,layout=javax.swing.BoxLayout,alignmentX=0.0,alignmentY=0.0,border=,flags=9,maximumSize=,minimumSize=,preferredSize=]
2025-06-18 12:29:13,207 [INFO] NvicIntPanel:101 - NVIC parent = com.st.microxplorer.plugins.ip.nvic.MultiNvicIntPanel[,0,0,0x0,invalid,layout=javax.swing.BoxLayout,alignmentX=0.0,alignmentY=0.0,border=,flags=9,maximumSize=,minimumSize=,preferredSize=]
2025-06-18 12:29:13,396 [INFO] NvicIntPanel:101 - NVIC parent = com.st.microxplorer.plugins.ip.nvic.MultiNvicIntPanel[,0,0,0x0,invalid,layout=javax.swing.BoxLayout,alignmentX=0.0,alignmentY=0.0,border=,flags=9,maximumSize=,minimumSize=,preferredSize=]
2025-06-18 12:29:13,511 [INFO] ADCParametersView:116 -                Rank 1 : false
2025-06-18 12:29:13,511 [INFO] ADCParametersView:116 -                Rank 1 : false
2025-06-18 12:29:13,512 [INFO] ADCParametersView:116 -                Rank 1 : false
2025-06-18 12:29:13,512 [INFO] ADCParametersView:116 -                Rank 1 : false
2025-06-18 12:29:13,513 [INFO] ADCParametersView:116 -                Rank 1 : false
2025-06-18 12:29:13,513 [INFO] ADCParametersView:116 -                Rank 1 : false
2025-06-18 12:29:13,514 [INFO] ADCParametersView:116 -                Rank 1 : false
2025-06-18 12:29:13,514 [INFO] ADCParametersView:116 -                Rank 1 : false
2025-06-18 12:29:13,514 [INFO] ADCParametersView:116 -                Rank 1 : false
2025-06-18 12:29:13,515 [INFO] ADCParametersView:116 -                Rank 1 : false
2025-06-18 12:29:13,515 [INFO] ADCParametersView:116 -                Rank 1 : false
2025-06-18 12:29:13,515 [INFO] ADCParametersView:116 -                Rank 1 : false
2025-06-18 12:29:13,516 [INFO] ADCParametersView:116 -                Rank 1 : false
2025-06-18 12:29:13,516 [INFO] ADCParametersView:116 -                Rank 1 : false
2025-06-18 12:29:13,517 [INFO] ADCParametersView:116 -                Rank 1 : false
2025-06-18 12:29:13,517 [INFO] ADCParametersView:116 -                Rank 1 : false
2025-06-18 12:29:13,517 [INFO] ADCParametersView:116 -                Rank 1 : false
2025-06-18 12:29:13,517 [INFO] ADCParametersView:116 -                Rank 1 : false
2025-06-18 12:29:13,517 [INFO] ADCParametersView:116 -                Rank 1 : false
2025-06-18 12:29:13,588 [INFO] ADCParametersView:116 -                Rank 1 : false
2025-06-18 12:29:13,706 [INFO] ADCParametersView:116 -                Rank 1 : false
2025-06-18 12:29:13,706 [INFO] ADCParametersView:116 -                Rank 1 : false
2025-06-18 12:29:13,706 [INFO] ADCParametersView:116 -                Rank 1 : false
2025-06-18 12:29:13,707 [INFO] ADCParametersView:116 -                Rank 1 : false
2025-06-18 12:29:13,707 [INFO] ADCParametersView:116 -                Rank 1 : false
2025-06-18 12:29:13,707 [INFO] ADCParametersView:116 -                Rank 1 : false
2025-06-18 12:29:13,707 [INFO] ADCParametersView:116 -                Rank 1 : false
2025-06-18 12:29:13,708 [INFO] ADCParametersView:116 -                Rank 1 : false
2025-06-18 12:29:13,708 [INFO] ADCParametersView:116 -                Rank 1 : false
2025-06-18 12:29:13,709 [INFO] ADCParametersView:116 -                Rank 1 : false
2025-06-18 12:29:13,709 [INFO] ADCParametersView:116 -                Rank 1 : false
2025-06-18 12:29:13,709 [INFO] ADCParametersView:116 -                Rank 1 : false
2025-06-18 12:29:13,709 [INFO] ADCParametersView:116 -                Rank 1 : false
2025-06-18 12:29:13,710 [INFO] ADCParametersView:116 -                Rank 1 : false
2025-06-18 12:29:13,710 [INFO] ADCParametersView:116 -                Rank 1 : false
2025-06-18 12:29:13,710 [INFO] ADCParametersView:116 -                Rank 1 : false
2025-06-18 12:29:13,710 [INFO] ADCParametersView:116 -                Rank 1 : false
2025-06-18 12:29:13,711 [INFO] ADCParametersView:116 -                Rank 1 : false
2025-06-18 12:29:13,711 [INFO] ADCParametersView:116 -                Rank 1 : false
2025-06-18 12:29:13,790 [INFO] ADCParametersView:116 -                Rank 1 : false
2025-06-18 12:30:09,874 [INFO] ADCParametersView:116 -                Rank 1 : false
2025-06-18 12:30:09,885 [INFO] ADCParametersView:116 -                Rank 1 : false
2025-06-18 12:30:09,886 [INFO] ADCParametersView:116 -                Rank 1 : false
2025-06-18 12:30:09,886 [INFO] ADCParametersView:116 -                Rank 1 : false
2025-06-18 12:30:09,886 [INFO] ADCParametersView:116 -                Rank 1 : false
2025-06-18 12:30:09,886 [INFO] ADCParametersView:116 -                Rank 1 : false
2025-06-18 12:30:09,887 [INFO] ADCParametersView:116 -                Rank 1 : false
2025-06-18 12:30:09,887 [INFO] ADCParametersView:116 -                Rank 1 : false
2025-06-18 12:30:09,888 [INFO] ADCParametersView:116 -                Rank 1 : false
2025-06-18 12:30:09,888 [INFO] ADCParametersView:116 -                Rank 1 : false
2025-06-18 12:30:09,888 [INFO] ADCParametersView:116 -                Rank 1 : false
2025-06-18 12:30:09,888 [INFO] ADCParametersView:116 -                Rank 1 : false
2025-06-18 12:30:09,889 [INFO] ADCParametersView:116 -                Rank 1 : false
2025-06-18 12:30:09,889 [INFO] ADCParametersView:116 -                Rank 1 : false
2025-06-18 12:30:09,889 [INFO] ADCParametersView:116 -                Rank 1 : false
2025-06-18 12:30:09,890 [INFO] ADCParametersView:116 -                Rank 1 : false
2025-06-18 12:30:09,890 [INFO] ADCParametersView:116 -                Rank 1 : false
2025-06-18 12:30:09,890 [INFO] ADCParametersView:116 -                Rank 1 : false
2025-06-18 12:30:09,890 [INFO] ADCParametersView:116 -                Rank 1 : false
2025-06-18 12:30:09,915 [INFO] ADCParametersView:116 -                Rank 1 : false
2025-06-18 12:30:09,954 [INFO] ADCParametersView:116 -                Rank 1 : false
2025-06-18 12:30:09,958 [INFO] ADCParametersView:116 -                Rank 1 : false
2025-06-18 12:30:09,959 [INFO] ADCParametersView:116 -                Rank 1 : false
2025-06-18 12:30:09,959 [INFO] ADCParametersView:116 -                Rank 1 : false
2025-06-18 12:30:09,959 [INFO] ADCParametersView:116 -                Rank 1 : false
2025-06-18 12:30:09,960 [INFO] ADCParametersView:116 -                Rank 1 : false
2025-06-18 12:30:09,960 [INFO] ADCParametersView:116 -                Rank 1 : false
2025-06-18 12:30:09,960 [INFO] ADCParametersView:116 -                Rank 1 : false
2025-06-18 12:30:09,960 [INFO] ADCParametersView:116 -                Rank 1 : false
2025-06-18 12:30:09,961 [INFO] ADCParametersView:116 -                Rank 1 : false
2025-06-18 12:30:09,961 [INFO] ADCParametersView:116 -                Rank 1 : false
2025-06-18 12:30:09,961 [INFO] ADCParametersView:116 -                Rank 1 : false
2025-06-18 12:30:09,961 [INFO] ADCParametersView:116 -                Rank 1 : false
2025-06-18 12:30:09,961 [INFO] ADCParametersView:116 -                Rank 1 : false
2025-06-18 12:30:09,962 [INFO] ADCParametersView:116 -                Rank 1 : false
2025-06-18 12:30:09,962 [INFO] ADCParametersView:116 -                Rank 1 : false
2025-06-18 12:30:09,963 [INFO] ADCParametersView:116 -                Rank 1 : false
2025-06-18 12:30:09,963 [INFO] ADCParametersView:116 -                Rank 1 : false
2025-06-18 12:30:09,963 [INFO] ADCParametersView:116 -                Rank 1 : false
2025-06-18 12:30:09,988 [INFO] ADCParametersView:116 -                Rank 1 : false
2025-06-18 12:30:10,061 [INFO] ADCParametersView:116 -                Rank 1 : false
2025-06-18 12:30:10,068 [INFO] ADCParametersView:116 -                Rank 1 : false
2025-06-18 12:30:10,068 [INFO] ADCParametersView:116 -                Rank 1 : false
2025-06-18 12:30:10,069 [INFO] ADCParametersView:116 -                Rank 1 : false
2025-06-18 12:30:10,069 [INFO] ADCParametersView:116 -                Rank 1 : false
2025-06-18 12:30:10,069 [INFO] ADCParametersView:116 -                Rank 1 : false
2025-06-18 12:30:10,070 [INFO] ADCParametersView:116 -                Rank 1 : false
2025-06-18 12:30:10,070 [INFO] ADCParametersView:116 -                Rank 1 : false
2025-06-18 12:30:10,070 [INFO] ADCParametersView:116 -                Rank 1 : false
2025-06-18 12:30:10,070 [INFO] ADCParametersView:116 -                Rank 1 : false
2025-06-18 12:30:10,070 [INFO] ADCParametersView:116 -                Rank 1 : false
2025-06-18 12:30:10,071 [INFO] ADCParametersView:116 -                Rank 1 : false
2025-06-18 12:30:10,071 [INFO] ADCParametersView:116 -                Rank 1 : false
2025-06-18 12:30:10,071 [INFO] ADCParametersView:116 -                Rank 1 : false
2025-06-18 12:30:10,071 [INFO] ADCParametersView:116 -                Rank 1 : false
2025-06-18 12:30:10,071 [INFO] ADCParametersView:116 -                Rank 1 : false
2025-06-18 12:30:10,072 [INFO] ADCParametersView:116 -                Rank 1 : false
2025-06-18 12:30:10,072 [INFO] ADCParametersView:116 -                Rank 1 : false
2025-06-18 12:30:10,073 [INFO] ADCParametersView:116 -                Rank 1 : false
2025-06-18 12:30:10,135 [INFO] ADCParametersView:116 -                Rank 1 : false
