2025-04-29 15:40:00,459 [ERROR] LogOutputStream:75 - [STDERR_REDIRECT] Exception in thread "AWT-EventQueue-0" java.lang.NullPointerException: Cannot invoke "com.st.microxplorer.mcu.Pin.isPinLabelSettable()" because "pin" is null
2025-04-29 15:40:00,513 [ERROR] LogOutputStream:75 - [STDERR_REDIRECT] 	at com.st.microxplorer.plugins.ip.gpio.gui.ParamContainer.isLabelEditable(ParamContainer.java:260)
2025-04-29 15:40:00,516 [ERROR] LogOutputStream:75 - [STDERR_REDIRECT] 	at com.st.microxplorer.plugins.ip.gpio.gui.ParamContainer.createPanel(ParamContainer.java:121)
2025-04-29 15:40:00,518 [ERROR] LogOutputStream:75 - [STDERR_REDIRECT] 	at com.st.microxplorer.plugins.ip.gpio.gui.ParamContainer.update(ParamContainer.java:174)
2025-04-29 15:40:00,523 [ERROR] LogOutputStream:75 - [STDERR_REDIRECT] 	at com.st.microxplorer.plugins.ip.gpio.gui.GpioTablePanel.propertyChange(GpioTablePanel.java:485)
2025-04-29 15:40:00,525 [ERROR] LogOutputStream:75 - [STDERR_REDIRECT] 	at java.desktop/java.beans.PropertyChangeSupport.fire(PropertyChangeSupport.java:343)
2025-04-29 15:40:00,552 [ERROR] LogOutputStream:75 - [STDERR_REDIRECT] 	at java.desktop/java.beans.PropertyChangeSupport.firePropertyChange(PropertyChangeSupport.java:335)
2025-04-29 15:40:00,554 [ERROR] LogOutputStream:75 - [STDERR_REDIRECT] 	at com.st.microxplorer.mxsystem.MxSystem.propertyChange(MxSystem.java:473)
2025-04-29 15:40:00,557 [ERROR] LogOutputStream:75 - [STDERR_REDIRECT] 	at java.desktop/java.beans.PropertyChangeSupport.fire(PropertyChangeSupport.java:343)
2025-04-29 15:40:00,560 [ERROR] LogOutputStream:75 - [STDERR_REDIRECT] 	at java.desktop/java.beans.PropertyChangeSupport.firePropertyChange(PropertyChangeSupport.java:335)
2025-04-29 15:40:00,565 [ERROR] LogOutputStream:75 - [STDERR_REDIRECT] 	at java.desktop/java.beans.PropertyChangeSupport.firePropertyChange(PropertyChangeSupport.java:268)
2025-04-29 15:40:00,568 [ERROR] LogOutputStream:75 - [STDERR_REDIRECT] 	at com.st.microxplorer.util.MXPropertyChangeSupport.firePropertyChange(MXPropertyChangeSupport.java:54)
2025-04-29 15:40:00,571 [ERROR] LogOutputStream:75 - [STDERR_REDIRECT] 	at com.st.microxplorer.mcu.Mcu.propertyChange(Mcu.java:1817)
2025-04-29 15:40:00,575 [ERROR] LogOutputStream:75 - [STDERR_REDIRECT] 	at java.desktop/java.beans.PropertyChangeSupport.fire(PropertyChangeSupport.java:343)
2025-04-29 15:40:00,579 [ERROR] LogOutputStream:75 - [STDERR_REDIRECT] 	at java.desktop/java.beans.PropertyChangeSupport.firePropertyChange(PropertyChangeSupport.java:335)
2025-04-29 15:40:00,581 [ERROR] LogOutputStream:75 - [STDERR_REDIRECT] 	at java.desktop/java.beans.PropertyChangeSupport.firePropertyChange(PropertyChangeSupport.java:268)
2025-04-29 15:40:00,584 [ERROR] LogOutputStream:75 - [STDERR_REDIRECT] 	at com.st.microxplorer.util.MXPropertyChangeSupport.firePropertyChange(MXPropertyChangeSupport.java:54)
2025-04-29 15:40:00,586 [ERROR] LogOutputStream:75 - [STDERR_REDIRECT] 	at com.st.microxplorer.mcu.Pin.setPinLabel(Pin.java:2318)
2025-04-29 15:40:00,589 [ERROR] LogOutputStream:75 - [STDERR_REDIRECT] 	at com.st.microxplorer.plugins.pinoutconfig.gui.PinOutPanel$InputLabel$2.focusLost(PinOutPanel.java:2308)
2025-04-29 15:40:00,592 [ERROR] LogOutputStream:75 - [STDERR_REDIRECT] 	at java.desktop/java.awt.AWTEventMulticaster.focusLost(AWTEventMulticaster.java:238)
2025-04-29 15:40:00,594 [ERROR] LogOutputStream:75 - [STDERR_REDIRECT] 	at java.desktop/java.awt.AWTEventMulticaster.focusLost(AWTEventMulticaster.java:237)
2025-04-29 15:40:00,597 [ERROR] LogOutputStream:75 - [STDERR_REDIRECT] 	at java.desktop/java.awt.Component.processFocusEvent(Component.java:6513)
2025-04-29 15:40:00,600 [ERROR] LogOutputStream:75 - [STDERR_REDIRECT] 	at java.desktop/java.awt.Component.processEvent(Component.java:6377)
2025-04-29 15:40:00,602 [ERROR] LogOutputStream:75 - [STDERR_REDIRECT] 	at java.desktop/java.awt.Container.processEvent(Container.java:2266)
2025-04-29 15:40:00,604 [ERROR] LogOutputStream:75 - [STDERR_REDIRECT] 	at java.desktop/java.awt.Component.dispatchEventImpl(Component.java:4996)
2025-04-29 15:40:00,608 [ERROR] LogOutputStream:75 - [STDERR_REDIRECT] 	at java.desktop/java.awt.Container.dispatchEventImpl(Container.java:2324)
2025-04-29 15:40:00,611 [ERROR] LogOutputStream:75 - [STDERR_REDIRECT] 	at java.desktop/java.awt.Component.dispatchEvent(Component.java:4828)
2025-04-29 15:40:00,614 [ERROR] LogOutputStream:75 - [STDERR_REDIRECT] 	at java.desktop/java.awt.KeyboardFocusManager.redispatchEvent(KeyboardFocusManager.java:1952)
2025-04-29 15:40:00,616 [ERROR] LogOutputStream:75 - [STDERR_REDIRECT] 	at java.desktop/java.awt.DefaultKeyboardFocusManager.typeAheadAssertions(DefaultKeyboardFocusManager.java:1070)
2025-04-29 15:40:00,619 [ERROR] LogOutputStream:75 - [STDERR_REDIRECT] 	at java.desktop/java.awt.DefaultKeyboardFocusManager.dispatchEvent(DefaultKeyboardFocusManager.java:738)
2025-04-29 15:40:00,622 [ERROR] LogOutputStream:75 - [STDERR_REDIRECT] 	at java.desktop/java.awt.Component.dispatchEventImpl(Component.java:4877)
2025-04-29 15:40:00,624 [ERROR] LogOutputStream:75 - [STDERR_REDIRECT] 	at java.desktop/java.awt.Container.dispatchEventImpl(Container.java:2324)
2025-04-29 15:40:00,627 [ERROR] LogOutputStream:75 - [STDERR_REDIRECT] 	at java.desktop/java.awt.Component.dispatchEvent(Component.java:4828)
2025-04-29 15:40:00,630 [ERROR] LogOutputStream:75 - [STDERR_REDIRECT] 	at java.desktop/java.awt.EventQueue.dispatchEventImpl(EventQueue.java:775)
2025-04-29 15:40:00,632 [ERROR] LogOutputStream:75 - [STDERR_REDIRECT] 	at java.desktop/java.awt.EventQueue$4.run(EventQueue.java:720)
2025-04-29 15:40:00,634 [ERROR] LogOutputStream:75 - [STDERR_REDIRECT] 	at java.desktop/java.awt.EventQueue$4.run(EventQueue.java:714)
2025-04-29 15:40:00,637 [ERROR] LogOutputStream:75 - [STDERR_REDIRECT] 	at java.base/java.security.AccessController.doPrivileged(AccessController.java:400)
2025-04-29 15:40:00,640 [ERROR] LogOutputStream:75 - [STDERR_REDIRECT] 	at java.base/java.security.ProtectionDomain$JavaSecurityAccessImpl.doIntersectionPrivilege(ProtectionDomain.java:87)
2025-04-29 15:40:00,645 [ERROR] LogOutputStream:75 - [STDERR_REDIRECT] 	at java.base/java.security.ProtectionDomain$JavaSecurityAccessImpl.doIntersectionPrivilege(ProtectionDomain.java:98)
2025-04-29 15:40:00,647 [ERROR] LogOutputStream:75 - [STDERR_REDIRECT] 	at java.desktop/java.awt.EventQueue$5.run(EventQueue.java:747)
2025-04-29 15:40:00,651 [ERROR] LogOutputStream:75 - [STDERR_REDIRECT] 	at java.desktop/java.awt.EventQueue$5.run(EventQueue.java:745)
2025-04-29 15:40:00,654 [ERROR] LogOutputStream:75 - [STDERR_REDIRECT] 	at java.base/java.security.AccessController.doPrivileged(AccessController.java:400)
2025-04-29 15:40:00,657 [ERROR] LogOutputStream:75 - [STDERR_REDIRECT] 	at java.base/java.security.ProtectionDomain$JavaSecurityAccessImpl.doIntersectionPrivilege(ProtectionDomain.java:87)
2025-04-29 15:40:00,671 [ERROR] LogOutputStream:75 - [STDERR_REDIRECT] 	at java.desktop/java.awt.EventQueue.dispatchEvent(EventQueue.java:744)
2025-04-29 15:40:00,673 [ERROR] LogOutputStream:75 - [STDERR_REDIRECT] 	at java.desktop/java.awt.EventDispatchThread.pumpOneEventForFilters(EventDispatchThread.java:203)
2025-04-29 15:40:00,677 [ERROR] LogOutputStream:75 - [STDERR_REDIRECT] 	at java.desktop/java.awt.EventDispatchThread.pumpEventsForFilter(EventDispatchThread.java:124)
2025-04-29 15:40:00,680 [ERROR] LogOutputStream:75 - [STDERR_REDIRECT] 	at java.desktop/java.awt.EventDispatchThread.pumpEventsForHierarchy(EventDispatchThread.java:113)
2025-04-29 15:40:00,683 [ERROR] LogOutputStream:75 - [STDERR_REDIRECT] 	at java.desktop/java.awt.EventDispatchThread.pumpEvents(EventDispatchThread.java:109)
2025-04-29 15:40:00,686 [ERROR] LogOutputStream:75 - [STDERR_REDIRECT] 	at java.desktop/java.awt.EventDispatchThread.pumpEvents(EventDispatchThread.java:101)
2025-04-29 15:40:00,688 [ERROR] LogOutputStream:75 - [STDERR_REDIRECT] 	at java.desktop/java.awt.EventDispatchThread.run(EventDispatchThread.java:90)
2025-04-29 15:40:10,107 [ERROR] LogOutputStream:75 - [STDERR_REDIRECT] Exception in thread "AWT-EventQueue-0" java.lang.NullPointerException: Cannot invoke "com.st.microxplorer.mcu.Pin.isPinLabelSettable()" because "pin" is null
2025-04-29 15:40:10,111 [ERROR] LogOutputStream:75 - [STDERR_REDIRECT] 	at com.st.microxplorer.plugins.ip.gpio.gui.ParamContainer.isLabelEditable(ParamContainer.java:260)
2025-04-29 15:40:10,114 [ERROR] LogOutputStream:75 - [STDERR_REDIRECT] 	at com.st.microxplorer.plugins.ip.gpio.gui.ParamContainer.createPanel(ParamContainer.java:121)
2025-04-29 15:40:10,117 [ERROR] LogOutputStream:75 - [STDERR_REDIRECT] 	at com.st.microxplorer.plugins.ip.gpio.gui.ParamContainer.update(ParamContainer.java:174)
2025-04-29 15:40:10,119 [ERROR] LogOutputStream:75 - [STDERR_REDIRECT] 	at com.st.microxplorer.plugins.ip.gpio.gui.GpioTablePanel.propertyChange(GpioTablePanel.java:485)
2025-04-29 15:40:10,122 [ERROR] LogOutputStream:75 - [STDERR_REDIRECT] 	at java.desktop/java.beans.PropertyChangeSupport.fire(PropertyChangeSupport.java:343)
2025-04-29 15:40:10,124 [ERROR] LogOutputStream:75 - [STDERR_REDIRECT] 	at java.desktop/java.beans.PropertyChangeSupport.firePropertyChange(PropertyChangeSupport.java:335)
2025-04-29 15:40:10,127 [ERROR] LogOutputStream:75 - [STDERR_REDIRECT] 	at com.st.microxplorer.mxsystem.MxSystem.propertyChange(MxSystem.java:473)
2025-04-29 15:40:10,130 [ERROR] LogOutputStream:75 - [STDERR_REDIRECT] 	at java.desktop/java.beans.PropertyChangeSupport.fire(PropertyChangeSupport.java:343)
2025-04-29 15:40:10,133 [ERROR] LogOutputStream:75 - [STDERR_REDIRECT] 	at java.desktop/java.beans.PropertyChangeSupport.firePropertyChange(PropertyChangeSupport.java:335)
2025-04-29 15:40:10,136 [ERROR] LogOutputStream:75 - [STDERR_REDIRECT] 	at java.desktop/java.beans.PropertyChangeSupport.firePropertyChange(PropertyChangeSupport.java:268)
2025-04-29 15:40:10,140 [ERROR] LogOutputStream:75 - [STDERR_REDIRECT] 	at com.st.microxplorer.util.MXPropertyChangeSupport.firePropertyChange(MXPropertyChangeSupport.java:54)
2025-04-29 15:40:10,142 [ERROR] LogOutputStream:75 - [STDERR_REDIRECT] 	at com.st.microxplorer.mcu.Mcu.propertyChange(Mcu.java:1817)
2025-04-29 15:40:10,145 [ERROR] LogOutputStream:75 - [STDERR_REDIRECT] 	at java.desktop/java.beans.PropertyChangeSupport.fire(PropertyChangeSupport.java:343)
2025-04-29 15:40:10,149 [ERROR] LogOutputStream:75 - [STDERR_REDIRECT] 	at java.desktop/java.beans.PropertyChangeSupport.firePropertyChange(PropertyChangeSupport.java:335)
2025-04-29 15:40:10,152 [ERROR] LogOutputStream:75 - [STDERR_REDIRECT] 	at java.desktop/java.beans.PropertyChangeSupport.firePropertyChange(PropertyChangeSupport.java:268)
2025-04-29 15:40:10,154 [ERROR] LogOutputStream:75 - [STDERR_REDIRECT] 	at com.st.microxplorer.util.MXPropertyChangeSupport.firePropertyChange(MXPropertyChangeSupport.java:54)
2025-04-29 15:40:10,155 [ERROR] LogOutputStream:75 - [STDERR_REDIRECT] 	at com.st.microxplorer.mcu.Pin.setPinLabel(Pin.java:2318)
2025-04-29 15:40:10,158 [ERROR] LogOutputStream:75 - [STDERR_REDIRECT] 	at com.st.microxplorer.plugins.pinoutconfig.gui.PinOutPanel$InputLabel$2.focusLost(PinOutPanel.java:2308)
2025-04-29 15:40:10,162 [ERROR] LogOutputStream:75 - [STDERR_REDIRECT] 	at java.desktop/java.awt.AWTEventMulticaster.focusLost(AWTEventMulticaster.java:238)
2025-04-29 15:40:10,164 [ERROR] LogOutputStream:75 - [STDERR_REDIRECT] 	at java.desktop/java.awt.AWTEventMulticaster.focusLost(AWTEventMulticaster.java:237)
2025-04-29 15:40:10,166 [ERROR] LogOutputStream:75 - [STDERR_REDIRECT] 	at java.desktop/java.awt.Component.processFocusEvent(Component.java:6513)
2025-04-29 15:40:10,168 [ERROR] LogOutputStream:75 - [STDERR_REDIRECT] 	at java.desktop/java.awt.Component.processEvent(Component.java:6377)
2025-04-29 15:40:10,171 [ERROR] LogOutputStream:75 - [STDERR_REDIRECT] 	at java.desktop/java.awt.Container.processEvent(Container.java:2266)
2025-04-29 15:40:10,173 [ERROR] LogOutputStream:75 - [STDERR_REDIRECT] 	at java.desktop/java.awt.Component.dispatchEventImpl(Component.java:4996)
2025-04-29 15:40:10,175 [ERROR] LogOutputStream:75 - [STDERR_REDIRECT] 	at java.desktop/java.awt.Container.dispatchEventImpl(Container.java:2324)
2025-04-29 15:40:10,178 [ERROR] LogOutputStream:75 - [STDERR_REDIRECT] 	at java.desktop/java.awt.Component.dispatchEvent(Component.java:4828)
2025-04-29 15:40:10,181 [ERROR] LogOutputStream:75 - [STDERR_REDIRECT] 	at java.desktop/java.awt.KeyboardFocusManager.redispatchEvent(KeyboardFocusManager.java:1952)
2025-04-29 15:40:10,184 [ERROR] LogOutputStream:75 - [STDERR_REDIRECT] 	at java.desktop/java.awt.DefaultKeyboardFocusManager.typeAheadAssertions(DefaultKeyboardFocusManager.java:1070)
2025-04-29 15:40:10,187 [ERROR] LogOutputStream:75 - [STDERR_REDIRECT] 	at java.desktop/java.awt.DefaultKeyboardFocusManager.dispatchEvent(DefaultKeyboardFocusManager.java:738)
2025-04-29 15:40:10,189 [ERROR] LogOutputStream:75 - [STDERR_REDIRECT] 	at java.desktop/java.awt.Component.dispatchEventImpl(Component.java:4877)
2025-04-29 15:40:10,191 [ERROR] LogOutputStream:75 - [STDERR_REDIRECT] 	at java.desktop/java.awt.Container.dispatchEventImpl(Container.java:2324)
2025-04-29 15:40:10,195 [ERROR] LogOutputStream:75 - [STDERR_REDIRECT] 	at java.desktop/java.awt.Component.dispatchEvent(Component.java:4828)
2025-04-29 15:40:10,197 [ERROR] LogOutputStream:75 - [STDERR_REDIRECT] 	at java.desktop/java.awt.EventQueue.dispatchEventImpl(EventQueue.java:775)
2025-04-29 15:40:10,198 [ERROR] LogOutputStream:75 - [STDERR_REDIRECT] 	at java.desktop/java.awt.EventQueue$4.run(EventQueue.java:720)
2025-04-29 15:40:10,200 [ERROR] LogOutputStream:75 - [STDERR_REDIRECT] 	at java.desktop/java.awt.EventQueue$4.run(EventQueue.java:714)
2025-04-29 15:40:10,201 [ERROR] LogOutputStream:75 - [STDERR_REDIRECT] 	at java.base/java.security.AccessController.doPrivileged(AccessController.java:400)
2025-04-29 15:40:10,205 [ERROR] LogOutputStream:75 - [STDERR_REDIRECT] 	at java.base/java.security.ProtectionDomain$JavaSecurityAccessImpl.doIntersectionPrivilege(ProtectionDomain.java:87)
2025-04-29 15:40:10,208 [ERROR] LogOutputStream:75 - [STDERR_REDIRECT] 	at java.base/java.security.ProtectionDomain$JavaSecurityAccessImpl.doIntersectionPrivilege(ProtectionDomain.java:98)
2025-04-29 15:40:10,211 [ERROR] LogOutputStream:75 - [STDERR_REDIRECT] 	at java.desktop/java.awt.EventQueue$5.run(EventQueue.java:747)
2025-04-29 15:40:10,213 [ERROR] LogOutputStream:75 - [STDERR_REDIRECT] 	at java.desktop/java.awt.EventQueue$5.run(EventQueue.java:745)
2025-04-29 15:40:10,215 [ERROR] LogOutputStream:75 - [STDERR_REDIRECT] 	at java.base/java.security.AccessController.doPrivileged(AccessController.java:400)
2025-04-29 15:40:10,218 [ERROR] LogOutputStream:75 - [STDERR_REDIRECT] 	at java.base/java.security.ProtectionDomain$JavaSecurityAccessImpl.doIntersectionPrivilege(ProtectionDomain.java:87)
2025-04-29 15:40:10,220 [ERROR] LogOutputStream:75 - [STDERR_REDIRECT] 	at java.desktop/java.awt.EventQueue.dispatchEvent(EventQueue.java:744)
2025-04-29 15:40:10,223 [ERROR] LogOutputStream:75 - [STDERR_REDIRECT] 	at java.desktop/java.awt.EventDispatchThread.pumpOneEventForFilters(EventDispatchThread.java:203)
2025-04-29 15:40:10,225 [ERROR] LogOutputStream:75 - [STDERR_REDIRECT] 	at java.desktop/java.awt.EventDispatchThread.pumpEventsForFilter(EventDispatchThread.java:124)
2025-04-29 15:40:10,230 [ERROR] LogOutputStream:75 - [STDERR_REDIRECT] 	at java.desktop/java.awt.EventDispatchThread.pumpEventsForHierarchy(EventDispatchThread.java:113)
2025-04-29 15:40:10,233 [ERROR] LogOutputStream:75 - [STDERR_REDIRECT] 	at java.desktop/java.awt.EventDispatchThread.pumpEvents(EventDispatchThread.java:109)
2025-04-29 15:40:10,234 [ERROR] LogOutputStream:75 - [STDERR_REDIRECT] 	at java.desktop/java.awt.EventDispatchThread.pumpEvents(EventDispatchThread.java:101)
2025-04-29 15:40:10,236 [ERROR] LogOutputStream:75 - [STDERR_REDIRECT] 	at java.desktop/java.awt.EventDispatchThread.run(EventDispatchThread.java:90)
2025-04-29 15:40:33,014 [ERROR] LogOutputStream:75 - [STDERR_REDIRECT] Exception in thread "AWT-EventQueue-0" java.lang.NullPointerException: Cannot invoke "com.st.microxplorer.mcu.Pin.isPinLabelSettable()" because "pin" is null
2025-04-29 15:40:33,018 [ERROR] LogOutputStream:75 - [STDERR_REDIRECT] 	at com.st.microxplorer.plugins.ip.gpio.gui.ParamContainer.isLabelEditable(ParamContainer.java:260)
2025-04-29 15:40:33,021 [ERROR] LogOutputStream:75 - [STDERR_REDIRECT] 	at com.st.microxplorer.plugins.ip.gpio.gui.ParamContainer.createPanel(ParamContainer.java:121)
2025-04-29 15:40:33,024 [ERROR] LogOutputStream:75 - [STDERR_REDIRECT] 	at com.st.microxplorer.plugins.ip.gpio.gui.ParamContainer.update(ParamContainer.java:174)
2025-04-29 15:40:33,027 [ERROR] LogOutputStream:75 - [STDERR_REDIRECT] 	at com.st.microxplorer.plugins.ip.gpio.gui.GpioTablePanel.propertyChange(GpioTablePanel.java:485)
2025-04-29 15:40:33,030 [ERROR] LogOutputStream:75 - [STDERR_REDIRECT] 	at java.desktop/java.beans.PropertyChangeSupport.fire(PropertyChangeSupport.java:343)
2025-04-29 15:40:33,032 [ERROR] LogOutputStream:75 - [STDERR_REDIRECT] 	at java.desktop/java.beans.PropertyChangeSupport.firePropertyChange(PropertyChangeSupport.java:335)
2025-04-29 15:40:33,035 [ERROR] LogOutputStream:75 - [STDERR_REDIRECT] 	at com.st.microxplorer.mxsystem.MxSystem.propertyChange(MxSystem.java:473)
2025-04-29 15:40:33,037 [ERROR] LogOutputStream:75 - [STDERR_REDIRECT] 	at java.desktop/java.beans.PropertyChangeSupport.fire(PropertyChangeSupport.java:343)
2025-04-29 15:40:33,040 [ERROR] LogOutputStream:75 - [STDERR_REDIRECT] 	at java.desktop/java.beans.PropertyChangeSupport.firePropertyChange(PropertyChangeSupport.java:335)
2025-04-29 15:40:33,043 [ERROR] LogOutputStream:75 - [STDERR_REDIRECT] 	at java.desktop/java.beans.PropertyChangeSupport.firePropertyChange(PropertyChangeSupport.java:268)
2025-04-29 15:40:33,046 [ERROR] LogOutputStream:75 - [STDERR_REDIRECT] 	at com.st.microxplorer.util.MXPropertyChangeSupport.firePropertyChange(MXPropertyChangeSupport.java:54)
2025-04-29 15:40:33,048 [ERROR] LogOutputStream:75 - [STDERR_REDIRECT] 	at com.st.microxplorer.mcu.Mcu.propertyChange(Mcu.java:1817)
2025-04-29 15:40:33,050 [ERROR] LogOutputStream:75 - [STDERR_REDIRECT] 	at java.desktop/java.beans.PropertyChangeSupport.fire(PropertyChangeSupport.java:343)
2025-04-29 15:40:33,053 [ERROR] LogOutputStream:75 - [STDERR_REDIRECT] 	at java.desktop/java.beans.PropertyChangeSupport.firePropertyChange(PropertyChangeSupport.java:335)
2025-04-29 15:40:33,055 [ERROR] LogOutputStream:75 - [STDERR_REDIRECT] 	at java.desktop/java.beans.PropertyChangeSupport.firePropertyChange(PropertyChangeSupport.java:268)
2025-04-29 15:40:33,060 [ERROR] LogOutputStream:75 - [STDERR_REDIRECT] 	at com.st.microxplorer.util.MXPropertyChangeSupport.firePropertyChange(MXPropertyChangeSupport.java:54)
2025-04-29 15:40:33,061 [ERROR] LogOutputStream:75 - [STDERR_REDIRECT] 	at com.st.microxplorer.mcu.Pin.setPinLabel(Pin.java:2318)
2025-04-29 15:40:33,065 [ERROR] LogOutputStream:75 - [STDERR_REDIRECT] 	at com.st.microxplorer.plugins.pinoutconfig.gui.PinOutPanel$InputLabel$2.focusLost(PinOutPanel.java:2308)
2025-04-29 15:40:33,067 [ERROR] LogOutputStream:75 - [STDERR_REDIRECT] 	at java.desktop/java.awt.AWTEventMulticaster.focusLost(AWTEventMulticaster.java:238)
2025-04-29 15:40:33,070 [ERROR] LogOutputStream:75 - [STDERR_REDIRECT] 	at java.desktop/java.awt.AWTEventMulticaster.focusLost(AWTEventMulticaster.java:237)
2025-04-29 15:40:33,072 [ERROR] LogOutputStream:75 - [STDERR_REDIRECT] 	at java.desktop/java.awt.Component.processFocusEvent(Component.java:6513)
2025-04-29 15:40:33,075 [ERROR] LogOutputStream:75 - [STDERR_REDIRECT] 	at java.desktop/java.awt.Component.processEvent(Component.java:6377)
2025-04-29 15:40:33,078 [ERROR] LogOutputStream:75 - [STDERR_REDIRECT] 	at java.desktop/java.awt.Container.processEvent(Container.java:2266)
2025-04-29 15:40:33,080 [ERROR] LogOutputStream:75 - [STDERR_REDIRECT] 	at java.desktop/java.awt.Component.dispatchEventImpl(Component.java:4996)
2025-04-29 15:40:33,082 [ERROR] LogOutputStream:75 - [STDERR_REDIRECT] 	at java.desktop/java.awt.Container.dispatchEventImpl(Container.java:2324)
2025-04-29 15:40:33,083 [ERROR] LogOutputStream:75 - [STDERR_REDIRECT] 	at java.desktop/java.awt.Component.dispatchEvent(Component.java:4828)
2025-04-29 15:40:33,085 [ERROR] LogOutputStream:75 - [STDERR_REDIRECT] 	at java.desktop/java.awt.KeyboardFocusManager.redispatchEvent(KeyboardFocusManager.java:1952)
2025-04-29 15:40:33,087 [ERROR] LogOutputStream:75 - [STDERR_REDIRECT] 	at java.desktop/java.awt.DefaultKeyboardFocusManager.typeAheadAssertions(DefaultKeyboardFocusManager.java:1070)
2025-04-29 15:40:33,088 [ERROR] LogOutputStream:75 - [STDERR_REDIRECT] 	at java.desktop/java.awt.DefaultKeyboardFocusManager.dispatchEvent(DefaultKeyboardFocusManager.java:738)
2025-04-29 15:40:33,090 [ERROR] LogOutputStream:75 - [STDERR_REDIRECT] 	at java.desktop/java.awt.Component.dispatchEventImpl(Component.java:4877)
2025-04-29 15:40:33,093 [ERROR] LogOutputStream:75 - [STDERR_REDIRECT] 	at java.desktop/java.awt.Container.dispatchEventImpl(Container.java:2324)
2025-04-29 15:40:33,094 [ERROR] LogOutputStream:75 - [STDERR_REDIRECT] 	at java.desktop/java.awt.Component.dispatchEvent(Component.java:4828)
2025-04-29 15:40:33,096 [ERROR] LogOutputStream:75 - [STDERR_REDIRECT] 	at java.desktop/java.awt.EventQueue.dispatchEventImpl(EventQueue.java:775)
2025-04-29 15:40:33,097 [ERROR] LogOutputStream:75 - [STDERR_REDIRECT] 	at java.desktop/java.awt.EventQueue$4.run(EventQueue.java:720)
2025-04-29 15:40:33,100 [ERROR] LogOutputStream:75 - [STDERR_REDIRECT] 	at java.desktop/java.awt.EventQueue$4.run(EventQueue.java:714)
2025-04-29 15:40:33,103 [ERROR] LogOutputStream:75 - [STDERR_REDIRECT] 	at java.base/java.security.AccessController.doPrivileged(AccessController.java:400)
2025-04-29 15:40:33,108 [ERROR] LogOutputStream:75 - [STDERR_REDIRECT] 	at java.base/java.security.ProtectionDomain$JavaSecurityAccessImpl.doIntersectionPrivilege(ProtectionDomain.java:87)
2025-04-29 15:40:33,110 [ERROR] LogOutputStream:75 - [STDERR_REDIRECT] 	at java.base/java.security.ProtectionDomain$JavaSecurityAccessImpl.doIntersectionPrivilege(ProtectionDomain.java:98)
2025-04-29 15:40:33,113 [ERROR] LogOutputStream:75 - [STDERR_REDIRECT] 	at java.desktop/java.awt.EventQueue$5.run(EventQueue.java:747)
2025-04-29 15:40:33,114 [ERROR] LogOutputStream:75 - [STDERR_REDIRECT] 	at java.desktop/java.awt.EventQueue$5.run(EventQueue.java:745)
2025-04-29 15:40:33,116 [ERROR] LogOutputStream:75 - [STDERR_REDIRECT] 	at java.base/java.security.AccessController.doPrivileged(AccessController.java:400)
2025-04-29 15:40:33,118 [ERROR] LogOutputStream:75 - [STDERR_REDIRECT] 	at java.base/java.security.ProtectionDomain$JavaSecurityAccessImpl.doIntersectionPrivilege(ProtectionDomain.java:87)
2025-04-29 15:40:33,119 [ERROR] LogOutputStream:75 - [STDERR_REDIRECT] 	at java.desktop/java.awt.EventQueue.dispatchEvent(EventQueue.java:744)
2025-04-29 15:40:33,121 [ERROR] LogOutputStream:75 - [STDERR_REDIRECT] 	at java.desktop/java.awt.EventDispatchThread.pumpOneEventForFilters(EventDispatchThread.java:203)
2025-04-29 15:40:33,123 [ERROR] LogOutputStream:75 - [STDERR_REDIRECT] 	at java.desktop/java.awt.EventDispatchThread.pumpEventsForFilter(EventDispatchThread.java:124)
2025-04-29 15:40:33,126 [ERROR] LogOutputStream:75 - [STDERR_REDIRECT] 	at java.desktop/java.awt.EventDispatchThread.pumpEventsForHierarchy(EventDispatchThread.java:113)
2025-04-29 15:40:33,129 [ERROR] LogOutputStream:75 - [STDERR_REDIRECT] 	at java.desktop/java.awt.EventDispatchThread.pumpEvents(EventDispatchThread.java:109)
2025-04-29 15:40:33,131 [ERROR] LogOutputStream:75 - [STDERR_REDIRECT] 	at java.desktop/java.awt.EventDispatchThread.pumpEvents(EventDispatchThread.java:101)
2025-04-29 15:40:33,133 [ERROR] LogOutputStream:75 - [STDERR_REDIRECT] 	at java.desktop/java.awt.EventDispatchThread.run(EventDispatchThread.java:90)
2025-04-29 15:40:48,782 [ERROR] LogOutputStream:75 - [STDERR_REDIRECT] Exception in thread "AWT-EventQueue-0" java.lang.NullPointerException: Cannot invoke "com.st.microxplorer.mcu.Pin.isPinLabelSettable()" because "pin" is null
2025-04-29 15:40:48,784 [ERROR] LogOutputStream:75 - [STDERR_REDIRECT] 	at com.st.microxplorer.plugins.ip.gpio.gui.ParamContainer.isLabelEditable(ParamContainer.java:260)
2025-04-29 15:40:48,787 [ERROR] LogOutputStream:75 - [STDERR_REDIRECT] 	at com.st.microxplorer.plugins.ip.gpio.gui.ParamContainer.createPanel(ParamContainer.java:121)
2025-04-29 15:40:48,790 [ERROR] LogOutputStream:75 - [STDERR_REDIRECT] 	at com.st.microxplorer.plugins.ip.gpio.gui.ParamContainer.update(ParamContainer.java:174)
2025-04-29 15:40:48,792 [ERROR] LogOutputStream:75 - [STDERR_REDIRECT] 	at com.st.microxplorer.plugins.ip.gpio.gui.GpioTablePanel.propertyChange(GpioTablePanel.java:485)
2025-04-29 15:40:48,794 [ERROR] LogOutputStream:75 - [STDERR_REDIRECT] 	at java.desktop/java.beans.PropertyChangeSupport.fire(PropertyChangeSupport.java:343)
2025-04-29 15:40:48,797 [ERROR] LogOutputStream:75 - [STDERR_REDIRECT] 	at java.desktop/java.beans.PropertyChangeSupport.firePropertyChange(PropertyChangeSupport.java:335)
2025-04-29 15:40:48,799 [ERROR] LogOutputStream:75 - [STDERR_REDIRECT] 	at com.st.microxplorer.mxsystem.MxSystem.propertyChange(MxSystem.java:473)
2025-04-29 15:40:48,800 [ERROR] LogOutputStream:75 - [STDERR_REDIRECT] 	at java.desktop/java.beans.PropertyChangeSupport.fire(PropertyChangeSupport.java:343)
2025-04-29 15:40:48,802 [ERROR] LogOutputStream:75 - [STDERR_REDIRECT] 	at java.desktop/java.beans.PropertyChangeSupport.firePropertyChange(PropertyChangeSupport.java:335)
2025-04-29 15:40:48,803 [ERROR] LogOutputStream:75 - [STDERR_REDIRECT] 	at java.desktop/java.beans.PropertyChangeSupport.firePropertyChange(PropertyChangeSupport.java:268)
2025-04-29 15:40:48,807 [ERROR] LogOutputStream:75 - [STDERR_REDIRECT] 	at com.st.microxplorer.util.MXPropertyChangeSupport.firePropertyChange(MXPropertyChangeSupport.java:54)
2025-04-29 15:40:48,809 [ERROR] LogOutputStream:75 - [STDERR_REDIRECT] 	at com.st.microxplorer.mcu.Mcu.propertyChange(Mcu.java:1817)
2025-04-29 15:40:48,812 [ERROR] LogOutputStream:75 - [STDERR_REDIRECT] 	at java.desktop/java.beans.PropertyChangeSupport.fire(PropertyChangeSupport.java:343)
2025-04-29 15:40:48,814 [ERROR] LogOutputStream:75 - [STDERR_REDIRECT] 	at java.desktop/java.beans.PropertyChangeSupport.firePropertyChange(PropertyChangeSupport.java:335)
2025-04-29 15:40:48,816 [ERROR] LogOutputStream:75 - [STDERR_REDIRECT] 	at java.desktop/java.beans.PropertyChangeSupport.firePropertyChange(PropertyChangeSupport.java:268)
2025-04-29 15:40:48,819 [ERROR] LogOutputStream:75 - [STDERR_REDIRECT] 	at com.st.microxplorer.util.MXPropertyChangeSupport.firePropertyChange(MXPropertyChangeSupport.java:54)
2025-04-29 15:40:48,821 [ERROR] LogOutputStream:75 - [STDERR_REDIRECT] 	at com.st.microxplorer.mcu.Pin.setPinLabel(Pin.java:2318)
2025-04-29 15:40:48,824 [ERROR] LogOutputStream:75 - [STDERR_REDIRECT] 	at com.st.microxplorer.plugins.pinoutconfig.gui.PinOutPanel$InputLabel$2.focusLost(PinOutPanel.java:2308)
2025-04-29 15:40:48,826 [ERROR] LogOutputStream:75 - [STDERR_REDIRECT] 	at java.desktop/java.awt.AWTEventMulticaster.focusLost(AWTEventMulticaster.java:238)
2025-04-29 15:40:48,827 [ERROR] LogOutputStream:75 - [STDERR_REDIRECT] 	at java.desktop/java.awt.AWTEventMulticaster.focusLost(AWTEventMulticaster.java:237)
2025-04-29 15:40:48,828 [ERROR] LogOutputStream:75 - [STDERR_REDIRECT] 	at java.desktop/java.awt.Component.processFocusEvent(Component.java:6513)
2025-04-29 15:40:48,829 [ERROR] LogOutputStream:75 - [STDERR_REDIRECT] 	at java.desktop/java.awt.Component.processEvent(Component.java:6377)
2025-04-29 15:40:48,830 [ERROR] LogOutputStream:75 - [STDERR_REDIRECT] 	at java.desktop/java.awt.Container.processEvent(Container.java:2266)
2025-04-29 15:40:48,831 [ERROR] LogOutputStream:75 - [STDERR_REDIRECT] 	at java.desktop/java.awt.Component.dispatchEventImpl(Component.java:4996)
2025-04-29 15:40:48,832 [ERROR] LogOutputStream:75 - [STDERR_REDIRECT] 	at java.desktop/java.awt.Container.dispatchEventImpl(Container.java:2324)
2025-04-29 15:40:48,834 [ERROR] LogOutputStream:75 - [STDERR_REDIRECT] 	at java.desktop/java.awt.Component.dispatchEvent(Component.java:4828)
2025-04-29 15:40:48,835 [ERROR] LogOutputStream:75 - [STDERR_REDIRECT] 	at java.desktop/java.awt.KeyboardFocusManager.redispatchEvent(KeyboardFocusManager.java:1952)
2025-04-29 15:40:48,838 [ERROR] LogOutputStream:75 - [STDERR_REDIRECT] 	at java.desktop/java.awt.DefaultKeyboardFocusManager.typeAheadAssertions(DefaultKeyboardFocusManager.java:1070)
2025-04-29 15:40:48,840 [ERROR] LogOutputStream:75 - [STDERR_REDIRECT] 	at java.desktop/java.awt.DefaultKeyboardFocusManager.dispatchEvent(DefaultKeyboardFocusManager.java:738)
2025-04-29 15:40:48,842 [ERROR] LogOutputStream:75 - [STDERR_REDIRECT] 	at java.desktop/java.awt.Component.dispatchEventImpl(Component.java:4877)
2025-04-29 15:40:48,843 [ERROR] LogOutputStream:75 - [STDERR_REDIRECT] 	at java.desktop/java.awt.Container.dispatchEventImpl(Container.java:2324)
2025-04-29 15:40:48,844 [ERROR] LogOutputStream:75 - [STDERR_REDIRECT] 	at java.desktop/java.awt.Component.dispatchEvent(Component.java:4828)
2025-04-29 15:40:48,845 [ERROR] LogOutputStream:75 - [STDERR_REDIRECT] 	at java.desktop/java.awt.EventQueue.dispatchEventImpl(EventQueue.java:775)
2025-04-29 15:40:48,846 [ERROR] LogOutputStream:75 - [STDERR_REDIRECT] 	at java.desktop/java.awt.EventQueue$4.run(EventQueue.java:720)
2025-04-29 15:40:48,847 [ERROR] LogOutputStream:75 - [STDERR_REDIRECT] 	at java.desktop/java.awt.EventQueue$4.run(EventQueue.java:714)
2025-04-29 15:40:48,848 [ERROR] LogOutputStream:75 - [STDERR_REDIRECT] 	at java.base/java.security.AccessController.doPrivileged(AccessController.java:400)
2025-04-29 15:40:48,850 [ERROR] LogOutputStream:75 - [STDERR_REDIRECT] 	at java.base/java.security.ProtectionDomain$JavaSecurityAccessImpl.doIntersectionPrivilege(ProtectionDomain.java:87)
2025-04-29 15:40:48,851 [ERROR] LogOutputStream:75 - [STDERR_REDIRECT] 	at java.base/java.security.ProtectionDomain$JavaSecurityAccessImpl.doIntersectionPrivilege(ProtectionDomain.java:98)
2025-04-29 15:40:48,853 [ERROR] LogOutputStream:75 - [STDERR_REDIRECT] 	at java.desktop/java.awt.EventQueue$5.run(EventQueue.java:747)
2025-04-29 15:40:48,854 [ERROR] LogOutputStream:75 - [STDERR_REDIRECT] 	at java.desktop/java.awt.EventQueue$5.run(EventQueue.java:745)
2025-04-29 15:40:48,856 [ERROR] LogOutputStream:75 - [STDERR_REDIRECT] 	at java.base/java.security.AccessController.doPrivileged(AccessController.java:400)
2025-04-29 15:40:48,858 [ERROR] LogOutputStream:75 - [STDERR_REDIRECT] 	at java.base/java.security.ProtectionDomain$JavaSecurityAccessImpl.doIntersectionPrivilege(ProtectionDomain.java:87)
2025-04-29 15:40:48,859 [ERROR] LogOutputStream:75 - [STDERR_REDIRECT] 	at java.desktop/java.awt.EventQueue.dispatchEvent(EventQueue.java:744)
2025-04-29 15:40:48,860 [ERROR] LogOutputStream:75 - [STDERR_REDIRECT] 	at java.desktop/java.awt.EventDispatchThread.pumpOneEventForFilters(EventDispatchThread.java:203)
2025-04-29 15:40:48,861 [ERROR] LogOutputStream:75 - [STDERR_REDIRECT] 	at java.desktop/java.awt.EventDispatchThread.pumpEventsForFilter(EventDispatchThread.java:124)
2025-04-29 15:40:48,863 [ERROR] LogOutputStream:75 - [STDERR_REDIRECT] 	at java.desktop/java.awt.EventDispatchThread.pumpEventsForHierarchy(EventDispatchThread.java:113)
2025-04-29 15:40:48,864 [ERROR] LogOutputStream:75 - [STDERR_REDIRECT] 	at java.desktop/java.awt.EventDispatchThread.pumpEvents(EventDispatchThread.java:109)
2025-04-29 15:40:48,865 [ERROR] LogOutputStream:75 - [STDERR_REDIRECT] 	at java.desktop/java.awt.EventDispatchThread.pumpEvents(EventDispatchThread.java:101)
2025-04-29 15:40:48,867 [ERROR] LogOutputStream:75 - [STDERR_REDIRECT] 	at java.desktop/java.awt.EventDispatchThread.run(EventDispatchThread.java:90)
2025-04-29 15:41:09,549 [ERROR] LogOutputStream:75 - [STDERR_REDIRECT] Exception in thread "AWT-EventQueue-0" java.lang.NullPointerException: Cannot invoke "com.st.microxplorer.mcu.Pin.isPinLabelSettable()" because "pin" is null
2025-04-29 15:41:09,551 [ERROR] LogOutputStream:75 - [STDERR_REDIRECT] 	at com.st.microxplorer.plugins.ip.gpio.gui.ParamContainer.isLabelEditable(ParamContainer.java:260)
2025-04-29 15:41:09,553 [ERROR] LogOutputStream:75 - [STDERR_REDIRECT] 	at com.st.microxplorer.plugins.ip.gpio.gui.ParamContainer.createPanel(ParamContainer.java:121)
2025-04-29 15:41:09,556 [ERROR] LogOutputStream:75 - [STDERR_REDIRECT] 	at com.st.microxplorer.plugins.ip.gpio.gui.ParamContainer.update(ParamContainer.java:174)
2025-04-29 15:41:09,558 [ERROR] LogOutputStream:75 - [STDERR_REDIRECT] 	at com.st.microxplorer.plugins.ip.gpio.gui.GpioTablePanel.propertyChange(GpioTablePanel.java:485)
2025-04-29 15:41:09,560 [ERROR] LogOutputStream:75 - [STDERR_REDIRECT] 	at java.desktop/java.beans.PropertyChangeSupport.fire(PropertyChangeSupport.java:343)
2025-04-29 15:41:09,563 [ERROR] LogOutputStream:75 - [STDERR_REDIRECT] 	at java.desktop/java.beans.PropertyChangeSupport.firePropertyChange(PropertyChangeSupport.java:335)
2025-04-29 15:41:09,565 [ERROR] LogOutputStream:75 - [STDERR_REDIRECT] 	at com.st.microxplorer.mxsystem.MxSystem.propertyChange(MxSystem.java:473)
2025-04-29 15:41:09,566 [ERROR] LogOutputStream:75 - [STDERR_REDIRECT] 	at java.desktop/java.beans.PropertyChangeSupport.fire(PropertyChangeSupport.java:343)
2025-04-29 15:41:09,568 [ERROR] LogOutputStream:75 - [STDERR_REDIRECT] 	at java.desktop/java.beans.PropertyChangeSupport.firePropertyChange(PropertyChangeSupport.java:335)
2025-04-29 15:41:09,572 [ERROR] LogOutputStream:75 - [STDERR_REDIRECT] 	at java.desktop/java.beans.PropertyChangeSupport.firePropertyChange(PropertyChangeSupport.java:268)
2025-04-29 15:41:09,574 [ERROR] LogOutputStream:75 - [STDERR_REDIRECT] 	at com.st.microxplorer.util.MXPropertyChangeSupport.firePropertyChange(MXPropertyChangeSupport.java:54)
2025-04-29 15:41:09,575 [ERROR] LogOutputStream:75 - [STDERR_REDIRECT] 	at com.st.microxplorer.mcu.Mcu.propertyChange(Mcu.java:1817)
2025-04-29 15:41:09,576 [ERROR] LogOutputStream:75 - [STDERR_REDIRECT] 	at java.desktop/java.beans.PropertyChangeSupport.fire(PropertyChangeSupport.java:343)
2025-04-29 15:41:09,578 [ERROR] LogOutputStream:75 - [STDERR_REDIRECT] 	at java.desktop/java.beans.PropertyChangeSupport.firePropertyChange(PropertyChangeSupport.java:335)
2025-04-29 15:41:09,580 [ERROR] LogOutputStream:75 - [STDERR_REDIRECT] 	at java.desktop/java.beans.PropertyChangeSupport.firePropertyChange(PropertyChangeSupport.java:268)
2025-04-29 15:41:09,581 [ERROR] LogOutputStream:75 - [STDERR_REDIRECT] 	at com.st.microxplorer.util.MXPropertyChangeSupport.firePropertyChange(MXPropertyChangeSupport.java:54)
2025-04-29 15:41:09,582 [ERROR] LogOutputStream:75 - [STDERR_REDIRECT] 	at com.st.microxplorer.mcu.Pin.setPinLabel(Pin.java:2318)
2025-04-29 15:41:09,584 [ERROR] LogOutputStream:75 - [STDERR_REDIRECT] 	at com.st.microxplorer.plugins.pinoutconfig.gui.PinOutPanel$InputLabel$2.focusLost(PinOutPanel.java:2308)
2025-04-29 15:41:09,587 [ERROR] LogOutputStream:75 - [STDERR_REDIRECT] 	at java.desktop/java.awt.AWTEventMulticaster.focusLost(AWTEventMulticaster.java:238)
2025-04-29 15:41:09,589 [ERROR] LogOutputStream:75 - [STDERR_REDIRECT] 	at java.desktop/java.awt.AWTEventMulticaster.focusLost(AWTEventMulticaster.java:237)
2025-04-29 15:41:09,591 [ERROR] LogOutputStream:75 - [STDERR_REDIRECT] 	at java.desktop/java.awt.Component.processFocusEvent(Component.java:6513)
2025-04-29 15:41:09,593 [ERROR] LogOutputStream:75 - [STDERR_REDIRECT] 	at java.desktop/java.awt.Component.processEvent(Component.java:6377)
2025-04-29 15:41:09,595 [ERROR] LogOutputStream:75 - [STDERR_REDIRECT] 	at java.desktop/java.awt.Container.processEvent(Container.java:2266)
2025-04-29 15:41:09,597 [ERROR] LogOutputStream:75 - [STDERR_REDIRECT] 	at java.desktop/java.awt.Component.dispatchEventImpl(Component.java:4996)
2025-04-29 15:41:09,599 [ERROR] LogOutputStream:75 - [STDERR_REDIRECT] 	at java.desktop/java.awt.Container.dispatchEventImpl(Container.java:2324)
2025-04-29 15:41:09,600 [ERROR] LogOutputStream:75 - [STDERR_REDIRECT] 	at java.desktop/java.awt.Component.dispatchEvent(Component.java:4828)
2025-04-29 15:41:09,603 [ERROR] LogOutputStream:75 - [STDERR_REDIRECT] 	at java.desktop/java.awt.KeyboardFocusManager.redispatchEvent(KeyboardFocusManager.java:1952)
2025-04-29 15:41:09,606 [ERROR] LogOutputStream:75 - [STDERR_REDIRECT] 	at java.desktop/java.awt.DefaultKeyboardFocusManager.typeAheadAssertions(DefaultKeyboardFocusManager.java:1070)
2025-04-29 15:41:09,609 [ERROR] LogOutputStream:75 - [STDERR_REDIRECT] 	at java.desktop/java.awt.DefaultKeyboardFocusManager.dispatchEvent(DefaultKeyboardFocusManager.java:738)
2025-04-29 15:41:09,611 [ERROR] LogOutputStream:75 - [STDERR_REDIRECT] 	at java.desktop/java.awt.Component.dispatchEventImpl(Component.java:4877)
2025-04-29 15:41:09,613 [ERROR] LogOutputStream:75 - [STDERR_REDIRECT] 	at java.desktop/java.awt.Container.dispatchEventImpl(Container.java:2324)
2025-04-29 15:41:09,615 [ERROR] LogOutputStream:75 - [STDERR_REDIRECT] 	at java.desktop/java.awt.Component.dispatchEvent(Component.java:4828)
2025-04-29 15:41:09,617 [ERROR] LogOutputStream:75 - [STDERR_REDIRECT] 	at java.desktop/java.awt.EventQueue.dispatchEventImpl(EventQueue.java:775)
2025-04-29 15:41:09,619 [ERROR] LogOutputStream:75 - [STDERR_REDIRECT] 	at java.desktop/java.awt.EventQueue$4.run(EventQueue.java:720)
2025-04-29 15:41:09,622 [ERROR] LogOutputStream:75 - [STDERR_REDIRECT] 	at java.desktop/java.awt.EventQueue$4.run(EventQueue.java:714)
2025-04-29 15:41:09,623 [ERROR] LogOutputStream:75 - [STDERR_REDIRECT] 	at java.base/java.security.AccessController.doPrivileged(AccessController.java:400)
2025-04-29 15:41:09,626 [ERROR] LogOutputStream:75 - [STDERR_REDIRECT] 	at java.base/java.security.ProtectionDomain$JavaSecurityAccessImpl.doIntersectionPrivilege(ProtectionDomain.java:87)
2025-04-29 15:41:09,628 [ERROR] LogOutputStream:75 - [STDERR_REDIRECT] 	at java.base/java.security.ProtectionDomain$JavaSecurityAccessImpl.doIntersectionPrivilege(ProtectionDomain.java:98)
2025-04-29 15:41:09,629 [ERROR] LogOutputStream:75 - [STDERR_REDIRECT] 	at java.desktop/java.awt.EventQueue$5.run(EventQueue.java:747)
2025-04-29 15:41:09,631 [ERROR] LogOutputStream:75 - [STDERR_REDIRECT] 	at java.desktop/java.awt.EventQueue$5.run(EventQueue.java:745)
2025-04-29 15:41:09,633 [ERROR] LogOutputStream:75 - [STDERR_REDIRECT] 	at java.base/java.security.AccessController.doPrivileged(AccessController.java:400)
2025-04-29 15:41:09,637 [ERROR] LogOutputStream:75 - [STDERR_REDIRECT] 	at java.base/java.security.ProtectionDomain$JavaSecurityAccessImpl.doIntersectionPrivilege(ProtectionDomain.java:87)
2025-04-29 15:41:09,639 [ERROR] LogOutputStream:75 - [STDERR_REDIRECT] 	at java.desktop/java.awt.EventQueue.dispatchEvent(EventQueue.java:744)
2025-04-29 15:41:09,642 [ERROR] LogOutputStream:75 - [STDERR_REDIRECT] 	at java.desktop/java.awt.EventDispatchThread.pumpOneEventForFilters(EventDispatchThread.java:203)
2025-04-29 15:41:09,644 [ERROR] LogOutputStream:75 - [STDERR_REDIRECT] 	at java.desktop/java.awt.EventDispatchThread.pumpEventsForFilter(EventDispatchThread.java:124)
2025-04-29 15:41:09,646 [ERROR] LogOutputStream:75 - [STDERR_REDIRECT] 	at java.desktop/java.awt.EventDispatchThread.pumpEventsForHierarchy(EventDispatchThread.java:113)
2025-04-29 15:41:09,647 [ERROR] LogOutputStream:75 - [STDERR_REDIRECT] 	at java.desktop/java.awt.EventDispatchThread.pumpEvents(EventDispatchThread.java:109)
2025-04-29 15:41:09,649 [ERROR] LogOutputStream:75 - [STDERR_REDIRECT] 	at java.desktop/java.awt.EventDispatchThread.pumpEvents(EventDispatchThread.java:101)
2025-04-29 15:41:09,652 [ERROR] LogOutputStream:75 - [STDERR_REDIRECT] 	at java.desktop/java.awt.EventDispatchThread.run(EventDispatchThread.java:90)
2025-04-29 15:41:26,372 [INFO] NvicIntPanel:101 - NVIC parent = com.st.microxplorer.plugins.ip.nvic.MultiNvicIntPanel[,0,0,0x0,invalid,layout=javax.swing.BoxLayout,alignmentX=0.0,alignmentY=0.0,border=,flags=9,maximumSize=,minimumSize=,preferredSize=]
2025-04-29 15:42:32,600 [INFO] UtilMem:75 - End SaveConfig() Used Memory: 819262672 Bytes (1073741824)
2025-04-29 15:42:35,114 [INFO] UtilMem:75 - End SaveConfig() Used Memory: 896307256 Bytes (1073741824)
2025-04-29 15:42:36,562 [INFO] BlockDiagram:2766 - set Specific Code input for plugin: SPI
2025-04-29 15:42:36,562 [INFO] BlockDiagram:2766 - set Specific Code input for plugin: NVIC
2025-04-29 15:42:36,562 [INFO] BlockDiagram:2766 - set Specific Code input for plugin: SYS
2025-04-29 15:42:36,562 [INFO] BlockDiagram:2766 - set Specific Code input for plugin: GPIO
2025-04-29 15:42:36,563 [INFO] BlockDiagram:2766 - set Specific Code input for plugin: RCC
2025-04-29 15:42:36,564 [INFO] CodeGenerator:896 - code generatio: config db path: C:\ST\STM32CubeIDE_1.17.0\STM32CubeIDE\plugins\com.st.stm32cube.common.mx_6.13.0.202411220809\\db\
2025-04-29 15:42:36,891 [INFO] CodeEngine:255 - oldGeneratedFile, C:\Users\Assar\Documents\GitHub\Exjobb\nucleo\e_ink_SPI_L011K4\MXTmpFiles\license.tmp_save
2025-04-29 15:42:37,316 [INFO] CodeEngine:279 - Generated code: C:\Users\Assar\Documents\GitHub\Exjobb\nucleo\e_ink_SPI_L011K4\MXTmpFiles\license.tmp
2025-04-29 15:42:37,456 [INFO] CodeEngine:255 - oldGeneratedFile, C:\Users\Assar\Documents\GitHub\Exjobb\nucleo\e_ink_SPI_L011K4\MXTmpFiles\gpio.tmp_save
2025-04-29 15:42:37,871 [INFO] CodeEngine:279 - Generated code: C:\Users\Assar\Documents\GitHub\Exjobb\nucleo\e_ink_SPI_L011K4\MXTmpFiles\gpio.tmp
2025-04-29 15:42:38,141 [INFO] CodeEngine:255 - oldGeneratedFile, C:\Users\Assar\Documents\GitHub\Exjobb\nucleo\e_ink_SPI_L011K4\Core\Src\stm32l0xx_it.c_save
2025-04-29 15:42:38,474 [INFO] CodeEngine:279 - Generated code: C:\Users\Assar\Documents\GitHub\Exjobb\nucleo\e_ink_SPI_L011K4\Core\Src\stm32l0xx_it.c
2025-04-29 15:42:38,487 [INFO] CodeEngine:255 - oldGeneratedFile, C:\Users\Assar\Documents\GitHub\Exjobb\nucleo\e_ink_SPI_L011K4\Core\Inc\stm32l0xx_it.h_save
2025-04-29 15:42:38,701 [INFO] CodeEngine:279 - Generated code: C:\Users\Assar\Documents\GitHub\Exjobb\nucleo\e_ink_SPI_L011K4\Core\Inc\stm32l0xx_it.h
2025-04-29 15:42:38,748 [INFO] CodeEngine:255 - oldGeneratedFile, C:\Users\Assar\Documents\GitHub\Exjobb\nucleo\e_ink_SPI_L011K4\Core\Src\stm32l0xx_hal_msp.c_save
2025-04-29 15:42:39,133 [INFO] CodeEngine:279 - Generated code: C:\Users\Assar\Documents\GitHub\Exjobb\nucleo\e_ink_SPI_L011K4\Core\Src\stm32l0xx_hal_msp.c
2025-04-29 15:42:39,158 [INFO] CodeEngine:255 - oldGeneratedFile, C:\Users\Assar\Documents\GitHub\Exjobb\nucleo\e_ink_SPI_L011K4\MXTmpFiles\system.tmp_save
2025-04-29 15:42:39,382 [INFO] CodeEngine:279 - Generated code: C:\Users\Assar\Documents\GitHub\Exjobb\nucleo\e_ink_SPI_L011K4\MXTmpFiles\system.tmp
2025-04-29 15:42:39,457 [INFO] CodeEngine:311 - oldGeneratedFile, C:\Users\Assar\Documents\GitHub\Exjobb\nucleo\e_ink_SPI_L011K4\Core\Inc\stm32l0xx_hal_conf.h_save
2025-04-29 15:42:39,776 [INFO] CodeEngine:335 - Generated code: C:\Users\Assar\Documents\GitHub\Exjobb\nucleo\e_ink_SPI_L011K4\Core\Inc\stm32l0xx_hal_conf.h
2025-04-29 15:42:39,856 [INFO] ApiDbMcu:508 - Load IP Config File for SPI1
2025-04-29 15:42:39,893 [INFO] CodeEngine:255 - oldGeneratedFile, C:\Users\Assar\Documents\GitHub\Exjobb\nucleo\e_ink_SPI_L011K4\Core\Inc\main.h_save
2025-04-29 15:42:40,190 [INFO] CodeEngine:279 - Generated code: C:\Users\Assar\Documents\GitHub\Exjobb\nucleo\e_ink_SPI_L011K4\Core\Inc\main.h
2025-04-29 15:42:40,236 [INFO] CodeEngine:255 - oldGeneratedFile, C:\Users\Assar\Documents\GitHub\Exjobb\nucleo\e_ink_SPI_L011K4\Core\Src\main.c_save
2025-04-29 15:42:40,515 [INFO] CodeEngine:279 - Generated code: C:\Users\Assar\Documents\GitHub\Exjobb\nucleo\e_ink_SPI_L011K4\Core\Src\main.c
2025-04-29 15:42:41,467 [INFO] ProjectBuilder:3289 - Time for Copy HAL[1] : 461mS.
2025-04-29 15:42:41,477 [INFO] ProjectBuilder:4876 - Project Generator version: 4.5.0-RC5
2025-04-29 15:42:41,725 [INFO] ConfigFileManager:1579 - The Die is : DIE457
2025-04-29 15:42:45,807 [INFO] ProjectBuilder:5154 - Time for Generating toolchain IDE Files: 4330mS.
2025-04-29 15:42:45,808 [INFO] ProjectBuilder:3146 - Time for Copy CMSIS : 0mS.
2025-04-29 15:42:45,812 [INFO] ProjectBuilder:3146 - Time for Copy CMSIS : 0mS.
2025-04-29 15:43:00,769 [INFO] UtilMem:75 - End SaveConfig() Used Memory: 851768344 Bytes (1073741824)
2025-04-29 15:43:01,400 [INFO] BlockDiagram:2766 - set Specific Code input for plugin: SPI
2025-04-29 15:43:01,401 [INFO] BlockDiagram:2766 - set Specific Code input for plugin: NVIC
2025-04-29 15:43:01,401 [INFO] BlockDiagram:2766 - set Specific Code input for plugin: SYS
2025-04-29 15:43:01,402 [INFO] BlockDiagram:2766 - set Specific Code input for plugin: GPIO
2025-04-29 15:43:01,406 [INFO] BlockDiagram:2766 - set Specific Code input for plugin: RCC
2025-04-29 15:43:01,408 [INFO] CodeGenerator:896 - code generatio: config db path: C:\ST\STM32CubeIDE_1.17.0\STM32CubeIDE\plugins\com.st.stm32cube.common.mx_6.13.0.202411220809\\db\
2025-04-29 15:43:01,701 [INFO] CodeEngine:255 - oldGeneratedFile, C:\Users\Assar\Documents\GitHub\Exjobb\nucleo\e_ink_SPI_L011K4\MXTmpFiles\license.tmp_save
2025-04-29 15:43:02,010 [INFO] CodeEngine:279 - Generated code: C:\Users\Assar\Documents\GitHub\Exjobb\nucleo\e_ink_SPI_L011K4\MXTmpFiles\license.tmp
2025-04-29 15:43:02,213 [INFO] CodeEngine:255 - oldGeneratedFile, C:\Users\Assar\Documents\GitHub\Exjobb\nucleo\e_ink_SPI_L011K4\MXTmpFiles\gpio.tmp_save
2025-04-29 15:43:02,530 [INFO] CodeEngine:279 - Generated code: C:\Users\Assar\Documents\GitHub\Exjobb\nucleo\e_ink_SPI_L011K4\MXTmpFiles\gpio.tmp
2025-04-29 15:43:02,843 [INFO] CodeEngine:255 - oldGeneratedFile, C:\Users\Assar\Documents\GitHub\Exjobb\nucleo\e_ink_SPI_L011K4\Core\Src\stm32l0xx_it.c_save
2025-04-29 15:43:03,134 [INFO] CodeEngine:279 - Generated code: C:\Users\Assar\Documents\GitHub\Exjobb\nucleo\e_ink_SPI_L011K4\Core\Src\stm32l0xx_it.c
2025-04-29 15:43:03,169 [INFO] CodeEngine:255 - oldGeneratedFile, C:\Users\Assar\Documents\GitHub\Exjobb\nucleo\e_ink_SPI_L011K4\Core\Inc\stm32l0xx_it.h_save
2025-04-29 15:43:03,324 [INFO] CodeEngine:279 - Generated code: C:\Users\Assar\Documents\GitHub\Exjobb\nucleo\e_ink_SPI_L011K4\Core\Inc\stm32l0xx_it.h
2025-04-29 15:43:03,450 [INFO] CodeEngine:255 - oldGeneratedFile, C:\Users\Assar\Documents\GitHub\Exjobb\nucleo\e_ink_SPI_L011K4\Core\Src\stm32l0xx_hal_msp.c_save
2025-04-29 15:43:03,806 [INFO] CodeEngine:279 - Generated code: C:\Users\Assar\Documents\GitHub\Exjobb\nucleo\e_ink_SPI_L011K4\Core\Src\stm32l0xx_hal_msp.c
2025-04-29 15:43:03,814 [INFO] CodeEngine:255 - oldGeneratedFile, C:\Users\Assar\Documents\GitHub\Exjobb\nucleo\e_ink_SPI_L011K4\MXTmpFiles\system.tmp_save
2025-04-29 15:43:03,950 [INFO] CodeEngine:279 - Generated code: C:\Users\Assar\Documents\GitHub\Exjobb\nucleo\e_ink_SPI_L011K4\MXTmpFiles\system.tmp
2025-04-29 15:43:04,019 [INFO] CodeEngine:311 - oldGeneratedFile, C:\Users\Assar\Documents\GitHub\Exjobb\nucleo\e_ink_SPI_L011K4\Core\Inc\stm32l0xx_hal_conf.h_save
2025-04-29 15:43:04,396 [INFO] CodeEngine:335 - Generated code: C:\Users\Assar\Documents\GitHub\Exjobb\nucleo\e_ink_SPI_L011K4\Core\Inc\stm32l0xx_hal_conf.h
2025-04-29 15:43:04,478 [INFO] CodeEngine:255 - oldGeneratedFile, C:\Users\Assar\Documents\GitHub\Exjobb\nucleo\e_ink_SPI_L011K4\Core\Inc\main.h_save
2025-04-29 15:43:04,746 [INFO] CodeEngine:279 - Generated code: C:\Users\Assar\Documents\GitHub\Exjobb\nucleo\e_ink_SPI_L011K4\Core\Inc\main.h
2025-04-29 15:43:04,778 [INFO] CodeEngine:255 - oldGeneratedFile, C:\Users\Assar\Documents\GitHub\Exjobb\nucleo\e_ink_SPI_L011K4\Core\Src\main.c_save
2025-04-29 15:43:05,047 [INFO] CodeEngine:279 - Generated code: C:\Users\Assar\Documents\GitHub\Exjobb\nucleo\e_ink_SPI_L011K4\Core\Src\main.c
2025-04-29 15:43:05,760 [INFO] ProjectBuilder:3289 - Time for Copy HAL[1] : 283mS.
2025-04-29 15:43:05,766 [INFO] ProjectBuilder:4876 - Project Generator version: 4.5.0-RC5
2025-04-29 15:43:05,984 [INFO] ConfigFileManager:1579 - The Die is : DIE457
2025-04-29 15:43:08,267 [INFO] ProjectBuilder:5154 - Time for Generating toolchain IDE Files: 2501mS.
2025-04-29 15:43:08,268 [INFO] ProjectBuilder:3146 - Time for Copy CMSIS : 1mS.
2025-04-29 15:43:08,271 [INFO] ProjectBuilder:3146 - Time for Copy CMSIS : 0mS.
