2025-04-25 10:03:32,901 [ERROR] LogOutputStream:75 - [STDERR_REDIRECT] 
2025-04-25 10:04:26,288 [INFO] Activator:176 - 


2025-04-25 10:04:26,291 [INFO] Activator:177 - !SESSION log4j initialized
2025-04-25 10:04:37,211 [INFO] LogOutputStream:77 - [STDOUT_REDIRECT] 
2025-04-25 10:04:41,532 [INFO] ApplicationProperties:184 - Using Application install path: C:\ST\STM32CubeIDE_1.17.0\STM32CubeIDE\plugins\com.st.stm32cube.common.mx_6.13.0.202411220809
2025-04-25 10:04:41,556 [INFO] DbMcusXml:78 - Set database path to: C:\ST\STM32CubeIDE_1.17.0\STM32CubeIDE\plugins\com.st.stm32cube.common.mx_6.13.0.202411220809\\db\/mcu/
2025-04-25 10:04:41,557 [INFO] ApiDb:274 - Set plugin database path to: C:\ST\STM32CubeIDE_1.17.0\STM32CubeIDE\plugins\com.st.stm32cube.common.mx_6.13.0.202411220809\\db\/plugins/boardmanager/
2025-04-25 10:04:41,557 [WARN] ApiDb:259 - Overriding images path with different value:  => C:\ST\STM32CubeIDE_1.17.0\STM32CubeIDE\plugins\com.st.stm32cube.common.mx_6.13.0.202411220809\\db\/plugins/mcufinder/images/
2025-04-25 10:04:41,568 [INFO] ApiDb:250 - Set database path to: C:\Users\Assar\.stmcufinder\plugins\mcufinder//mcu/
2025-04-25 10:04:41,569 [INFO] DbMcusAds:125 - Set database path to: C:\Users\Assar\.stmcufinder\plugins\mcufinder//mcu/
2025-04-25 10:04:41,572 [INFO] CrossReferenceDbSqlite:203 - Set database path to: C:\Users\Assar\.stmcufinder\plugins\mcufinder//mcu/cs/
2025-04-25 10:04:41,749 [INFO] RulesReader:64 - Compatibility file has been processed (297 Rules)
2025-04-25 10:04:41,890 [INFO] DbMcusXml:78 - Set database path to: C:\ST\STM32CubeIDE_1.17.0\STM32CubeIDE\plugins\com.st.stm32cube.common.mx_6.13.0.202411220809\\db\/mcu/
2025-04-25 10:04:41,890 [INFO] ApiDb:274 - Set plugin database path to: C:\ST\STM32CubeIDE_1.17.0\STM32CubeIDE\plugins\com.st.stm32cube.common.mx_6.13.0.202411220809\\db\/plugins/boardmanager/
2025-04-25 10:04:41,891 [INFO] ApiDb:261 - Set plugin images path to: C:\ST\STM32CubeIDE_1.17.0\STM32CubeIDE\plugins\com.st.stm32cube.common.mx_6.13.0.202411220809\\db\/plugins/mcufinder/images/
2025-04-25 10:04:41,891 [WARN] DbFile:41 - Overriding database path with different value: C:\Users\Assar\.stmcufinder\plugins\mcufinder/ => C:\Users\Assar\.stmcufinder\plugins\mcufinder
2025-04-25 10:04:41,891 [INFO] ApiDb:250 - Set database path to: C:\Users\Assar\.stmcufinder\plugins\mcufinder//mcu/
2025-04-25 10:04:41,891 [WARN] DbFile:41 - Overriding database path with different value: C:\Users\Assar\.stmcufinder\plugins\mcufinder/ => C:\Users\Assar\.stmcufinder\plugins\mcufinder
2025-04-25 10:04:41,891 [INFO] DbMcusAds:125 - Set database path to: C:\Users\Assar\.stmcufinder\plugins\mcufinder//mcu/
2025-04-25 10:04:41,891 [WARN] DbFile:41 - Overriding database path with different value: C:\Users\Assar\.stmcufinder\plugins\mcufinder/ => C:\Users\Assar\.stmcufinder\plugins\mcufinder
2025-04-25 10:04:41,892 [WARN] DbFile:41 - Overriding database path with different value: C:\Users\Assar\.stmcufinder\plugins\mcufinder/ => C:\Users\Assar\.stmcufinder\plugins\mcufinder
2025-04-25 10:04:41,892 [INFO] CrossReferenceDbSqlite:203 - Set database path to: C:\Users\Assar\.stmcufinder\plugins\mcufinder//mcu/cs/
2025-04-25 10:04:42,021 [INFO] MainPanel:272 - HeapMemory: 268435456
2025-04-25 10:04:42,181 [INFO] DbMcusXml:78 - Set database path to: C:\ST\STM32CubeIDE_1.17.0\STM32CubeIDE\plugins\com.st.stm32cube.common.mx_6.13.0.202411220809\\db\/mcu/
2025-04-25 10:04:42,181 [INFO] ApiDb:274 - Set plugin database path to: C:\ST\STM32CubeIDE_1.17.0\STM32CubeIDE\plugins\com.st.stm32cube.common.mx_6.13.0.202411220809\\db\/plugins/boardmanager/
2025-04-25 10:04:42,181 [INFO] ApiDb:261 - Set plugin images path to: C:\ST\STM32CubeIDE_1.17.0\STM32CubeIDE\plugins\com.st.stm32cube.common.mx_6.13.0.202411220809\\db\/plugins/mcufinder/images/
2025-04-25 10:04:42,182 [WARN] DbFile:41 - Overriding database path with different value: C:\Users\Assar\.stmcufinder\plugins\mcufinder/ => C:\Users\Assar\.stmcufinder\plugins\mcufinder
2025-04-25 10:04:42,182 [INFO] ApiDb:250 - Set database path to: C:\Users\Assar\.stmcufinder\plugins\mcufinder//mcu/
2025-04-25 10:04:42,182 [WARN] DbFile:41 - Overriding database path with different value: C:\Users\Assar\.stmcufinder\plugins\mcufinder/ => C:\Users\Assar\.stmcufinder\plugins\mcufinder
2025-04-25 10:04:42,182 [INFO] DbMcusAds:125 - Set database path to: C:\Users\Assar\.stmcufinder\plugins\mcufinder//mcu/
2025-04-25 10:04:42,182 [WARN] DbFile:41 - Overriding database path with different value: C:\Users\Assar\.stmcufinder\plugins\mcufinder/ => C:\Users\Assar\.stmcufinder\plugins\mcufinder
2025-04-25 10:04:42,183 [WARN] DbFile:41 - Overriding database path with different value: C:\Users\Assar\.stmcufinder\plugins\mcufinder/ => C:\Users\Assar\.stmcufinder\plugins\mcufinder
2025-04-25 10:04:42,183 [INFO] CrossReferenceDbSqlite:203 - Set database path to: C:\Users\Assar\.stmcufinder\plugins\mcufinder//mcu/cs/
2025-04-25 10:04:42,209 [INFO] ApplicationProperties:184 - Using Application install path: C:\ST\STM32CubeIDE_1.17.0\STM32CubeIDE\plugins\com.st.stm32cube.common.mx_6.13.0.202411220809
2025-04-25 10:04:42,211 [INFO] PluginManage:196 - Search for loadable plugins [exclusion list=, ]
2025-04-25 10:04:42,212 [INFO] PluginManage:310 - Check plugin analytics
2025-04-25 10:04:42,526 [INFO] AnalyticsPlugin:253 - Accepted Software Licenses: 
2025-04-25 10:04:42,526 [INFO] AnalyticsPlugin:255 - Accepted CMSIS Pack Licenses: 
2025-04-25 10:04:42,527 [INFO] AnalyticsPlugin:257 - Accepted Firmware Licenses: FW.F4.1.28.0
2025-04-25 10:04:42,532 [INFO] PluginManage:359 - Loaded plugin analytics (category:tool,tabindex:-1)
2025-04-25 10:04:42,533 [INFO] PluginManage:310 - Check plugin cadmodel
2025-04-25 10:04:42,576 [INFO] CADModel:105 - Init CAD model plugin
2025-04-25 10:04:42,576 [INFO] PluginManage:359 - Loaded plugin cadmodel (category:power,tabindex:5)
2025-04-25 10:04:42,576 [INFO] PluginManage:310 - Check plugin clock
2025-04-25 10:04:42,614 [INFO] PluginManage:359 - Loaded plugin clock (category:base,tabindex:2)
2025-04-25 10:04:42,615 [INFO] PluginManage:310 - Check plugin ddr
2025-04-25 10:04:42,620 [INFO] PluginManage:359 - Loaded plugin ddr (category:tool,tabindex:6)
2025-04-25 10:04:42,620 [INFO] PluginManage:310 - Check plugin filemanager
2025-04-25 10:04:42,885 [INFO] PluginManage:359 - Loaded plugin filemanager (category:base,tabindex:10)
2025-04-25 10:04:42,886 [INFO] PluginManage:310 - Check plugin ipmanager
2025-04-25 10:04:42,900 [INFO] PluginManage:359 - Loaded plugin ipmanager (category:base,tabindex:5)
2025-04-25 10:04:42,900 [INFO] PluginManage:310 - Check plugin lpbam
2025-04-25 10:04:42,936 [INFO] PluginManage:359 - Loaded plugin lpbam (category:base,tabindex:0)
2025-04-25 10:04:42,936 [INFO] PluginManage:310 - Check plugin memorymap
2025-04-25 10:04:42,981 [INFO] PluginManage:359 - Loaded plugin memorymap (category:base,tabindex:4)
2025-04-25 10:04:42,981 [INFO] PluginManage:310 - Check plugin pinoutandconfiguration
2025-04-25 10:04:43,021 [INFO] PluginManage:359 - Loaded plugin pinoutandconfiguration (category:base,tabindex:1)
2025-04-25 10:04:43,021 [INFO] PluginManage:310 - Check plugin pinoutconfig
2025-04-25 10:04:43,168 [WARN] SupportedApi:132 - Cannot load RTOS API schema: s4s-elt-must-match.1: The content of 'definitions' must match (annotation?, (simpleType | complexType)?, (unique | key | keyref)*)). A problem was found starting at: attribute.
2025-04-25 10:04:43,385 [INFO] PluginManage:359 - Loaded plugin pinoutconfig (category:base,tabindex:0)
2025-04-25 10:04:43,385 [INFO] PluginManage:310 - Check plugin power
2025-04-25 10:04:43,421 [INFO] PluginManage:359 - Loaded plugin power (category:power,tabindex:4)
2025-04-25 10:04:43,422 [INFO] PluginManage:310 - Check plugin projectmanager
2025-04-25 10:04:43,448 [INFO] PluginManage:359 - Loaded plugin projectmanager (category:projectmanager,tabindex:4)
2025-04-25 10:04:43,448 [INFO] PluginManage:310 - Check plugin rif
2025-04-25 10:04:43,484 [INFO] PluginManage:359 - Loaded plugin rif (category:base,tabindex:3)
2025-04-25 10:04:43,484 [INFO] PluginManage:310 - Check plugin thirdparty
2025-04-25 10:04:43,943 [INFO] PluginManage:359 - Loaded plugin thirdparty (category:base,tabindex:-1)
2025-04-25 10:04:43,943 [INFO] PluginManage:310 - Check plugin tools
2025-04-25 10:04:43,943 [WARN] IntegrityCheckThread:84 - waiting for thirdparty lock release [integrity check]
2025-04-25 10:04:43,943 [INFO] IntegrityCheckThread:86 - entering critical section [integrity check]
2025-04-25 10:04:43,944 [INFO] ThirdPartyUpdaterWithRetryManager:70 - Updater plugin not ready yet. [1/15]
2025-04-25 10:04:44,020 [INFO] PluginManage:359 - Loaded plugin tools (category:base,tabindex:7)
2025-04-25 10:04:44,021 [INFO] PluginManage:310 - Check plugin tutovideos
2025-04-25 10:04:44,272 [INFO] PluginManage:359 - Loaded plugin tutovideos (category:base,tabindex:-1)
2025-04-25 10:04:44,272 [INFO] PluginManage:310 - Check plugin updater
2025-04-25 10:04:44,302 [INFO] PluginManage:359 - Loaded plugin updater (category:base,tabindex:12)
2025-04-25 10:04:44,302 [INFO] PluginManage:310 - Check plugin userauth
2025-04-25 10:04:44,307 [INFO] UserAuth:118 - Init User Auth plugin
2025-04-25 10:04:44,308 [INFO] PluginManage:359 - Loaded plugin userauth (category:base,tabindex:14)
2025-04-25 10:04:44,309 [INFO] PluginManage:283 - PluginManage : Loaded plugins [18]
2025-04-25 10:04:44,652 [INFO] PinOutPanel:1589 - setPackage(No Configuration,No Configuration)
2025-04-25 10:04:44,792 [INFO] CADModel:165 - CPN selected for project level
2025-04-25 10:04:44,792 [INFO] CADModel:114 - Register for checkConnection events
2025-04-25 10:04:44,833 [INFO] IPUIPlugin:80 - create IPUIPlugin
2025-04-25 10:04:44,834 [INFO] PluginManager:220 - loadIPPluginJar : add adc
2025-04-25 10:04:44,919 [INFO] IPUIPlugin:80 - create IPUIPlugin
2025-04-25 10:04:44,919 [INFO] PluginManager:220 - loadIPPluginJar : add aes
2025-04-25 10:04:45,019 [INFO] IPUIPlugin:80 - create IPUIPlugin
2025-04-25 10:04:45,019 [INFO] PluginManager:220 - loadIPPluginJar : add can
2025-04-25 10:04:45,070 [INFO] IPUIPlugin:80 - create IPUIPlugin
2025-04-25 10:04:45,070 [INFO] PluginManager:220 - loadIPPluginJar : add comp
2025-04-25 10:04:45,149 [INFO] IPUIPlugin:80 - create IPUIPlugin
2025-04-25 10:04:45,149 [INFO] PluginManager:220 - loadIPPluginJar : add cryp
2025-04-25 10:04:45,180 [INFO] IPUIPlugin:80 - create IPUIPlugin
2025-04-25 10:04:45,180 [INFO] PluginManager:220 - loadIPPluginJar : add ddr_ctrl_phy
2025-04-25 10:04:45,249 [INFO] IPUIPlugin:80 - create IPUIPlugin
2025-04-25 10:04:45,250 [INFO] PluginManager:220 - loadIPPluginJar : add dfsdm
2025-04-25 10:04:45,276 [INFO] IPUIPlugin:80 - create IPUIPlugin
2025-04-25 10:04:45,276 [INFO] PluginManager:220 - loadIPPluginJar : add dma
2025-04-25 10:04:45,359 [INFO] IPUIPlugin:80 - create IPUIPlugin
2025-04-25 10:04:45,360 [INFO] PluginManager:220 - loadIPPluginJar : add dma3
2025-04-25 10:04:45,443 [INFO] IPUIPlugin:80 - create IPUIPlugin
2025-04-25 10:04:45,443 [INFO] PluginManager:220 - loadIPPluginJar : add extmemmanager
2025-04-25 10:04:45,488 [INFO] IPUIPlugin:80 - create IPUIPlugin
2025-04-25 10:04:45,489 [INFO] PluginManager:220 - loadIPPluginJar : add fatfs
2025-04-25 10:04:45,580 [INFO] IPUIPlugin:80 - create IPUIPlugin
2025-04-25 10:04:45,580 [INFO] PluginManager:220 - loadIPPluginJar : add fmc
2025-04-25 10:04:45,606 [INFO] IPUIPlugin:80 - create IPUIPlugin
2025-04-25 10:04:45,607 [INFO] PluginManager:220 - loadIPPluginJar : add freertos
2025-04-25 10:04:45,643 [INFO] IPUIPlugin:80 - create IPUIPlugin
2025-04-25 10:04:45,643 [INFO] PluginManager:220 - loadIPPluginJar : add genericplugin
2025-04-25 10:04:45,808 [INFO] IPUIPlugin:80 - create IPUIPlugin
2025-04-25 10:04:45,808 [INFO] PluginManager:220 - loadIPPluginJar : add gfxmmu
2025-04-25 10:04:46,110 [INFO] IPUIPlugin:80 - create IPUIPlugin
2025-04-25 10:04:46,110 [INFO] PluginManager:220 - loadIPPluginJar : add gic
2025-04-25 10:04:46,134 [INFO] IPUIPlugin:80 - create IPUIPlugin
2025-04-25 10:04:46,134 [INFO] PluginManager:220 - loadIPPluginJar : add gpio
2025-04-25 10:04:46,349 [INFO] IPUIPlugin:80 - create IPUIPlugin
2025-04-25 10:04:46,349 [INFO] PluginManager:220 - loadIPPluginJar : add gtzc
2025-04-25 10:04:46,423 [INFO] IPUIPlugin:80 - create IPUIPlugin
2025-04-25 10:04:46,423 [INFO] PluginManager:220 - loadIPPluginJar : add hash
2025-04-25 10:04:46,529 [INFO] IPUIPlugin:80 - create IPUIPlugin
2025-04-25 10:04:46,529 [INFO] PluginManager:220 - loadIPPluginJar : add i2c
2025-04-25 10:04:46,612 [INFO] IPUIPlugin:80 - create IPUIPlugin
2025-04-25 10:04:46,612 [INFO] PluginManager:220 - loadIPPluginJar : add i2s
2025-04-25 10:04:46,683 [INFO] IPUIPlugin:80 - create IPUIPlugin
2025-04-25 10:04:46,683 [INFO] PluginManager:220 - loadIPPluginJar : add i3c
2025-04-25 10:04:46,875 [INFO] IPUIPlugin:80 - create IPUIPlugin
2025-04-25 10:04:46,875 [INFO] PluginManager:220 - loadIPPluginJar : add ipddr
2025-04-25 10:04:46,944 [INFO] ThirdPartyUpdaterWithRetryManager:70 - Updater plugin not ready yet. [2/15]
2025-04-25 10:04:47,086 [INFO] IPUIPlugin:80 - create IPUIPlugin
2025-04-25 10:04:47,087 [INFO] PluginManager:220 - loadIPPluginJar : add linkedlist
2025-04-25 10:04:47,153 [INFO] IPUIPlugin:80 - create IPUIPlugin
2025-04-25 10:04:47,153 [INFO] PluginManager:220 - loadIPPluginJar : add lorawan
2025-04-25 10:04:47,231 [INFO] IPUIPlugin:80 - create IPUIPlugin
2025-04-25 10:04:47,232 [INFO] PluginManager:220 - loadIPPluginJar : add ltdc
2025-04-25 10:04:47,254 [INFO] IPUIPlugin:80 - create IPUIPlugin
2025-04-25 10:04:47,254 [INFO] PluginManager:220 - loadIPPluginJar : add mdma
2025-04-25 10:04:47,276 [INFO] IPUIPlugin:80 - create IPUIPlugin
2025-04-25 10:04:47,277 [INFO] PluginManager:220 - loadIPPluginJar : add nvic
2025-04-25 10:04:47,356 [INFO] IPUIPlugin:80 - create IPUIPlugin
2025-04-25 10:04:47,356 [INFO] PluginManager:220 - loadIPPluginJar : add opamp
2025-04-25 10:04:47,481 [INFO] IPUIPlugin:80 - create IPUIPlugin
2025-04-25 10:04:47,481 [INFO] PluginManager:220 - loadIPPluginJar : add openamp
2025-04-25 10:04:47,554 [INFO] IPUIPlugin:80 - create IPUIPlugin
2025-04-25 10:04:47,554 [INFO] PluginManager:220 - loadIPPluginJar : add pdm2pcm
2025-04-25 10:04:47,574 [INFO] IPUIPlugin:80 - create IPUIPlugin
2025-04-25 10:04:47,577 [INFO] PluginManager:220 - loadIPPluginJar : add plateformsettings
2025-04-25 10:04:47,620 [INFO] IPUIPlugin:80 - create IPUIPlugin
2025-04-25 10:04:47,620 [INFO] PluginManager:220 - loadIPPluginJar : add quadspi
2025-04-25 10:04:47,664 [INFO] IPUIPlugin:80 - create IPUIPlugin
2025-04-25 10:04:47,665 [INFO] PluginManager:220 - loadIPPluginJar : add radio
2025-04-25 10:04:47,684 [INFO] IPUIPlugin:80 - create IPUIPlugin
2025-04-25 10:04:47,684 [INFO] PluginManager:220 - loadIPPluginJar : add resmgrutility
2025-04-25 10:04:47,762 [INFO] IPUIPlugin:80 - create IPUIPlugin
2025-04-25 10:04:47,763 [INFO] PluginManager:220 - loadIPPluginJar : add sai
2025-04-25 10:04:47,823 [INFO] IPUIPlugin:80 - create IPUIPlugin
2025-04-25 10:04:47,823 [INFO] PluginManager:220 - loadIPPluginJar : add spi
2025-04-25 10:04:47,947 [INFO] IPUIPlugin:80 - create IPUIPlugin
2025-04-25 10:04:47,947 [INFO] PluginManager:220 - loadIPPluginJar : add stm32_wpan
2025-04-25 10:04:47,990 [INFO] IPUIPlugin:80 - create IPUIPlugin
2025-04-25 10:04:47,990 [INFO] PluginManager:220 - loadIPPluginJar : add tim
2025-04-25 10:04:48,115 [INFO] IPUIPlugin:80 - create IPUIPlugin
2025-04-25 10:04:48,116 [INFO] PluginManager:220 - loadIPPluginJar : add touchsensing
2025-04-25 10:04:48,154 [INFO] IPUIPlugin:80 - create IPUIPlugin
2025-04-25 10:04:48,154 [INFO] PluginManager:220 - loadIPPluginJar : add tracer_emb
2025-04-25 10:04:48,191 [INFO] IPUIPlugin:80 - create IPUIPlugin
2025-04-25 10:04:48,191 [INFO] PluginManager:220 - loadIPPluginJar : add ts
2025-04-25 10:04:48,232 [INFO] IPUIPlugin:80 - create IPUIPlugin
2025-04-25 10:04:48,232 [INFO] PluginManager:220 - loadIPPluginJar : add tsc
2025-04-25 10:04:48,268 [INFO] IPUIPlugin:80 - create IPUIPlugin
2025-04-25 10:04:48,268 [INFO] PluginManager:220 - loadIPPluginJar : add ucpd
2025-04-25 10:04:48,345 [INFO] IPUIPlugin:80 - create IPUIPlugin
2025-04-25 10:04:48,346 [INFO] PluginManager:220 - loadIPPluginJar : add usart
2025-04-25 10:04:48,426 [INFO] IPUIPlugin:80 - create IPUIPlugin
2025-04-25 10:04:48,426 [INFO] PluginManager:220 - loadIPPluginJar : add usbx
2025-04-25 10:04:48,594 [FATAL] Updater:351 - Updater called before beeing initialized
2025-04-25 10:04:48,673 [INFO] RulesReader:64 - Compatibility file has been processed (297 Rules)
2025-04-25 10:04:48,693 [INFO] RulesReader:64 - Compatibility file has been processed (297 Rules)
2025-04-25 10:04:48,707 [INFO] CADModel:165 - CPN selected for project level
2025-04-25 10:04:48,707 [INFO] CADModel:114 - Register for checkConnection events
2025-04-25 10:04:48,707 [FATAL] Updater:351 - Updater called before beeing initialized
2025-04-25 10:04:48,707 [ERROR] CADModel:125 - Updater not yet initialized, retry later 
2025-04-25 10:04:48,919 [FATAL] Updater:351 - Updater called before beeing initialized
2025-04-25 10:04:48,922 [INFO] CADModel:165 - CPN selected for project level
2025-04-25 10:04:48,922 [INFO] CADModel:114 - Register for checkConnection events
2025-04-25 10:04:48,922 [FATAL] Updater:351 - Updater called before beeing initialized
2025-04-25 10:04:48,922 [ERROR] CADModel:125 - Updater not yet initialized, retry later 
2025-04-25 10:04:48,928 [FATAL] Updater:351 - Updater called before beeing initialized
2025-04-25 10:04:49,140 [FATAL] Updater:351 - Updater called before beeing initialized
2025-04-25 10:04:49,148 [INFO] DbMcusAds:53 - JSON generation date=Thu Mar 06 15:54:22 CET 2025 (1741272862204)
2025-04-25 10:04:49,148 [FATAL] Updater:351 - Updater called before beeing initialized
2025-04-25 10:04:49,254 [WARN] DetailPanel:346 - Failed to get advertising image, set to default
2025-04-25 10:04:49,712 [FATAL] Updater:351 - Updater called before beeing initialized
2025-04-25 10:04:49,716 [FATAL] Updater:351 - Updater called before beeing initialized
2025-04-25 10:04:49,716 [FATAL] Updater:351 - Updater called before beeing initialized
2025-04-25 10:04:49,716 [WARN] DetailPanel:346 - Failed to get advertising image, set to default
2025-04-25 10:04:49,717 [FATAL] Updater:351 - Updater called before beeing initialized
2025-04-25 10:04:49,835 [ERROR] Updater:1198 - MainUpdater not yet initialized. External WinMGr cannot be set.
2025-04-25 10:04:49,854 [INFO] Updater:1134 - Updater Version found : 6.13.0
2025-04-25 10:04:49,883 [INFO] ApplicationProperties:184 - Using Application install path: C:\ST\STM32CubeIDE_1.17.0\STM32CubeIDE\plugins\com.st.stm32cube.common.mx_6.13.0.202411220809
2025-04-25 10:04:49,947 [INFO] ThirdPartyUpdaterWithRetryManager:70 - Updater plugin not ready yet. [3/15]
2025-04-25 10:04:51,469 [ERROR] LogOutputStream:75 - [STDERR_REDIRECT] Apr 25, 2025 10:04:51 AM java.util.prefs.WindowsPreferences <init>
2025-04-25 10:04:51,473 [ERROR] LogOutputStream:75 - [STDERR_REDIRECT] WARNING: Could not open/create prefs root node Software\JavaSoft\Prefs at root 0xffffffff80000002. Windows RegCreateKeyEx(...) returned error code 5.
2025-04-25 10:04:51,474 [ERROR] LogOutputStream:75 - [STDERR_REDIRECT] 
2025-04-25 10:04:51,907 [INFO] MainUpdater:2872 - connection check result : 10
2025-04-25 10:04:51,908 [INFO] MainUpdater:289 - Updater Check For Update Now.
2025-04-25 10:04:51,908 [INFO] MicroXplorer:498 - Change Database Version : DB.6.0.130
2025-04-25 10:04:51,936 [INFO] McuFinderGlobals:63 - Set McuFinder mode to 2 (CubeIDE integrated)
2025-04-25 10:04:51,951 [INFO] UserAuth:486 - Internet connection configuration mode: 1
2025-04-25 10:04:51,985 [INFO] JxBrowserEngine:152 - Initiate JxBrowser Engine with user profile folder
2025-04-25 10:04:52,224 [INFO] CheckServerUpdateThread:120 - End of CheckServer Thread
2025-04-25 10:04:53,610 [WARN] PackLoader:240 - Cannot read IP mode file for STMicroelectronics.FP-SNS-MOTENVWB1.1.4.0
2025-04-25 10:04:53,659 [WARN] PackLoader:240 - Cannot read IP mode file for STMicroelectronics.FP-ATR-ASTRA1.2.0.2
2025-04-25 10:04:53,690 [WARN] PackLoader:240 - Cannot read IP mode file for STMicroelectronics.X-CUBE-SMBUS.2.1.0
2025-04-25 10:04:53,724 [WARN] PackLoader:240 - Cannot read IP mode file for STMicroelectronics.X-CUBE-WB05N.1.1.0
2025-04-25 10:04:53,800 [WARN] PackLoader:240 - Cannot read IP mode file for STMicroelectronics.X-CUBE-AZRTOS-F7.1.1.0
2025-04-25 10:04:53,832 [WARN] PackLoader:240 - Cannot read IP mode file for STMicroelectronics.FP-SNS-FLIGHT1.5.0.2
2025-04-25 10:04:53,914 [WARN] PackLoader:240 - Cannot read IP mode file for Infineon.AIROC-Wi-Fi-Bluetooth-STM32.1.7.0
2025-04-25 10:04:53,959 [WARN] PackLoader:240 - Cannot read IP mode file for STMicroelectronics.X-CUBE-DISPLAY.3.0.0
2025-04-25 10:04:53,992 [WARN] PackLoader:240 - Cannot read IP mode file for STMicroelectronics.X-CUBE-BLE1.7.0.0
2025-04-25 10:04:54,022 [WARN] PackLoader:240 - Cannot read IP mode file for STMicroelectronics.X-CUBE-NFC10.1.0.0
2025-04-25 10:04:54,075 [WARN] PackLoader:240 - Cannot read IP mode file for STMicroelectronics.X-CUBE-BLEMGR.4.0.0
2025-04-25 10:04:54,123 [WARN] PackLoader:240 - Cannot read IP mode file for emotas.I-CUBE-CANOPEN.1.3.0
2025-04-25 10:04:54,154 [WARN] PackLoader:240 - Cannot read IP mode file for STMicroelectronics.X-CUBE-AI.10.0.0
2025-04-25 10:04:54,187 [WARN] PackLoader:240 - Cannot read IP mode file for STMicroelectronics.FP-SNS-SMARTAG2.1.2.0
2025-04-25 10:04:54,217 [WARN] PackLoader:240 - Cannot read IP mode file for STMicroelectronics.FP-SNS-FLIGHT1.5.1.0
2025-04-25 10:04:54,362 [WARN] PackLoader:240 - Cannot read IP mode file for STMicroelectronics.X-CUBE-MEMS1.11.1.0
2025-04-25 10:04:54,735 [INFO] LogOutputStream:77 - [STDOUT_REDIRECT] 1 : Invalid condition id : UX_CORESTACK_Condition cause : null
2025-04-25 10:04:54,736 [INFO] LogOutputStream:77 - [STDOUT_REDIRECT] 1 : Invalid condition id : UX_CORESTACK_Condition cause : null
2025-04-25 10:04:54,745 [INFO] LogOutputStream:77 - [STDOUT_REDIRECT] 1 : Invalid condition id : UX_CORESTACK_Condition cause : null
2025-04-25 10:04:54,747 [INFO] LogOutputStream:77 - [STDOUT_REDIRECT] 1 : Invalid condition id : UX_CORESTACK_Condition cause : null
2025-04-25 10:04:54,749 [INFO] LogOutputStream:77 - [STDOUT_REDIRECT] 1 : Invalid condition id : UX_CORESTACK_Condition cause : null
2025-04-25 10:04:54,754 [WARN] PackLoader:240 - Cannot read IP mode file for STMicroelectronics.X-CUBE-AZRTOS-WL.2.0.0
2025-04-25 10:04:54,788 [WARN] PackLoader:240 - Cannot read IP mode file for STMicroelectronics.FP-SNS-MOTENV1.5.0.0
2025-04-25 10:04:54,827 [WARN] PackLoader:240 - Cannot read IP mode file for WES.I-CUBE-Cesium.1.3.0
2025-04-25 10:04:54,853 [WARN] PackLoader:240 - Cannot read IP mode file for STMicroelectronics.X-CUBE-BLE2.3.3.0
2025-04-25 10:04:54,883 [WARN] PackLoader:240 - Cannot read IP mode file for STMicroelectronics.X-CUBE-NFC9.1.0.0
2025-04-25 10:04:54,922 [WARN] PackLoader:240 - Cannot read IP mode file for STMicroelectronics.X-CUBE-BLE1.7.1.0
2025-04-25 10:04:54,948 [WARN] PackLoader:240 - Cannot read IP mode file for wolfSSL.I-CUBE-wolfMQTT.1.19.2
2025-04-25 10:04:55,144 [WARN] PackLoader:240 - Cannot read IP mode file for STMicroelectronics.X-CUBE-MEMS1.11.2.0
2025-04-25 10:04:55,293 [INFO] WebApp:168 - Instantiating new browser for Auth
2025-04-25 10:04:55,498 [WARN] PackLoader:240 - Cannot read IP mode file for STMicroelectronics.X-CUBE-AZRTOS-G0.1.1.0
2025-04-25 10:04:55,534 [WARN] PackLoader:240 - Cannot read IP mode file for STMicroelectronics.X-CUBE-SAFEA1.1.2.2
2025-04-25 10:04:55,562 [WARN] PackLoader:240 - Cannot read IP mode file for STMicroelectronics.X-CUBE-NFC4.3.0.0
2025-04-25 10:04:55,601 [WARN] PackLoader:240 - Cannot read IP mode file for EmbeddedOffice.I-CUBE-FS-RTOS.1.0.1
2025-04-25 10:04:55,650 [WARN] PackLoader:240 - Cannot read IP mode file for STMicroelectronics.X-CUBE-WB05N.2.0.0
2025-04-25 10:04:55,679 [WARN] PackLoader:240 - Cannot read IP mode file for wolfSSL.I-CUBE-wolfTPM.3.8.0
2025-04-25 10:04:55,752 [WARN] PackLoader:240 - Cannot read IP mode file for STMicroelectronics.X-CUBE-TCPP.4.2.0
2025-04-25 10:04:55,790 [WARN] PackLoader:240 - Cannot read IP mode file for RealThread.X-CUBE-RT-Thread_Nano.4.1.1
2025-04-25 10:04:55,843 [WARN] PackLoader:240 - Cannot read IP mode file for STMicroelectronics.FP-ATR-SIGFOX1.3.2.0
2025-04-25 10:04:55,962 [WARN] ConditionMgr:438 - getConditionDescription Invalid condition id : Cortex-A Device cause : null
2025-04-25 10:04:56,008 [WARN] ConditionMgr:1044 - genDependencies : Invalid condition id : Cortex-A Device cause : null
2025-04-25 10:04:56,008 [WARN] ConditionMgr:1044 - genDependencies : Invalid condition id : Cortex-A Device cause : null
2025-04-25 10:04:56,008 [WARN] ConditionMgr:1044 - genDependencies : Invalid condition id : Cortex-A Device cause : null
2025-04-25 10:04:56,034 [WARN] PackLoader:240 - Cannot read IP mode file for STMicroelectronics.X-CUBE-EEPRMA1.5.1.0
2025-04-25 10:04:56,064 [WARN] PackLoader:240 - Cannot read IP mode file for wolfSSL.I-CUBE-wolfSSL.5.7.6
2025-04-25 10:04:56,112 [WARN] PackLoader:240 - Cannot read IP mode file for ITTIA_DB.I-CUBE-ITTIADB.8.9.0
2025-04-25 10:04:56,197 [WARN] PackLoader:240 - Cannot read IP mode file for SEGGER.I-CUBE-embOS.1.3.1
2025-04-25 10:04:56,289 [WARN] PackLoader:240 - Cannot read IP mode file for STMicroelectronics.X-CUBE-ALGOBUILD.1.4.0
2025-04-25 10:04:56,345 [WARN] PackLoader:240 - Cannot read IP mode file for STMicroelectronics.X-CUBE-AZRTOS-F4.1.1.0
2025-04-25 10:04:56,706 [WARN] PackLoader:240 - Cannot read IP mode file for Avnet-IotConnect.X-CUBE-IoTC-DA16k-PMOD.1.0.0
2025-04-25 10:04:56,739 [WARN] PackLoader:240 - Cannot read IP mode file for STMicroelectronics.X-CUBE-ISPU.2.1.0
2025-04-25 10:04:56,897 [WARN] PackLoader:240 - Cannot read IP mode file for STMicroelectronics.X-CUBE-AZRTOS-L5.2.0.0
2025-04-25 10:04:56,944 [WARN] PackLoader:240 - Cannot read IP mode file for STMicroelectronics.X-CUBE-NFC6.3.1.0
2025-04-25 10:04:56,986 [WARN] PackLoader:240 - Cannot read IP mode file for STMicroelectronics.X-CUBE-DPower.1.2.0
2025-04-25 10:04:57,017 [WARN] PackLoader:240 - Cannot read IP mode file for STMicroelectronics.X-CUBE-FREERTOS.1.3.0
2025-04-25 10:04:57,045 [WARN] PackLoader:240 - Cannot read IP mode file for STMicroelectronics.X-CUBE-NFC7.1.0.1
2025-04-25 10:04:57,091 [WARN] PackLoader:240 - Cannot read IP mode file for STMicroelectronics.X-CUBE-DPower.1.3.0
2025-04-25 10:04:57,164 [WARN] ConditionMgr:438 - getConditionDescription Invalid condition id : LAN8742 Phy interface Condition cause : null
2025-04-25 10:04:57,166 [WARN] PackLoader:240 - Cannot read IP mode file for STMicroelectronics.X-CUBE-AZRTOS-L4.2.0.0
2025-04-25 10:04:57,187 [WARN] ConditionMgr:1044 - genDependencies : Invalid condition id : LAN8742 Phy interface Condition cause : null
2025-04-25 10:04:57,187 [WARN] ConditionMgr:1044 - genDependencies : Invalid condition id : LAN8742 Phy interface Condition cause : null
2025-04-25 10:04:57,188 [WARN] ConditionMgr:1044 - genDependencies : Invalid condition id : LAN8742 Phy interface Condition cause : null
2025-04-25 10:04:57,219 [WARN] PackLoader:240 - Cannot read IP mode file for STMicroelectronics.X-CUBE-SFXS2LP1.4.0.0
2025-04-25 10:04:57,293 [WARN] PackLoader:240 - Cannot read IP mode file for STMicroelectronics.X-CUBE-AZRTOS-H7.3.3.0
2025-04-25 10:04:57,361 [WARN] ConditionMgr:438 - getConditionDescription Invalid condition id : UX DEVICE CLASS RTOS Condition cause : null
2025-04-25 10:04:57,361 [WARN] ConditionMgr:438 - getConditionDescription Invalid condition id : UX DEVICE CLASS RTOS Condition cause : null
2025-04-25 10:04:57,365 [WARN] PackLoader:240 - Cannot read IP mode file for STMicroelectronics.X-CUBE-AZRTOS-WB.2.0.0
2025-04-25 10:04:57,366 [WARN] ConditionMgr:1044 - genDependencies : Invalid condition id : UX DEVICE CLASS RTOS Condition cause : null
2025-04-25 10:04:57,366 [WARN] ConditionMgr:1044 - genDependencies : Invalid condition id : UX DEVICE CLASS RTOS Condition cause : null
2025-04-25 10:04:57,367 [WARN] ConditionMgr:1044 - genDependencies : Invalid condition id : UX DEVICE CLASS RTOS Condition cause : null
2025-04-25 10:04:57,367 [WARN] ConditionMgr:1044 - genDependencies : Invalid condition id : UX DEVICE CLASS RTOS Condition cause : null
2025-04-25 10:04:57,367 [WARN] ConditionMgr:1044 - genDependencies : Invalid condition id : UX DEVICE CLASS RTOS Condition cause : null
2025-04-25 10:04:57,406 [WARN] PackLoader:240 - Cannot read IP mode file for STMicroelectronics.X-CUBE-GNSS1.7.0.1
2025-04-25 10:04:57,440 [WARN] PackLoader:240 - Cannot read IP mode file for STMicroelectronics.X-CUBE-TOUCHGFX.4.25.0
2025-04-25 10:04:57,483 [WARN] PackLoader:240 - Cannot read IP mode file for STMicroelectronics.FP-SNS-STBOX1.2.0.0
2025-04-25 10:04:57,535 [WARN] PackLoader:240 - Cannot read IP mode file for STMicroelectronics.X-CUBE-SUBG2.5.0.0
2025-04-25 10:04:57,607 [WARN] PackLoader:240 - Cannot read IP mode file for STMicroelectronics.X-CUBE-AZRTOS-H7RS.1.1.0
2025-04-25 10:04:57,632 [WARN] PackLoader:240 - Cannot read IP mode file for Cesanta.I-CUBE-Mongoose.7.13.0
2025-04-25 10:04:57,690 [WARN] PackLoader:240 - Cannot read IP mode file for STMicroelectronics.X-CUBE-AZRTOS-G4.2.0.0
2025-04-25 10:04:57,715 [WARN] PackLoader:240 - Cannot read IP mode file for wolfSSL.I-CUBE-wolfSSH.1.4.20
2025-04-25 10:04:57,755 [WARN] PackLoader:240 - Cannot read IP mode file for STMicroelectronics.X-CUBE-IPS.3.1.0
2025-04-25 10:04:57,784 [WARN] PackLoader:240 - Cannot read IP mode file for STMicroelectronics.X-CUBE-ALS.1.0.2
2025-04-25 10:04:57,809 [WARN] PackLoader:240 - Cannot read IP mode file for STMicroelectronics.X-CUBE-TOUCHGFX.4.24.2
2025-04-25 10:04:57,836 [WARN] PackLoader:240 - Cannot read IP mode file for portGmbH.I-Cube-SoM-uGOAL.1.1.0
2025-04-25 10:04:57,888 [WARN] PackLoader:240 - Cannot read IP mode file for STMicroelectronics.X-CUBE-AZRTOS-H7RS.1.0.0
2025-04-25 10:04:57,925 [WARN] PackLoader:240 - Cannot read IP mode file for STMicroelectronics.X-CUBE-TOF1.3.4.2
2025-04-25 10:04:58,004 [WARN] PackLoader:240 - Cannot read IP mode file for STMicroelectronics.X-CUBE-TOF1.3.4.3
2025-04-25 10:04:58,022 [INFO] ThirdParty:978 - Integrity check success = true
2025-04-25 10:04:58,022 [INFO] IntegrityCheckThread:100 - exiting critical section [integrity check]
2025-04-25 10:04:58,022 [INFO] IntegrityCheckThread:103 - End integrity checks thread
2025-04-25 10:04:58,738 [INFO] WebApp:449 - Apply proxy settings
2025-04-25 10:04:58,739 [INFO] WebApp:534 - Chromium requires no authentication
2025-04-25 10:04:58,765 [INFO] WebApp:477 - Direct internet connection detected
2025-04-25 10:04:58,836 [INFO] WebApp:880 - Register for checkConnection events
2025-04-25 10:04:58,837 [INFO] WebApp:449 - Apply proxy settings
2025-04-25 10:04:58,837 [INFO] WebApp:534 - Chromium requires no authentication
2025-04-25 10:04:58,837 [INFO] WebApp:477 - Direct internet connection detected
2025-04-25 10:04:59,295 [INFO] WebApp:187 - Connection restablished
2025-04-25 10:04:59,360 [INFO] WebApp:221 - Starting web application
2025-04-25 10:04:59,361 [INFO] WebApp:579 - Web application path used C:\ST\STM32CubeIDE_1.17.0\STM32CubeIDE\plugins\com.st.stm32cube.common.mx_6.13.0.202411220809\db\plugins\mcufinder\reactClient1\index.html
2025-04-25 10:05:00,141 [INFO] UserAuth:486 - Internet connection configuration mode: 1
2025-04-25 23:19:31,217 [INFO] WebApp:190 - Connection lost
2025-04-25 23:19:37,117 [INFO] WebApp:187 - Connection restablished
2025-04-25 23:19:39,041 [INFO] WebApp:190 - Connection lost
2025-04-25 23:19:39,158 [INFO] WebApp:187 - Connection restablished
2025-04-25 23:36:31,095 [INFO] WebApp:190 - Connection lost
2025-04-25 23:36:31,236 [INFO] WebApp:187 - Connection restablished
2025-04-25 23:36:34,599 [INFO] WebApp:389 - JxBrowser engine has been closed 
2025-04-25 23:36:38,287 [ERROR] LogOutputStream:75 - [STDERR_REDIRECT] 
