2025-04-23 10:14:26,424 [INFO] WebApp:190 - Connection lost
2025-04-23 10:14:42,679 [INFO] WebApp:187 - Connection restablished
2025-04-23 10:14:42,781 [INFO] WebApp:190 - Connection lost
2025-04-23 10:15:16,044 [INFO] WebApp:187 - Connection restablished
2025-04-23 10:15:16,112 [INFO] WebApp:190 - Connection lost
2025-04-23 10:15:16,560 [INFO] WebApp:187 - Connection restablished
2025-04-23 10:16:29,275 [WARN] IP:2251 - I2C_Coeff_DF not found: check if there is a RefParameter without a condition.
2025-04-23 10:16:29,276 [WARN] IP:2251 - Analog_Filter not found: check if there is a RefParameter without a condition.
2025-04-23 10:16:29,277 [WARN] IP:2251 - I2C_Coeff_DF not found: check if there is a RefParameter without a condition.
2025-04-23 10:16:29,278 [WARN] IP:2251 - Analog_Filter not found: check if there is a RefParameter without a condition.
2025-04-23 10:16:29,434 [WARN] IP:2251 - I2C_Coeff_DF not found: check if there is a RefParameter without a condition.
2025-04-23 10:16:29,434 [WARN] IP:2251 - Analog_Filter not found: check if there is a RefParameter without a condition.
2025-04-23 10:16:55,150 [WARN] IP:2251 - I2C_Coeff_DF not found: check if there is a RefParameter without a condition.
2025-04-23 10:16:55,150 [WARN] IP:2251 - Analog_Filter not found: check if there is a RefParameter without a condition.
2025-04-23 10:17:22,183 [INFO] UtilMem:75 - End SaveConfig() Used Memory: 948584344 Bytes (1073741824)
2025-04-23 10:18:46,749 [INFO] WebApp:190 - Connection lost
2025-04-23 10:18:46,903 [INFO] WebApp:187 - Connection restablished
2025-04-23 10:18:54,235 [INFO] WebApp:190 - Connection lost
2025-04-23 10:18:54,453 [INFO] WebApp:187 - Connection restablished
2025-04-23 10:19:34,800 [INFO] WebApp:190 - Connection lost
2025-04-23 10:19:34,950 [INFO] WebApp:187 - Connection restablished
2025-04-23 10:21:52,464 [WARN] IP:2251 - I2C_Coeff_DF not found: check if there is a RefParameter without a condition.
2025-04-23 10:21:52,465 [WARN] IP:2251 - Analog_Filter not found: check if there is a RefParameter without a condition.
2025-04-23 10:21:53,000 [WARN] IP:2251 - I2C_Coeff_DF not found: check if there is a RefParameter without a condition.
2025-04-23 10:21:53,000 [WARN] IP:2251 - Analog_Filter not found: check if there is a RefParameter without a condition.
2025-04-23 10:21:53,009 [WARN] IP:2251 - I2C_Coeff_DF not found: check if there is a RefParameter without a condition.
2025-04-23 10:21:53,009 [WARN] IP:2251 - Analog_Filter not found: check if there is a RefParameter without a condition.
2025-04-23 10:21:53,374 [WARN] IP:2251 - I2C_Coeff_DF not found: check if there is a RefParameter without a condition.
2025-04-23 10:21:53,374 [WARN] IP:2251 - Analog_Filter not found: check if there is a RefParameter without a condition.
2025-04-23 10:21:53,414 [WARN] IP:2251 - I2C_Coeff_DF not found: check if there is a RefParameter without a condition.
2025-04-23 10:21:53,414 [WARN] IP:2251 - Analog_Filter not found: check if there is a RefParameter without a condition.
2025-04-23 10:21:53,521 [INFO] UtilMem:75 - End SaveConfig() Used Memory: 819656864 Bytes (1073741824)
2025-04-23 10:21:54,142 [INFO] BlockDiagram:2766 - set Specific Code input for plugin: NVIC
2025-04-23 10:21:54,142 [INFO] BlockDiagram:2766 - set Specific Code input for plugin: USART
2025-04-23 10:21:54,142 [INFO] BlockDiagram:2766 - set Specific Code input for plugin: SYS
2025-04-23 10:21:54,143 [INFO] BlockDiagram:2766 - set Specific Code input for plugin: GPIO
2025-04-23 10:21:54,143 [INFO] BlockDiagram:2766 - set Specific Code input for plugin: RCC
2025-04-23 10:21:54,143 [INFO] BlockDiagram:2766 - set Specific Code input for plugin: I2C
2025-04-23 10:21:54,145 [INFO] CodeGenerator:896 - code generatio: config db path: C:\ST\STM32CubeIDE_1.17.0\STM32CubeIDE\plugins\com.st.stm32cube.common.mx_6.13.0.202411220809\\db\
2025-04-23 10:21:54,147 [WARN] IP:2251 - I2C_Coeff_DF not found: check if there is a RefParameter without a condition.
2025-04-23 10:21:54,147 [WARN] IP:2251 - Analog_Filter not found: check if there is a RefParameter without a condition.
2025-04-23 10:21:54,617 [INFO] CodeEngine:255 - oldGeneratedFile, C:\Users\Assar\Documents\GitHub\Exjobb\nucleo\I2C-com\MXTmpFiles\license.tmp_save
2025-04-23 10:21:55,273 [INFO] CodeEngine:279 - Generated code: C:\Users\Assar\Documents\GitHub\Exjobb\nucleo\I2C-com\MXTmpFiles\license.tmp
2025-04-23 10:21:55,398 [INFO] CodeEngine:255 - oldGeneratedFile, C:\Users\Assar\Documents\GitHub\Exjobb\nucleo\I2C-com\MXTmpFiles\gpio.tmp_save
2025-04-23 10:21:55,912 [INFO] CodeEngine:279 - Generated code: C:\Users\Assar\Documents\GitHub\Exjobb\nucleo\I2C-com\MXTmpFiles\gpio.tmp
2025-04-23 10:21:56,337 [INFO] CodeEngine:255 - oldGeneratedFile, C:\Users\Assar\Documents\GitHub\Exjobb\nucleo\I2C-com\Core\Src\stm32f4xx_it.c_save
2025-04-23 10:21:57,188 [INFO] CodeEngine:279 - Generated code: C:\Users\Assar\Documents\GitHub\Exjobb\nucleo\I2C-com\Core\Src\stm32f4xx_it.c
2025-04-23 10:21:57,229 [INFO] CodeEngine:255 - oldGeneratedFile, C:\Users\Assar\Documents\GitHub\Exjobb\nucleo\I2C-com\Core\Inc\stm32f4xx_it.h_save
2025-04-23 10:21:57,565 [INFO] CodeEngine:279 - Generated code: C:\Users\Assar\Documents\GitHub\Exjobb\nucleo\I2C-com\Core\Inc\stm32f4xx_it.h
2025-04-23 10:21:57,656 [INFO] CodeEngine:255 - oldGeneratedFile, C:\Users\Assar\Documents\GitHub\Exjobb\nucleo\I2C-com\Core\Src\stm32f4xx_hal_msp.c_save
2025-04-23 10:21:58,114 [INFO] CodeEngine:279 - Generated code: C:\Users\Assar\Documents\GitHub\Exjobb\nucleo\I2C-com\Core\Src\stm32f4xx_hal_msp.c
2025-04-23 10:21:58,149 [INFO] CodeEngine:255 - oldGeneratedFile, C:\Users\Assar\Documents\GitHub\Exjobb\nucleo\I2C-com\MXTmpFiles\system.tmp_save
2025-04-23 10:21:58,405 [INFO] CodeEngine:279 - Generated code: C:\Users\Assar\Documents\GitHub\Exjobb\nucleo\I2C-com\MXTmpFiles\system.tmp
2025-04-23 10:21:58,473 [INFO] CodeEngine:311 - oldGeneratedFile, C:\Users\Assar\Documents\GitHub\Exjobb\nucleo\I2C-com\Core\Inc\stm32f4xx_hal_conf.h_save
2025-04-23 10:21:58,916 [INFO] CodeEngine:335 - Generated code: C:\Users\Assar\Documents\GitHub\Exjobb\nucleo\I2C-com\Core\Inc\stm32f4xx_hal_conf.h
2025-04-23 10:21:59,125 [INFO] CodeEngine:255 - oldGeneratedFile, C:\Users\Assar\Documents\GitHub\Exjobb\nucleo\I2C-com\Core\Inc\main.h_save
2025-04-23 10:21:59,541 [INFO] CodeEngine:279 - Generated code: C:\Users\Assar\Documents\GitHub\Exjobb\nucleo\I2C-com\Core\Inc\main.h
2025-04-23 10:21:59,595 [INFO] CodeEngine:255 - oldGeneratedFile, C:\Users\Assar\Documents\GitHub\Exjobb\nucleo\I2C-com\Core\Src\main.c_save
2025-04-23 10:22:00,077 [INFO] CodeEngine:279 - Generated code: C:\Users\Assar\Documents\GitHub\Exjobb\nucleo\I2C-com\Core\Src\main.c
2025-04-23 10:22:01,091 [INFO] ProjectBuilder:3289 - Time for Copy HAL[1] : 491mS.
2025-04-23 10:22:01,101 [INFO] ProjectBuilder:4876 - Project Generator version: 4.5.0-RC5
2025-04-23 10:22:01,356 [INFO] ConfigFileManager:1579 - The Die is : DIE431
2025-04-23 10:22:07,778 [INFO] ProjectBuilder:5154 - Time for Generating toolchain IDE Files: 6678mS.
2025-04-23 10:22:07,780 [INFO] ProjectBuilder:3146 - Time for Copy CMSIS : 1mS.
2025-04-23 10:22:07,790 [INFO] ProjectBuilder:3146 - Time for Copy CMSIS : 0mS.
2025-04-23 10:26:26,174 [INFO] MainUpdater:2872 - connection check result : 10
2025-04-23 10:26:26,175 [INFO] MainUpdater:2872 - connection check result : 10
2025-04-23 10:26:26,404 [INFO] MicroXplorer:468 - Change Database Path : 
2025-04-23 10:26:26,404 [INFO] MicroXplorer:498 - Change Database Version : DB.6.0.130
2025-04-23 10:26:26,495 [ERROR] ProjectManagerView:394 - 
java.lang.NullPointerException: Cannot invoke "javax.swing.JTextField.getText()" because the return value of "java.util.List.get(int)" is null
	at com.st.microxplorer.plugins.projectmanager.gui.ProjectChoiceTab$9.caretUpdate(ProjectChoiceTab.java:2616) ~[filemanager.jar:?]
	at javax.swing.text.JTextComponent.fireCaretUpdate(JTextComponent.java:408) ~[?:?]
	at javax.swing.text.JTextComponent$MutableCaretEvent.fire(JTextComponent.java:4484) ~[?:?]
	at javax.swing.text.JTextComponent$MutableCaretEvent.stateChanged(JTextComponent.java:4506) ~[?:?]
	at javax.swing.text.DefaultCaret.fireStateChanged(DefaultCaret.java:857) ~[?:?]
	at javax.swing.text.DefaultCaret.changeCaretPosition(DefaultCaret.java:1343) ~[?:?]
	at javax.swing.text.DefaultCaret.handleSetDot(DefaultCaret.java:1242) ~[?:?]
	at javax.swing.text.DefaultCaret.setDot(DefaultCaret.java:1223) ~[?:?]
	at javax.swing.text.DefaultCaret$Handler.insertUpdate(DefaultCaret.java:1819) ~[?:?]
	at javax.swing.text.AbstractDocument.fireInsertUpdate(AbstractDocument.java:227) ~[?:?]
	at javax.swing.text.AbstractDocument.handleInsertString(AbstractDocument.java:781) ~[?:?]
	at javax.swing.text.AbstractDocument.insertString(AbstractDocument.java:740) ~[?:?]
	at javax.swing.text.PlainDocument.insertString(PlainDocument.java:131) ~[?:?]
	at javax.swing.text.AbstractDocument.replace(AbstractDocument.java:699) ~[?:?]
	at javax.swing.text.JTextComponent.setText(JTextComponent.java:1725) ~[?:?]
	at com.st.microxplorer.plugins.projectmanager.gui.ProjectChoiceTab.createHeapStackFields(ProjectChoiceTab.java:975) ~[filemanager.jar:?]
	at com.st.microxplorer.plugins.projectmanager.gui.ProjectChoiceTab.buildLinkSettingsPanel(ProjectChoiceTab.java:3666) ~[filemanager.jar:?]
	at com.st.microxplorer.plugins.projectmanager.gui.ProjectChoiceTab.defineWindowsFields(ProjectChoiceTab.java:1934) ~[filemanager.jar:?]
	at com.st.microxplorer.plugins.projectmanager.gui.ProjectChoiceTab.updateSettings(ProjectChoiceTab.java:553) ~[filemanager.jar:?]
	at com.st.microxplorer.plugins.projectmanager.gui.ProjectSettingsPanel.UpdateDialog(ProjectSettingsPanel.java:245) ~[filemanager.jar:?]
	at com.st.microxplorer.plugins.projectmanager.ProjectManagerView.propertyChange(ProjectManagerView.java:391) ~[filemanager.jar:?]
	at java.beans.PropertyChangeSupport.fire(PropertyChangeSupport.java:343) ~[?:?]
	at java.beans.PropertyChangeSupport.firePropertyChange(PropertyChangeSupport.java:335) ~[?:?]
	at java.beans.PropertyChangeSupport.firePropertyChange(PropertyChangeSupport.java:268) ~[?:?]
	at com.st.microxplorer.util.MXPropertyChangeSupport.firePropertyChange(MXPropertyChangeSupport.java:54) ~[STM32CubeMX.jar:?]
	at com.st.microxplorer.mxsystem.MxSystem.closeConfig(MxSystem.java:899) ~[STM32CubeMX.jar:?]
	at com.st.microxplorer.maingui.MainPanel.closeConfig(MainPanel.java:789) ~[STM32CubeMX.jar:?]
	at com.st.microxplorer.plugins.filemanager.engine.OpenFileManager.loadConfigurationFile(OpenFileManager.java:265) ~[filemanager.jar:?]
	at com.st.microxplorer.plugins.filemanager.engine.MainFileManager.userLoadConfig(MainFileManager.java:340) ~[filemanager.jar:?]
	at com.st.microxplorer.plugins.filemanager.engine.MainFileManager.userLoadConfig(MainFileManager.java:318) ~[filemanager.jar:?]
	at com.st.microxplorer.plugins.filemanager.FileManagerView.getSpecificTask(FileManagerView.java:246) ~[filemanager.jar:?]
	at com.st.stm32cube.common.mx.editor.CubeMxEditor.getMxTabbedPaneInstance(CubeMxEditor.java:1198) ~[com.st.stm32cube.common.mx_6.13.0.202411220809/:?]
	at com.st.stm32cube.common.mx.editor.CubeMxEditor$12$1.createSwingComponent(CubeMxEditor.java:1068) ~[com.st.stm32cube.common.mx_6.13.0.202411220809/:?]
	at com.st.stm32cube.common.mx.oss.core.awtswtbridge.EmbeddedSwingComposite.doComponentCreation(EmbeddedSwingComposite.java:492) ~[com.st.stm32cube.common.mx.oss_6.13.0.202411220809/:?]
	at com.st.stm32cube.common.mx.oss.core.awtswtbridge.EmbeddedSwingComposite$4.run(EmbeddedSwingComposite.java:291) ~[com.st.stm32cube.common.mx.oss_6.13.0.202411220809/:?]
	at com.st.stm32cube.common.mx.oss.core.awtswtbridge.AwtEnvironment$2.run(AwtEnvironment.java:166) ~[com.st.stm32cube.common.mx.oss_6.13.0.202411220809/:?]
	at java.awt.event.InvocationEvent.dispatch(InvocationEvent.java:318) ~[?:?]
	at java.awt.EventQueue.dispatchEventImpl(EventQueue.java:773) ~[?:?]
	at java.awt.EventQueue$4.run(EventQueue.java:720) ~[?:?]
	at java.awt.EventQueue$4.run(EventQueue.java:714) ~[?:?]
	at java.security.AccessController.doPrivileged(AccessController.java:400) ~[?:?]
	at java.security.ProtectionDomain$JavaSecurityAccessImpl.doIntersectionPrivilege(ProtectionDomain.java:87) ~[?:?]
	at java.awt.EventQueue.dispatchEvent(EventQueue.java:742) ~[?:?]
	at java.awt.EventDispatchThread.pumpOneEventForFilters(EventDispatchThread.java:203) ~[?:?]
	at java.awt.EventDispatchThread.pumpEventsForFilter(EventDispatchThread.java:124) ~[?:?]
	at java.awt.EventDispatchThread.pumpEventsForHierarchy(EventDispatchThread.java:113) ~[?:?]
	at java.awt.EventDispatchThread.pumpEvents(EventDispatchThread.java:109) ~[?:?]
	at java.awt.EventDispatchThread.pumpEvents(EventDispatchThread.java:101) ~[?:?]
	at java.awt.EventDispatchThread.run(EventDispatchThread.java:90) ~[?:?]
2025-04-23 10:26:26,516 [WARN] ThirdParty:871 - waiting for thirdparty lock release [close project]
2025-04-23 10:26:26,516 [INFO] ThirdParty:873 - entering critical section [close project]
2025-04-23 10:26:26,516 [INFO] ThirdParty:883 - exiting critical section [close project]
2025-04-23 10:26:26,522 [INFO] PinOutPanel:1589 - setPackage(No Configuration,No Configuration)
2025-04-23 10:26:26,545 [WARN] IpParametersView:154 - Warning: This peripheral hasn't parameters
2025-04-23 10:26:26,670 [WARN] MainPanel:289 - <html><b><center>Warning: This peripheral has no parameters to be configured<br></b></html>
2025-04-23 10:26:26,685 [ERROR] MainPanel:599 - java.lang.IndexOutOfBoundsException: Index: 0, Tab count: 0
2025-04-23 10:26:26,702 [INFO] UtilMem:75 - Begin LoadConfig() Used Memory: 717004560 Bytes (1073741824)
2025-04-23 10:26:26,704 [INFO] MicroXplorer:468 - Change Database Path : 
2025-04-23 10:26:26,704 [INFO] MicroXplorer:498 - Change Database Version : DB.6.0.130
2025-04-23 10:26:26,704 [INFO] OpenFileManager:332 - Change cursor
2025-04-23 10:26:26,902 [INFO] RulesReader:64 - Compatibility file has been processed (297 Rules)
2025-04-23 10:26:26,933 [INFO] Mcu:2035 - Initializing MCU STM32F411R(C-E)Tx STM32F411RETx STM32F411RET6
2025-04-23 10:26:31,310 [INFO] Context:748 - Trying to add GPIOservice into a context  which must be forbidden
2025-04-23 10:26:32,890 [INFO] RtosManager:555 - Registered RTOS mode: class=CMSIS, group=RTOS, mode=CMSIS_V1, owner=FREERTOS
2025-04-23 10:26:32,892 [INFO] RtosManager:555 - Registered RTOS mode: class=CMSIS, group=RTOS2, mode=CMSIS_V2, owner=FREERTOS
2025-04-23 10:26:32,892 [INFO] RtosManager:555 - Registered RTOS mode: class=RTOS, group=Core, mode=CMSIS_V1, owner=FREERTOS
2025-04-23 10:26:32,892 [INFO] RtosManager:555 - Registered RTOS mode: class=RTOS, group=Core, mode=CMSIS_V2, owner=FREERTOS
2025-04-23 10:26:32,892 [WARN] ModelIntegratedComponent:184 - Missing modes for component STMicroelectronics:FreeRTOS:0.0.1:STMicroelectronics:RTOS:FreeRTOS:Core:::10.2.0:
2025-04-23 10:26:32,903 [WARN] ModelIntegratedComponent:182 - Modes not found for component STMicroelectronics:USB_HOST:1.0.0:STMicroelectronics:USB::USB Host:Audio HS::1.0:USB_HOST_1_0_RESTRICTED_HS
2025-04-23 10:26:32,903 [WARN] ModelIntegratedComponent:188 - Modes not found for component STMicroelectronics:USB_HOST:1.0.0:STMicroelectronics:USB::USB Host:Audio HS::1.0:USB_HOST_1_0_RESTRICTED_HS
2025-04-23 10:26:32,903 [WARN] ModelIntegratedComponent:182 - Modes not found for component STMicroelectronics:USB_HOST:1.0.0:STMicroelectronics:USB::USB Host:CDC HS::1.0:USB_HOST_1_0_RESTRICTED_HS
2025-04-23 10:26:32,903 [WARN] ModelIntegratedComponent:188 - Modes not found for component STMicroelectronics:USB_HOST:1.0.0:STMicroelectronics:USB::USB Host:CDC HS::1.0:USB_HOST_1_0_RESTRICTED_HS
2025-04-23 10:26:32,903 [WARN] ModelIntegratedComponent:182 - Modes not found for component STMicroelectronics:USB_HOST:1.0.0:STMicroelectronics:USB::USB Host:MSC HS::1.0:USB_HOST_1_0_RESTRICTED_HS
2025-04-23 10:26:32,903 [WARN] ModelIntegratedComponent:188 - Modes not found for component STMicroelectronics:USB_HOST:1.0.0:STMicroelectronics:USB::USB Host:MSC HS::1.0:USB_HOST_1_0_RESTRICTED_HS
2025-04-23 10:26:32,903 [WARN] ModelIntegratedComponent:182 - Modes not found for component STMicroelectronics:USB_HOST:1.0.0:STMicroelectronics:USB::USB Host:HID HS::1.0:USB_HOST_1_0_RESTRICTED_HS
2025-04-23 10:26:32,903 [WARN] ModelIntegratedComponent:188 - Modes not found for component STMicroelectronics:USB_HOST:1.0.0:STMicroelectronics:USB::USB Host:HID HS::1.0:USB_HOST_1_0_RESTRICTED_HS
2025-04-23 10:26:32,904 [WARN] ModelIntegratedComponent:182 - Modes not found for component STMicroelectronics:USB_HOST:1.0.0:STMicroelectronics:USB::USB Host:MTP HS::1.0:USB_HOST_1_0_RESTRICTED_HS
2025-04-23 10:26:32,904 [WARN] ModelIntegratedComponent:188 - Modes not found for component STMicroelectronics:USB_HOST:1.0.0:STMicroelectronics:USB::USB Host:MTP HS::1.0:USB_HOST_1_0_RESTRICTED_HS
2025-04-23 10:26:32,944 [WARN] ModelIntegratedComponent:63 - No mode defined for component null
2025-04-23 10:26:32,944 [WARN] ModelIntegratedComponent:63 - No mode defined for component null
2025-04-23 10:26:32,944 [WARN] ModelIntegratedComponent:63 - No mode defined for component null
2025-04-23 10:26:32,944 [WARN] ModelIntegratedComponent:63 - No mode defined for component null
2025-04-23 10:26:32,944 [WARN] ModelIntegratedComponent:63 - No mode defined for component null
2025-04-23 10:26:32,944 [WARN] ModelIntegratedComponent:63 - No mode defined for component null
2025-04-23 10:26:32,945 [WARN] ModelIntegratedComponent:63 - No mode defined for component null
2025-04-23 10:26:32,945 [WARN] ModelIntegratedComponent:63 - No mode defined for component null
2025-04-23 10:26:32,945 [WARN] ModelIntegratedComponent:63 - No mode defined for component null
2025-04-23 10:26:32,945 [WARN] ModelIntegratedComponent:63 - No mode defined for component null
2025-04-23 10:26:32,945 [WARN] ModelIntegratedComponent:63 - No mode defined for component null
2025-04-23 10:26:32,945 [WARN] ModelIntegratedComponent:63 - No mode defined for component null
2025-04-23 10:26:32,945 [WARN] ModelIntegratedComponent:63 - No mode defined for component null
2025-04-23 10:26:32,945 [WARN] ModelIntegratedComponent:63 - No mode defined for component null
2025-04-23 10:26:32,945 [WARN] ModelIntegratedComponent:63 - No mode defined for component null
2025-04-23 10:26:32,945 [WARN] ModelIntegratedComponent:63 - No mode defined for component null
2025-04-23 10:26:32,947 [WARN] ModelIntegratedComponent:63 - No mode defined for component null
2025-04-23 10:26:32,948 [WARN] ModelIntegratedComponent:63 - No mode defined for component null
2025-04-23 10:26:32,948 [WARN] ModelIntegratedComponent:63 - No mode defined for component null
2025-04-23 10:26:32,948 [WARN] ModelIntegratedComponent:63 - No mode defined for component null
2025-04-23 10:26:32,948 [WARN] ModelIntegratedComponent:63 - No mode defined for component null
2025-04-23 10:26:32,948 [WARN] ModelIntegratedComponent:63 - No mode defined for component null
2025-04-23 10:26:32,948 [WARN] ModelIntegratedComponent:63 - No mode defined for component null
2025-04-23 10:26:32,948 [WARN] ModelIntegratedComponent:63 - No mode defined for component null
2025-04-23 10:26:32,948 [WARN] ModelIntegratedComponent:63 - No mode defined for component null
2025-04-23 10:26:32,948 [WARN] ModelIntegratedComponent:63 - No mode defined for component null
2025-04-23 10:26:32,948 [WARN] ModelIntegratedComponent:63 - No mode defined for component null
2025-04-23 10:26:32,949 [WARN] ModelIntegratedComponent:63 - No mode defined for component null
2025-04-23 10:26:32,949 [WARN] ModelIntegratedComponent:63 - No mode defined for component null
2025-04-23 10:26:32,949 [WARN] ModelIntegratedComponent:63 - No mode defined for component null
2025-04-23 10:26:32,949 [WARN] ModelIntegratedComponent:63 - No mode defined for component null
2025-04-23 10:26:32,949 [WARN] ModelIntegratedComponent:63 - No mode defined for component null
2025-04-23 10:26:32,949 [WARN] ModelIntegratedComponent:63 - No mode defined for component null
2025-04-23 10:26:32,950 [WARN] ModelIntegratedComponent:63 - No mode defined for component null
2025-04-23 10:26:32,950 [WARN] ModelIntegratedComponent:63 - No mode defined for component null
2025-04-23 10:26:32,951 [WARN] ModelPack:524 - Component already loaded: STMicroelectronics:HAL Drivers:0.0.0:STMicroelectronics:Device:STMicro_Driver:XSPI:HAL::0.0.1:HAL_XSPI
2025-04-23 10:26:33,269 [WARN] ModelIntegratedComponent:182 - Modes not found for component STMicroelectronics:USB_DEVICE:1.0.0:STMicroelectronics:USB::USB Device:Audio HS::1.0:USB_DEVICE_1_0_RESTRICTED_HS
2025-04-23 10:26:33,269 [WARN] ModelIntegratedComponent:188 - Modes not found for component STMicroelectronics:USB_DEVICE:1.0.0:STMicroelectronics:USB::USB Device:Audio HS::1.0:USB_DEVICE_1_0_RESTRICTED_HS
2025-04-23 10:26:33,269 [WARN] ModelIntegratedComponent:182 - Modes not found for component STMicroelectronics:USB_DEVICE:1.0.0:STMicroelectronics:USB::USB Device:CDC HS::1.0:USB_DEVICE_1_0_RESTRICTED_HS
2025-04-23 10:26:33,269 [WARN] ModelIntegratedComponent:188 - Modes not found for component STMicroelectronics:USB_DEVICE:1.0.0:STMicroelectronics:USB::USB Device:CDC HS::1.0:USB_DEVICE_1_0_RESTRICTED_HS
2025-04-23 10:26:33,269 [WARN] ModelIntegratedComponent:182 - Modes not found for component STMicroelectronics:USB_DEVICE:1.0.0:STMicroelectronics:USB::USB Device:DFU HS::1.0:USB_DEVICE_1_0_RESTRICTED_HS
2025-04-23 10:26:33,269 [WARN] ModelIntegratedComponent:188 - Modes not found for component STMicroelectronics:USB_DEVICE:1.0.0:STMicroelectronics:USB::USB Device:DFU HS::1.0:USB_DEVICE_1_0_RESTRICTED_HS
2025-04-23 10:26:33,269 [WARN] ModelIntegratedComponent:182 - Modes not found for component STMicroelectronics:USB_DEVICE:1.0.0:STMicroelectronics:USB::USB Device:HID HS::1.0:USB_DEVICE_1_0_RESTRICTED_HS
2025-04-23 10:26:33,269 [WARN] ModelIntegratedComponent:188 - Modes not found for component STMicroelectronics:USB_DEVICE:1.0.0:STMicroelectronics:USB::USB Device:HID HS::1.0:USB_DEVICE_1_0_RESTRICTED_HS
2025-04-23 10:26:33,270 [WARN] ModelIntegratedComponent:182 - Modes not found for component STMicroelectronics:USB_DEVICE:1.0.0:STMicroelectronics:USB::USB Device:Custom HID HS::1.0:USB_DEVICE_1_0_RESTRICTED_HS
2025-04-23 10:26:33,270 [WARN] ModelIntegratedComponent:188 - Modes not found for component STMicroelectronics:USB_DEVICE:1.0.0:STMicroelectronics:USB::USB Device:Custom HID HS::1.0:USB_DEVICE_1_0_RESTRICTED_HS
2025-04-23 10:26:33,270 [WARN] ModelIntegratedComponent:182 - Modes not found for component STMicroelectronics:USB_DEVICE:1.0.0:STMicroelectronics:USB::USB Device:MSC HS::1.0:USB_DEVICE_1_0_RESTRICTED_HS
2025-04-23 10:26:33,270 [WARN] ModelIntegratedComponent:188 - Modes not found for component STMicroelectronics:USB_DEVICE:1.0.0:STMicroelectronics:USB::USB Device:MSC HS::1.0:USB_DEVICE_1_0_RESTRICTED_HS
2025-04-23 10:26:33,319 [INFO] ThirdPartyModel:298 - Start build external matchings
2025-04-23 10:26:35,862 [INFO] ThirdPartyModel:316 - End build external matchings
2025-04-23 10:26:35,904 [WARN] IP:2251 - I2C_Coeff_DF not found: check if there is a RefParameter without a condition.
2025-04-23 10:26:35,904 [WARN] IP:2251 - Analog_Filter not found: check if there is a RefParameter without a condition.
2025-04-23 10:26:35,905 [INFO] ImportTextPane:218 - (OptionalMessage_ERROR) IP (RCC) : Parameter (48MHZClocksFreq_Value) has invalid value (84000000)
2025-04-23 10:26:35,906 [INFO] ImportTextPane:218 - (OptionalMessage_ERROR) IP (RCC) : Parameter (FLatency) has Id (AdvancedSettings) currently not set
2025-04-23 10:26:35,907 [INFO] ImportTextPane:218 - (OptionalMessage_ERROR) IP (RCC) : Parameter (RTCHSEDivFreq_Value) has invalid value (4000000)
2025-04-23 10:26:36,975 [INFO] UtilMem:75 - End LoadConfig() Used Memory: 845083928 Bytes (1073741824)
2025-04-23 10:26:37,065 [WARN] ThirdParty:833 - waiting for thirdparty lock release [change project]
2025-04-23 10:26:37,065 [INFO] ThirdParty:835 - entering critical section [change project]
2025-04-23 10:26:37,065 [INFO] ThirdParty:1030 - CMSIS Pack Vendor :STMicroelectronics USBPD 4.1
2025-04-23 10:26:37,067 [INFO] ThirdParty:1030 - CMSIS Pack Vendor :STMicroelectronics X-CUBE-AZRTOS-H7 3.3.0
2025-04-23 10:26:37,068 [INFO] ThirdParty:1030 - CMSIS Pack Vendor :STMicroelectronics X-CUBE-NFC9 1.0.0
2025-04-23 10:26:37,068 [INFO] ThirdParty:1030 - CMSIS Pack Vendor :STMicroelectronics USB_HOST 2.0.0
2025-04-23 10:26:37,068 [INFO] ThirdParty:1030 - CMSIS Pack Vendor :STMicroelectronics FP-SNS-MOTENVWB1 1.4.0
2025-04-23 10:26:37,068 [INFO] ThirdParty:1030 - CMSIS Pack Vendor :STMicroelectronics X-CUBE-AZRTOS-F4 1.1.0
2025-04-23 10:26:37,068 [INFO] ThirdParty:1030 - CMSIS Pack Vendor :STMicroelectronics LIBJPEG 8.0.0
2025-04-23 10:26:37,069 [INFO] ThirdParty:1030 - CMSIS Pack Vendor :STMicroelectronics FP-ATR-ASTRA1 2.0.2
2025-04-23 10:26:37,069 [INFO] ThirdParty:1030 - CMSIS Pack Vendor :STMicroelectronics X-CUBE-BLE1 7.1.0
2025-04-23 10:26:37,069 [INFO] ThirdParty:1030 - CMSIS Pack Vendor :Avnet-IotConnect X-CUBE-IoTC-DA16k-PMOD 1.0.0
2025-04-23 10:26:37,069 [INFO] ThirdParty:1030 - CMSIS Pack Vendor :STMicroelectronics X-CUBE-SMBUS 2.1.0
2025-04-23 10:26:37,069 [INFO] ThirdParty:1030 - CMSIS Pack Vendor :STMicroelectronics X-CUBE-WB05N 1.1.0
2025-04-23 10:26:37,069 [INFO] ThirdParty:1030 - CMSIS Pack Vendor :wolfSSL I-CUBE-wolfMQTT 1.19.2
2025-04-23 10:26:37,069 [INFO] ThirdParty:1030 - CMSIS Pack Vendor :STMicroelectronics USB_DEVICE 3.0.0
2025-04-23 10:26:37,069 [INFO] ThirdParty:1030 - CMSIS Pack Vendor :STMicroelectronics X-CUBE-ISPU 2.1.0
2025-04-23 10:26:37,069 [INFO] ThirdParty:1030 - CMSIS Pack Vendor :STMicroelectronics X-CUBE-AZRTOS-WB 2.0.0
2025-04-23 10:26:37,070 [INFO] ThirdParty:1030 - CMSIS Pack Vendor :STMicroelectronics X-CUBE-GNSS1 7.0.1
2025-04-23 10:26:37,070 [INFO] ThirdParty:1030 - CMSIS Pack Vendor :STMicroelectronics X-CUBE-AZRTOS-F7 1.1.0
2025-04-23 10:26:37,070 [INFO] ThirdParty:1030 - CMSIS Pack Vendor :STMicroelectronics X-CUBE-AZRTOS-L5 2.0.0
2025-04-23 10:26:37,070 [INFO] ThirdParty:1030 - CMSIS Pack Vendor :STMicroelectronics X-CUBE-TOUCHGFX 4.25.0
2025-04-23 10:26:37,070 [INFO] ThirdParty:1030 - CMSIS Pack Vendor :STMicroelectronics USB_DEVICE 2.0.0
2025-04-23 10:26:37,070 [INFO] ThirdParty:1030 - CMSIS Pack Vendor :STMicroelectronics X-CUBE-NFC6 3.1.0
2025-04-23 10:26:37,070 [INFO] ThirdParty:1030 - CMSIS Pack Vendor :STMicroelectronics FP-SNS-STBOX1 2.0.0
2025-04-23 10:26:37,070 [INFO] ThirdParty:1030 - CMSIS Pack Vendor :STMicroelectronics X-CUBE-MEMS1 11.2.0
2025-04-23 10:26:37,070 [INFO] ThirdParty:1030 - CMSIS Pack Vendor :STMicroelectronics FreeRTOS 0.0.1
2025-04-23 10:26:37,070 [INFO] ThirdParty:1030 - CMSIS Pack Vendor :STMicroelectronics X-CUBE-AZRTOS-G0 1.1.0
2025-04-23 10:26:37,070 [INFO] ThirdParty:1030 - CMSIS Pack Vendor :STMicroelectronics X-CUBE-SAFEA1 1.2.2
2025-04-23 10:26:37,070 [INFO] ThirdParty:1030 - CMSIS Pack Vendor :STMicroelectronics X-CUBE-NFC4 3.0.0
2025-04-23 10:26:37,071 [INFO] ThirdParty:1030 - CMSIS Pack Vendor :STMicroelectronics X-CUBE-DPower 1.2.0
2025-04-23 10:26:37,071 [INFO] ThirdParty:1030 - CMSIS Pack Vendor :STMicroelectronics X-CUBE-SUBG2 5.0.0
2025-04-23 10:26:37,071 [INFO] ThirdParty:1030 - CMSIS Pack Vendor :STMicroelectronics X-CUBE-AZRTOS-H7RS 1.1.0
2025-04-23 10:26:37,071 [INFO] ThirdParty:1030 - CMSIS Pack Vendor :STMicroelectronics STM32_WPAN 1.0.0
2025-04-23 10:26:37,071 [INFO] ThirdParty:1030 - CMSIS Pack Vendor :EmbeddedOffice I-CUBE-FS-RTOS 1.0.1
2025-04-23 10:26:37,071 [INFO] ThirdParty:1030 - CMSIS Pack Vendor :STMicroelectronics lwIP 2.0.3
2025-04-23 10:26:37,071 [INFO] ThirdParty:1030 - CMSIS Pack Vendor :STMicroelectronics FP-SNS-FLIGHT1 5.0.2
2025-04-23 10:26:37,071 [INFO] ThirdParty:1030 - CMSIS Pack Vendor :Cesanta I-CUBE-Mongoose 7.13.0
2025-04-23 10:26:37,071 [INFO] ThirdParty:1030 - CMSIS Pack Vendor :STMicroelectronics USB_HOST 1.0.0
2025-04-23 10:26:37,071 [INFO] ThirdParty:1030 - CMSIS Pack Vendor :Infineon AIROC-Wi-Fi-Bluetooth-STM32 1.7.0
2025-04-23 10:26:37,071 [INFO] ThirdParty:1030 - CMSIS Pack Vendor :STMicroelectronics X-CUBE-AZRTOS-G4 2.0.0
2025-04-23 10:26:37,071 [INFO] ThirdParty:1030 - CMSIS Pack Vendor :STMicroelectronics X-CUBE-WB05N 2.0.0
2025-04-23 10:26:37,071 [INFO] ThirdParty:1030 - CMSIS Pack Vendor :STMicroelectronics PDM2PCM 3.1.0
2025-04-23 10:26:37,071 [INFO] ThirdParty:1030 - CMSIS Pack Vendor :STMicroelectronics PDM2PCM 3.3.0
2025-04-23 10:26:37,071 [INFO] ThirdParty:1030 - CMSIS Pack Vendor :wolfSSL I-CUBE-wolfTPM 3.8.0
2025-04-23 10:26:37,072 [INFO] ThirdParty:1030 - CMSIS Pack Vendor :STMicroelectronics X-CUBE-DISPLAY 3.0.0
2025-04-23 10:26:37,072 [INFO] ThirdParty:1030 - CMSIS Pack Vendor :wolfSSL I-CUBE-wolfSSH 1.4.20
2025-04-23 10:26:37,072 [INFO] ThirdParty:1030 - CMSIS Pack Vendor :STMicroelectronics X-CUBE-TCPP 4.2.0
2025-04-23 10:26:37,072 [INFO] ThirdParty:1030 - CMSIS Pack Vendor :RealThread X-CUBE-RT-Thread_Nano 4.1.1
2025-04-23 10:26:37,072 [INFO] ThirdParty:1030 - CMSIS Pack Vendor :STMicroelectronics X-CUBE-BLE1 7.0.0
2025-04-23 10:26:37,072 [INFO] ThirdParty:1030 - CMSIS Pack Vendor :STMicroelectronics FP-ATR-SIGFOX1 3.2.0
2025-04-23 10:26:37,072 [INFO] ThirdParty:1030 - CMSIS Pack Vendor :STMicroelectronics X-CUBE-NFC10 1.0.0
2025-04-23 10:26:37,072 [INFO] ThirdParty:1030 - CMSIS Pack Vendor :quantropi X-CUBE-qispace-sdk-base 1.9.3
2025-04-23 10:26:37,072 [INFO] ThirdParty:1030 - CMSIS Pack Vendor :STMicroelectronics X-CUBE-BLEMGR 4.0.0
2025-04-23 10:26:37,072 [INFO] ThirdParty:1030 - CMSIS Pack Vendor :STMicroelectronics X-CUBE-EEPRMA1 5.1.0
2025-04-23 10:26:37,072 [INFO] ThirdParty:1030 - CMSIS Pack Vendor :STMicroelectronics HAL Drivers 0.0.0
2025-04-23 10:26:37,072 [INFO] ThirdParty:1030 - CMSIS Pack Vendor :STMicroelectronics MBEDTLS 2.16.2
2025-04-23 10:26:37,073 [INFO] ThirdParty:1030 - CMSIS Pack Vendor :STMicroelectronics X-CUBE-IPS 3.1.0
2025-04-23 10:26:37,073 [INFO] ThirdParty:1030 - CMSIS Pack Vendor :STMicroelectronics X-CUBE-ALS 1.0.2
2025-04-23 10:26:37,073 [INFO] ThirdParty:1030 - CMSIS Pack Vendor :emotas I-CUBE-CANOPEN 1.3.0
2025-04-23 10:26:37,073 [INFO] ThirdParty:1030 - CMSIS Pack Vendor :STMicroelectronics X-CUBE-FREERTOS 1.3.0
2025-04-23 10:26:37,073 [INFO] ThirdParty:1030 - CMSIS Pack Vendor :STMicroelectronics X-CUBE-NFC7 1.0.1
2025-04-23 10:26:37,073 [INFO] ThirdParty:1030 - CMSIS Pack Vendor :STMicroelectronics MBEDTLS 2.14.1
2025-04-23 10:26:37,073 [INFO] ThirdParty:1030 - CMSIS Pack Vendor :wolfSSL I-CUBE-wolfSSL 5.7.6
2025-04-23 10:26:37,073 [INFO] ThirdParty:1030 - CMSIS Pack Vendor :ITTIA_DB I-CUBE-ITTIADB 8.9.0
2025-04-23 10:26:37,073 [INFO] ThirdParty:1030 - CMSIS Pack Vendor :STMicroelectronics X-CUBE-TOUCHGFX 4.24.2
2025-04-23 10:26:37,073 [INFO] ThirdParty:1030 - CMSIS Pack Vendor :portGmbH I-Cube-SoM-uGOAL 1.1.0
2025-04-23 10:26:37,073 [INFO] ThirdParty:1030 - CMSIS Pack Vendor :STMicroelectronics X-CUBE-AI 10.0.0
2025-04-23 10:26:37,073 [INFO] ThirdParty:1030 - CMSIS Pack Vendor :STMicroelectronics ThreadX 1.0.0
2025-04-23 10:26:37,073 [INFO] ThirdParty:1030 - CMSIS Pack Vendor :STMicroelectronics FP-SNS-SMARTAG2 1.2.0
2025-04-23 10:26:37,073 [INFO] ThirdParty:1030 - CMSIS Pack Vendor :STMicroelectronics FP-SNS-FLIGHT1 5.1.0
2025-04-23 10:26:37,074 [INFO] ThirdParty:1030 - CMSIS Pack Vendor :STMicroelectronics X-CUBE-MEMS1 11.1.0
2025-04-23 10:26:37,074 [INFO] ThirdParty:1030 - CMSIS Pack Vendor :STMicroelectronics X-CUBE-AZRTOS-WL 2.0.0
2025-04-23 10:26:37,074 [INFO] ThirdParty:1030 - CMSIS Pack Vendor :SEGGER I-CUBE-embOS 1.3.1
2025-04-23 10:26:37,074 [INFO] ThirdParty:1030 - CMSIS Pack Vendor :STMicroelectronics X-CUBE-ALGOBUILD 1.4.0
2025-04-23 10:26:37,074 [INFO] ThirdParty:1030 - CMSIS Pack Vendor :STMicroelectronics X-CUBE-DPower 1.3.0
2025-04-23 10:26:37,074 [INFO] ThirdParty:1030 - CMSIS Pack Vendor :STMicroelectronics FP-SNS-MOTENV1 5.0.0
2025-04-23 10:26:37,074 [INFO] ThirdParty:1030 - CMSIS Pack Vendor :STMicroelectronics USB_DEVICE 1.0.0
2025-04-23 10:26:37,074 [INFO] ThirdParty:1030 - CMSIS Pack Vendor :STMicroelectronics X-CUBE-AZRTOS-H7RS 1.0.0
2025-04-23 10:26:37,074 [INFO] ThirdParty:1030 - CMSIS Pack Vendor :STMicroelectronics X-CUBE-AZRTOS-L4 2.0.0
2025-04-23 10:26:37,074 [INFO] ThirdParty:1030 - CMSIS Pack Vendor :STMicroelectronics ThreadX 0.0.2
2025-04-23 10:26:37,074 [INFO] ThirdParty:1030 - CMSIS Pack Vendor :WES I-CUBE-Cesium 1.3.0
2025-04-23 10:26:37,074 [INFO] ThirdParty:1030 - CMSIS Pack Vendor :STMicroelectronics lwIP 2.1.2
2025-04-23 10:26:37,074 [INFO] ThirdParty:1030 - CMSIS Pack Vendor :STMicroelectronics X-CUBE-SFXS2LP1 4.0.0
2025-04-23 10:26:37,074 [INFO] ThirdParty:1030 - CMSIS Pack Vendor :STMicroelectronics X-CUBE-BLE2 3.3.0
2025-04-23 10:26:37,074 [INFO] ThirdParty:1030 - CMSIS Pack Vendor :STMicroelectronics X-CUBE-TOF1 3.4.2
2025-04-23 10:26:37,074 [INFO] ThirdParty:1030 - CMSIS Pack Vendor :STMicroelectronics X-CUBE-TOF1 3.4.3
2025-04-23 10:26:37,075 [INFO] ThirdParty:1030 - CMSIS Pack Vendor :STMicroelectronics PDM2PCM 3.2.0
2025-04-23 10:26:37,075 [INFO] ThirdParty:841 - exiting critical section [change project]
2025-04-23 10:26:37,923 [INFO] PinOutPanel:1589 - setPackage(No Configuration,No Configuration)
2025-04-23 10:26:37,926 [INFO] PinOutPanel:1589 - setPackage(STM32F411RETx,LQFP64)
2025-04-23 10:26:38,851 [INFO] UtilMem:75 - Before build in PCC Used Memory: 992576552 Bytes (1073741824)
2025-04-23 10:26:39,837 [INFO] UtilMem:75 - After build in PCC Used Memory: 773005896 Bytes (1073741824)
2025-04-23 10:26:39,897 [INFO] IPUIPlugin:80 - create IPUIPlugin
2025-04-23 10:26:39,897 [INFO] IPUIPlugin:80 - create IPUIPlugin
2025-04-23 10:26:39,898 [INFO] IPUIPlugin:80 - create IPUIPlugin
2025-04-23 10:26:39,898 [INFO] IPUIPlugin:80 - create IPUIPlugin
2025-04-23 10:26:39,898 [INFO] IPUIPlugin:80 - create IPUIPlugin
2025-04-23 10:26:39,898 [INFO] IPUIPlugin:80 - create IPUIPlugin
2025-04-23 10:26:39,899 [INFO] IPUIPlugin:80 - create IPUIPlugin
2025-04-23 10:26:39,899 [INFO] IPUIPlugin:80 - create IPUIPlugin
2025-04-23 10:26:39,900 [INFO] IPUIPlugin:80 - create IPUIPlugin
2025-04-23 10:26:39,901 [INFO] IPUIPlugin:80 - create IPUIPlugin
2025-04-23 10:26:39,901 [INFO] IPUIPlugin:80 - create IPUIPlugin
2025-04-23 10:26:39,901 [INFO] IPUIPlugin:80 - create IPUIPlugin
2025-04-23 10:26:39,901 [INFO] IPUIPlugin:80 - create IPUIPlugin
2025-04-23 10:26:39,902 [INFO] IPUIPlugin:80 - create IPUIPlugin
2025-04-23 10:26:39,902 [INFO] IPUIPlugin:80 - create IPUIPlugin
2025-04-23 10:26:39,903 [INFO] IPUIPlugin:80 - create IPUIPlugin
2025-04-23 10:26:39,903 [INFO] IPUIPlugin:80 - create IPUIPlugin
2025-04-23 10:26:39,903 [INFO] IPUIPlugin:80 - create IPUIPlugin
2025-04-23 10:26:39,904 [INFO] IPUIPlugin:80 - create IPUIPlugin
2025-04-23 10:26:39,904 [INFO] IPUIPlugin:80 - create IPUIPlugin
2025-04-23 10:26:39,905 [INFO] IPUIPlugin:80 - create IPUIPlugin
2025-04-23 10:26:39,905 [INFO] IPUIPlugin:80 - create IPUIPlugin
2025-04-23 10:26:39,906 [INFO] IPUIPlugin:80 - create IPUIPlugin
2025-04-23 10:26:39,906 [INFO] IPUIPlugin:80 - create IPUIPlugin
2025-04-23 10:26:39,906 [INFO] IPUIPlugin:80 - create IPUIPlugin
2025-04-23 10:26:39,907 [INFO] IPUIPlugin:80 - create IPUIPlugin
2025-04-23 10:26:39,907 [INFO] IPUIPlugin:80 - create IPUIPlugin
2025-04-23 10:26:39,908 [INFO] IPUIPlugin:80 - create IPUIPlugin
2025-04-23 10:26:39,908 [INFO] IPUIPlugin:80 - create IPUIPlugin
2025-04-23 10:26:39,909 [INFO] IPUIPlugin:80 - create IPUIPlugin
2025-04-23 10:26:39,909 [INFO] IPUIPlugin:80 - create IPUIPlugin
2025-04-23 10:26:39,910 [INFO] IPUIPlugin:80 - create IPUIPlugin
2025-04-23 10:26:39,910 [INFO] IPUIPlugin:80 - create IPUIPlugin
2025-04-23 10:26:39,911 [INFO] IPUIPlugin:80 - create IPUIPlugin
2025-04-23 10:26:39,911 [INFO] IPUIPlugin:80 - create IPUIPlugin
2025-04-23 10:26:39,912 [INFO] IPUIPlugin:80 - create IPUIPlugin
2025-04-23 10:26:39,913 [INFO] IPUIPlugin:80 - create IPUIPlugin
2025-04-23 10:26:39,913 [INFO] IPUIPlugin:80 - create IPUIPlugin
2025-04-23 10:26:39,914 [INFO] IPUIPlugin:80 - create IPUIPlugin
2025-04-23 10:26:39,915 [INFO] IPUIPlugin:80 - create IPUIPlugin
2025-04-23 10:26:39,917 [INFO] IPUIPlugin:80 - create IPUIPlugin
2025-04-23 10:26:39,918 [INFO] IPUIPlugin:80 - create IPUIPlugin
2025-04-23 10:26:39,920 [INFO] IPUIPlugin:80 - create IPUIPlugin
2025-04-23 10:26:39,961 [INFO] ApiDbMcu:508 - Load IP Config File for PDM2PCM
2025-04-23 10:26:39,963 [WARN] IP:2251 - I2C_Coeff_DF not found: check if there is a RefParameter without a condition.
2025-04-23 10:26:39,963 [WARN] IP:2251 - Analog_Filter not found: check if there is a RefParameter without a condition.
2025-04-23 10:26:40,087 [INFO] CADModel:165 - CPN selected for project levelSTM32F411RET6
2025-04-23 10:26:40,087 [INFO] CADModel:114 - Register for checkConnection events
2025-04-23 10:26:40,163 [INFO] OpenFileManager:363 - Restore cursor
2025-04-23 10:26:40,269 [WARN] IP:2251 - I2C_Coeff_DF not found: check if there is a RefParameter without a condition.
2025-04-23 10:26:40,269 [WARN] IP:2251 - Analog_Filter not found: check if there is a RefParameter without a condition.
2025-04-23 10:26:40,270 [WARN] IP:2251 - I2C_Coeff_DF not found: check if there is a RefParameter without a condition.
2025-04-23 10:26:40,270 [WARN] IP:2251 - Analog_Filter not found: check if there is a RefParameter without a condition.
2025-04-23 10:27:56,940 [WARN] IP:2251 - I2C_Coeff_DF not found: check if there is a RefParameter without a condition.
2025-04-23 10:27:56,940 [WARN] IP:2251 - Analog_Filter not found: check if there is a RefParameter without a condition.
2025-04-23 10:28:19,047 [WARN] IP:2251 - I2C_Coeff_DF not found: check if there is a RefParameter without a condition.
2025-04-23 10:28:19,047 [WARN] IP:2251 - Analog_Filter not found: check if there is a RefParameter without a condition.
2025-04-23 10:28:19,048 [WARN] IP:2251 - I2C_Coeff_DF not found: check if there is a RefParameter without a condition.
2025-04-23 10:28:19,048 [WARN] IP:2251 - Analog_Filter not found: check if there is a RefParameter without a condition.
2025-04-23 10:28:19,142 [INFO] NvicIntPanel:101 - NVIC parent = com.st.microxplorer.plugins.ip.nvic.MultiNvicIntPanel[,0,0,0x0,invalid,layout=javax.swing.BoxLayout,alignmentX=0.0,alignmentY=0.0,border=,flags=9,maximumSize=,minimumSize=,preferredSize=]
2025-04-23 10:28:19,243 [WARN] IP:2251 - I2C_Coeff_DF not found: check if there is a RefParameter without a condition.
2025-04-23 10:28:19,243 [WARN] IP:2251 - Analog_Filter not found: check if there is a RefParameter without a condition.
2025-04-23 10:28:19,274 [WARN] IP:2251 - I2C_Coeff_DF not found: check if there is a RefParameter without a condition.
2025-04-23 10:28:19,275 [WARN] IP:2251 - Analog_Filter not found: check if there is a RefParameter without a condition.
2025-04-23 10:29:51,658 [INFO] UtilMem:75 - End SaveConfig() Used Memory: 864853128 Bytes (1073741824)
2025-04-23 10:29:56,223 [INFO] UtilMem:75 - End SaveConfig() Used Memory: 934059144 Bytes (1073741824)
2025-04-23 10:29:56,745 [INFO] BlockDiagram:2766 - set Specific Code input for plugin: NVIC
2025-04-23 10:29:56,745 [INFO] BlockDiagram:2766 - set Specific Code input for plugin: USART
2025-04-23 10:29:56,745 [INFO] BlockDiagram:2766 - set Specific Code input for plugin: SYS
2025-04-23 10:29:56,745 [INFO] BlockDiagram:2766 - set Specific Code input for plugin: GPIO
2025-04-23 10:29:56,746 [INFO] BlockDiagram:2766 - set Specific Code input for plugin: RCC
2025-04-23 10:29:56,746 [INFO] BlockDiagram:2766 - set Specific Code input for plugin: I2C
2025-04-23 10:29:56,747 [INFO] CodeGenerator:896 - code generatio: config db path: C:\ST\STM32CubeIDE_1.17.0\STM32CubeIDE\plugins\com.st.stm32cube.common.mx_6.13.0.202411220809\\db\
2025-04-23 10:29:56,749 [WARN] IP:2251 - I2C_Coeff_DF not found: check if there is a RefParameter without a condition.
2025-04-23 10:29:56,749 [WARN] IP:2251 - Analog_Filter not found: check if there is a RefParameter without a condition.
2025-04-23 10:29:57,051 [INFO] CodeEngine:255 - oldGeneratedFile, C:\Users\Assar\Documents\GitHub\Exjobb\nucleo\I2C-com\MXTmpFiles\license.tmp_save
2025-04-23 10:29:57,623 [INFO] CodeEngine:279 - Generated code: C:\Users\Assar\Documents\GitHub\Exjobb\nucleo\I2C-com\MXTmpFiles\license.tmp
2025-04-23 10:29:57,729 [INFO] CodeEngine:255 - oldGeneratedFile, C:\Users\Assar\Documents\GitHub\Exjobb\nucleo\I2C-com\MXTmpFiles\gpio.tmp_save
2025-04-23 10:29:58,128 [INFO] CodeEngine:279 - Generated code: C:\Users\Assar\Documents\GitHub\Exjobb\nucleo\I2C-com\MXTmpFiles\gpio.tmp
2025-04-23 10:29:58,348 [INFO] CodeEngine:255 - oldGeneratedFile, C:\Users\Assar\Documents\GitHub\Exjobb\nucleo\I2C-com\Core\Src\stm32f4xx_it.c_save
2025-04-23 10:29:58,651 [INFO] CodeEngine:279 - Generated code: C:\Users\Assar\Documents\GitHub\Exjobb\nucleo\I2C-com\Core\Src\stm32f4xx_it.c
2025-04-23 10:29:58,666 [INFO] CodeEngine:255 - oldGeneratedFile, C:\Users\Assar\Documents\GitHub\Exjobb\nucleo\I2C-com\Core\Inc\stm32f4xx_it.h_save
2025-04-23 10:29:58,828 [INFO] CodeEngine:279 - Generated code: C:\Users\Assar\Documents\GitHub\Exjobb\nucleo\I2C-com\Core\Inc\stm32f4xx_it.h
2025-04-23 10:29:58,915 [INFO] CodeEngine:255 - oldGeneratedFile, C:\Users\Assar\Documents\GitHub\Exjobb\nucleo\I2C-com\Core\Src\stm32f4xx_hal_msp.c_save
2025-04-23 10:29:59,217 [INFO] CodeEngine:279 - Generated code: C:\Users\Assar\Documents\GitHub\Exjobb\nucleo\I2C-com\Core\Src\stm32f4xx_hal_msp.c
2025-04-23 10:29:59,226 [INFO] CodeEngine:255 - oldGeneratedFile, C:\Users\Assar\Documents\GitHub\Exjobb\nucleo\I2C-com\MXTmpFiles\system.tmp_save
2025-04-23 10:29:59,427 [INFO] CodeEngine:279 - Generated code: C:\Users\Assar\Documents\GitHub\Exjobb\nucleo\I2C-com\MXTmpFiles\system.tmp
2025-04-23 10:29:59,471 [INFO] CodeEngine:311 - oldGeneratedFile, C:\Users\Assar\Documents\GitHub\Exjobb\nucleo\I2C-com\Core\Inc\stm32f4xx_hal_conf.h_save
2025-04-23 10:29:59,678 [INFO] CodeEngine:335 - Generated code: C:\Users\Assar\Documents\GitHub\Exjobb\nucleo\I2C-com\Core\Inc\stm32f4xx_hal_conf.h
2025-04-23 10:29:59,751 [INFO] ApiDbMcu:508 - Load IP Config File for I2C1
2025-04-23 10:29:59,758 [INFO] ApiDbMcu:508 - Load IP Config File for USART2
2025-04-23 10:29:59,765 [INFO] ApiDbMcu:508 - Load IP Config File for RCC
2025-04-23 10:29:59,805 [INFO] CodeEngine:255 - oldGeneratedFile, C:\Users\Assar\Documents\GitHub\Exjobb\nucleo\I2C-com\Core\Inc\main.h_save
2025-04-23 10:30:00,073 [INFO] CodeEngine:279 - Generated code: C:\Users\Assar\Documents\GitHub\Exjobb\nucleo\I2C-com\Core\Inc\main.h
2025-04-23 10:30:00,101 [INFO] CodeEngine:255 - oldGeneratedFile, C:\Users\Assar\Documents\GitHub\Exjobb\nucleo\I2C-com\Core\Src\main.c_save
2025-04-23 10:30:00,345 [INFO] CodeEngine:279 - Generated code: C:\Users\Assar\Documents\GitHub\Exjobb\nucleo\I2C-com\Core\Src\main.c
2025-04-23 10:30:01,078 [INFO] ProjectBuilder:3289 - Time for Copy HAL[1] : 336mS.
2025-04-23 10:30:01,087 [INFO] ProjectBuilder:4876 - Project Generator version: 4.5.0-RC5
2025-04-23 10:30:01,254 [INFO] ConfigFileManager:1579 - The Die is : DIE431
2025-04-23 10:30:01,281 [INFO] ApiDbMcu:508 - Load IP Config File for FATFS
2025-04-23 10:30:01,304 [INFO] ApiDbMcu:508 - Load IP Config File for FREERTOS
2025-04-23 10:30:01,328 [INFO] ApiDbMcu:508 - Load IP Config File for LIBJPEG
2025-04-23 10:30:01,361 [INFO] ApiDbMcu:508 - Load IP Config File for MBEDTLS
2025-04-23 10:30:01,400 [INFO] ApiDbMcu:508 - Load IP Config File for USB_DEVICE
2025-04-23 10:30:01,427 [INFO] ApiDbMcu:508 - Load IP Config File for USB_HOST
2025-04-23 10:30:04,712 [INFO] ProjectBuilder:5154 - Time for Generating toolchain IDE Files: 3624mS.
2025-04-23 10:30:04,713 [INFO] ProjectBuilder:3146 - Time for Copy CMSIS : 1mS.
2025-04-23 10:30:04,717 [INFO] ProjectBuilder:3146 - Time for Copy CMSIS : 0mS.
2025-04-23 11:09:12,397 [INFO] WebApp:190 - Connection lost
2025-04-23 11:09:12,601 [INFO] WebApp:187 - Connection restablished
2025-04-23 11:09:31,899 [INFO] WebApp:190 - Connection lost
2025-04-23 11:09:32,078 [INFO] WebApp:187 - Connection restablished
2025-04-23 11:10:16,319 [INFO] WebApp:190 - Connection lost
2025-04-23 11:10:16,491 [INFO] WebApp:187 - Connection restablished
2025-04-23 11:30:31,826 [INFO] WebApp:190 - Connection lost
2025-04-23 11:30:31,970 [INFO] WebApp:187 - Connection restablished
2025-04-23 15:28:12,086 [INFO] WebApp:190 - Connection lost
2025-04-23 15:28:27,042 [INFO] WebApp:187 - Connection restablished
2025-04-23 15:28:53,273 [INFO] WebApp:190 - Connection lost
2025-04-23 15:28:53,421 [INFO] WebApp:187 - Connection restablished
2025-04-23 15:28:53,823 [INFO] WebApp:190 - Connection lost
2025-04-23 15:28:53,970 [INFO] WebApp:187 - Connection restablished
